IP + Date : ::1 - April 15, 2018, 11:05 am
-----------------
Action : Send email
Value : SMTP Error: Could not connect to SMTP host.
Date : 04/15/2018 11:05:19 am
-------------------------------------------------------
IP + Date : ::1 - April 15, 2018, 11:07 am
-----------------
Action : Send email
Value : SMTP connect() failed. https://github.com/PHPMailer/PHPMailer/wiki/Troubleshooting
Date : 04/15/2018 11:07:21 am
-------------------------------------------------------
IP + Date : ::1 - April 15, 2018, 11:08 am
-----------------
Action : Send email
Value : Could not instantiate mail function.
Date : 04/15/2018 11:08:59 am
-------------------------------------------------------
IP + Date : ::1 - April 15, 2018, 11:09 am
-----------------
Action : Send email
Value : SMTP connect() failed. https://github.com/PHPMailer/PHPMailer/wiki/Troubleshooting
Date : 04/15/2018 11:09:53 am
-------------------------------------------------------
IP + Date : ::1 - April 15, 2018, 11:11 am
-----------------
Action : Send email
Value : SMTP connect() failed. https://github.com/PHPMailer/PHPMailer/wiki/Troubleshooting
Date : 04/15/2018 11:11:08 am
-------------------------------------------------------
IP + Date : ::1 - April 15, 2018, 11:11 am
-----------------
Action : Send email
Value : SMTP connect() failed. https://github.com/PHPMailer/PHPMailer/wiki/Troubleshooting
Date : 04/15/2018 11:11:09 am
-------------------------------------------------------
IP + Date : ::1 - April 15, 2018, 11:11 am
-----------------
Action : Send email
Value : SMTP connect() failed. https://github.com/PHPMailer/PHPMailer/wiki/Troubleshooting
Date : 04/15/2018 11:11:10 am
-------------------------------------------------------
IP + Date : ::1 - April 15, 2018, 11:12 am
-----------------
Action : Send email
Value : SMTP connect() failed. https://github.com/PHPMailer/PHPMailer/wiki/Troubleshooting
Date : 04/15/2018 11:12:55 am
-------------------------------------------------------
IP + Date : ::1 - April 15, 2018, 11:13 am
-----------------
Action : Send email
Value : SMTP Error: Could not connect to SMTP host.
Date : 04/15/2018 11:13:19 am
-------------------------------------------------------
IP + Date : ::1 - April 15, 2018, 11:14 am
-----------------
Action : Send email
Value : SMTP connect() failed. https://github.com/PHPMailer/PHPMailer/wiki/Troubleshooting
Date : 04/15/2018 11:14:41 am
-------------------------------------------------------
IP + Date : ::1 - April 15, 2018, 11:16 am
-----------------
Action : Send email
Value : SMTP connect() failed. https://github.com/PHPMailer/PHPMailer/wiki/Troubleshooting
Date : 04/15/2018 11:16:15 am
-------------------------------------------------------
IP + Date : ::1 - April 15, 2018, 11:16 am
-----------------
Action : Send email
Value : SMTP connect() failed. https://github.com/PHPMailer/PHPMailer/wiki/Troubleshooting
Date : 04/15/2018 11:16:16 am
-------------------------------------------------------
IP + Date : ::1 - April 15, 2018, 11:16 am
-----------------
Action : Send email
Value : SMTP connect() failed. https://github.com/PHPMailer/PHPMailer/wiki/Troubleshooting
Date : 04/15/2018 11:16:16 am
-------------------------------------------------------
IP + Date : ::1 - April 15, 2018, 11:18 am
-----------------
Action : Send email
Value : SMTP connect() failed. https://github.com/PHPMailer/PHPMailer/wiki/Troubleshooting
Date : 04/15/2018 11:18:45 am
-------------------------------------------------------
IP + Date : ::1 - April 15, 2018, 11:18 am
-----------------
Action : Send email
Value : SMTP connect() failed. https://github.com/PHPMailer/PHPMailer/wiki/Troubleshooting
Date : 04/15/2018 11:18:46 am
-------------------------------------------------------
IP + Date : ::1 - April 15, 2018, 11:18 am
-----------------
Action : Send email
Value : SMTP connect() failed. https://github.com/PHPMailer/PHPMailer/wiki/Troubleshooting
Date : 04/15/2018 11:18:46 am
-------------------------------------------------------
IP + Date : ::1 - April 15, 2018, 11:18 am
-----------------
Action : Send email
Value : SMTP connect() failed. https://github.com/PHPMailer/PHPMailer/wiki/Troubleshooting
Date : 04/15/2018 11:18:46 am
-------------------------------------------------------
IP + Date : ::1 - April 15, 2018, 11:20 am
-----------------
Action : Send email
Value : SMTP connect() failed. https://github.com/PHPMailer/PHPMailer/wiki/Troubleshooting
Date : 04/15/2018 11:20:57 am
-------------------------------------------------------
IP + Date : ::1 - April 15, 2018, 11:21 am
-----------------
Action : Send email
Value : SMTP connect() failed. https://github.com/PHPMailer/PHPMailer/wiki/Troubleshooting
Date : 04/15/2018 11:21:47 am
-------------------------------------------------------
IP + Date : ::1 - April 15, 2018, 11:21 am
-----------------
Action : Send email
Value : SMTP connect() failed. https://github.com/PHPMailer/PHPMailer/wiki/Troubleshooting
Date : 04/15/2018 11:21:47 am
-------------------------------------------------------
IP + Date : ::1 - April 15, 2018, 11:21 am
-----------------
Action : Send email
Value : SMTP connect() failed. https://github.com/PHPMailer/PHPMailer/wiki/Troubleshooting
Date : 04/15/2018 11:21:47 am
-------------------------------------------------------
IP + Date : ::1 - April 15, 2018, 11:21 am
-----------------
Action : Send email
Value : SMTP connect() failed. https://github.com/PHPMailer/PHPMailer/wiki/Troubleshooting
Date : 04/15/2018 11:21:48 am
-------------------------------------------------------
IP + Date : ::1 - April 15, 2018, 11:28 am
-----------------
Action : Send email
Value : SMTP connect() failed. https://github.com/PHPMailer/PHPMailer/wiki/Troubleshooting
Date : 04/15/2018 11:28:25 am
-------------------------------------------------------
IP + Date : ::1 - April 15, 2018, 11:33 am
-----------------
Action : Send email
Value : SMTP connect() failed. https://github.com/PHPMailer/PHPMailer/wiki/Troubleshooting
Date : 04/15/2018 11:33:11 am
-------------------------------------------------------
IP + Date : ::1 - April 15, 2018, 11:34 am
-----------------
Action : Send email
Value : SMTP connect() failed. https://github.com/PHPMailer/PHPMailer/wiki/Troubleshooting
Date : 04/15/2018 11:34:09 am
-------------------------------------------------------
IP + Date : ::1 - April 15, 2018, 11:49 am
-----------------
Action : Send email
Value : SMTP Error: Could not authenticate.
Date : 04/15/2018 11:49:10 am
-------------------------------------------------------
IP + Date : ::1 - April 15, 2018, 11:59 am
-----------------
Action : Send email
Value : SMTP Error: Could not authenticate.
Date : 04/15/2018 11:59:04 am
-------------------------------------------------------
IP + Date : ::1 - April 15, 2018, 12:19 pm
-----------------
Action : Send email
Value : SMTP Error: Could not authenticate.
Date : 04/15/2018 12:19:32 pm
-------------------------------------------------------
IP + Date : ::1 - April 15, 2018, 12:20 pm
-----------------
Action : Send email
Value : SMTP Error: Could not authenticate.
Date : 04/15/2018 12:20:41 pm
-------------------------------------------------------
IP + Date : ::1 - April 15, 2018, 12:28 pm
-----------------
Action : Send email
Value : SMTP Error: Could not authenticate.
Date : 04/15/2018 12:28:32 pm
-------------------------------------------------------
IP + Date : ::1 - April 15, 2018, 4:28 pm
-----------------
Action : Send email
Value : true
Date : 04/15/2018 04:28:58 pm
-------------------------------------------------------
IP + Date : ::1 - April 15, 2018, 4:29 pm
-----------------
Action : Send email
Value : true
Date : 04/15/2018 04:29:38 pm
-------------------------------------------------------
IP + Date : ::1 - April 15, 2018, 5:59 pm
-----------------
Action : Send email
Value : true
Date : 04/15/2018 05:59:19 pm
-------------------------------------------------------
IP + Date : ::1 - April 15, 2018, 7:34 pm
-----------------
Action : Send email
Value : true
Date : 04/15/2018 07:34:51 pm
-------------------------------------------------------
