IP + Date : ::1 - April 16, 2018, 8:20 am
-----------------
Url : http://localhost:8080/Uteach/installation/index
Action : Attempt access
Value : False
Date : 04/16/2018 08:20:59 am
-------------------------------------------------------
IP + Date : ::1 - April 16, 2018, 8:49 am
-----------------
Url : http://localhost:8080/Uteach/user/delete
Action : Attempt access
Value : Access denied
Date : 04/16/2018 08:49:22 am
-------------------------------------------------------
IP + Date : ::1 - April 16, 2018, 8:50 am
-----------------
Url : http://localhost:8080/Uteach/user/edit
Action : Attempt access
Value : Access denied
Date : 04/16/2018 08:50:43 am
-------------------------------------------------------
IP + Date : ::1 - April 16, 2018, 8:50 am
-----------------
Url : http://localhost:8080/Uteach/index/node_modules/jquery/dist/jquery.min.js
Action : Attempt access
Value : Access denied
Date : 04/16/2018 08:50:44 am
-------------------------------------------------------
IP + Date : ::1 - April 16, 2018, 8:50 am
-----------------
Url : http://localhost:8080/Uteach/index/node_modules/chart.js/dist/Chart.min.js
Action : Attempt access
Value : Access denied
Date : 04/16/2018 08:50:44 am
-------------------------------------------------------
IP + Date : ::1 - April 16, 2018, 8:50 am
-----------------
Url : http://localhost:8080/Uteach/index/public/js/framework.js
Action : Attempt access
Value : Access denied
Date : 04/16/2018 08:50:44 am
-------------------------------------------------------
IP + Date : ::1 - April 16, 2018, 9:59 am
-----------------
Url : http://localhost:8080/Uteach/user/edit
Action : Attempt access
Value : Access denied
Date : 04/16/2018 09:59:11 am
-------------------------------------------------------
IP + Date : ::1 - April 16, 2018, 10:07 am
-----------------
Url : http://localhost:8080/Uteach/user/edit
Action : Attempt access
Value : Access denied
Date : 04/16/2018 10:07:06 am
-------------------------------------------------------
IP + Date : ::1 - April 16, 2018, 10:08 am
-----------------
Url : http://localhost:8080/Uteach/user/delete
Action : Attempt access
Value : Access denied
Date : 04/16/2018 10:08:58 am
-------------------------------------------------------
IP + Date : ::1 - April 16, 2018, 2:15 pm
-----------------
Url : http://localhost:8080/Uteach/user/add
Action : Send email
Value : Invalid address:  (to): 
Date : 04/16/2018 02:15:21 pm
-------------------------------------------------------
IP + Date : ::1 - April 16, 2018, 2:16 pm
-----------------
Url : http://localhost:8080/Uteach/user/add
Action : Send email
Value : Invalid address:  (to): 
Date : 04/16/2018 02:16:05 pm
-------------------------------------------------------
IP + Date : ::1 - April 16, 2018, 2:16 pm
-----------------
Url : http://localhost:8080/Uteach/user/add
Action : Send email
Value : Invalid address:  (to): 
Date : 04/16/2018 02:16:45 pm
-------------------------------------------------------
IP + Date : ::1 - April 16, 2018, 2:17 pm
-----------------
Url : http://localhost:8080/Uteach/user/add
Action : Send email
Value : Invalid address:  (to): 
Date : 04/16/2018 02:17:32 pm
-------------------------------------------------------
IP + Date : ::1 - April 16, 2018, 2:19 pm
-----------------
Url : http://localhost:8080/Uteach/user/add
Action : Send email
Value : Invalid address:  (to): 
Date : 04/16/2018 02:19:37 pm
-------------------------------------------------------
IP + Date : ::1 - April 16, 2018, 2:22 pm
-----------------
Url : http://localhost:8080/Uteach/user/add
Action : Send email
Value : Invalid address:  (to): 
Date : 04/16/2018 02:22:18 pm
-------------------------------------------------------
IP + Date : ::1 - April 16, 2018, 2:31 pm
-----------------
Url : http://localhost:8080/Uteach/user/add
Action : Send email
Value : Invalid address:  (to): 
Date : 04/16/2018 02:31:44 pm
-------------------------------------------------------
IP + Date : ::1 - April 16, 2018, 2:44 pm
-----------------
Url : http://localhost:8080/Uteach/user/add
Action : Send email
Value : SMTP connect() failed. https://github.com/PHPMailer/PHPMailer/wiki/Troubleshooting
Date : 04/16/2018 02:44:20 pm
-------------------------------------------------------
IP + Date : ::1 - April 16, 2018, 2:46 pm
-----------------
Url : http://localhost:8080/Uteach/user/add
Action : Send email
Value : SMTP connect() failed. https://github.com/PHPMailer/PHPMailer/wiki/Troubleshooting
Date : 04/16/2018 02:46:03 pm
-------------------------------------------------------
IP + Date : ::1 - April 16, 2018, 2:46 pm
-----------------
Url : http://localhost:8080/Uteach/user/add
Action : Send email
Value : SMTP connect() failed. https://github.com/PHPMailer/PHPMailer/wiki/Troubleshooting
Date : 04/16/2018 02:46:43 pm
-------------------------------------------------------
IP + Date : ::1 - April 16, 2018, 2:47 pm
-----------------
Url : http://localhost:8080/Uteach/user/add
Action : Send email
Value : SMTP connect() failed. https://github.com/PHPMailer/PHPMailer/wiki/Troubleshooting
Date : 04/16/2018 02:47:18 pm
-------------------------------------------------------
