IP + Date : ::1 - May 11, 2018, 1:24 pm
-----------------
Url : http://localhost/Uteach/ajax/sort?object=trainning&sort=asc&column_name=title&page=1&itemsPerPage=10
Action : Action not found
Value : sortAction
Date : 05/11/2018 01:24:02 pm
-------------------------------------------------------
IP + Date : ::1 - May 11, 2018, 1:25 pm
-----------------
Url : http://localhost/Uteach/ajax/sort?object=trainning&sort=asc&column_name=title&page=1&itemsPerPage=10
Action : Action not found
Value : sortAction
Date : 05/11/2018 01:25:37 pm
-------------------------------------------------------
IP + Date : ::1 - May 11, 2018, 1:27 pm
-----------------
Url : http://localhost/Uteach/ajax/sort?object=trainning&sort=desc&column_name=title&page=1&itemsPerPage=10
Action : Action not found
Value : sortAction
Date : 05/11/2018 01:27:53 pm
-------------------------------------------------------
IP + Date : ::1 - May 11, 2018, 1:27 pm
-----------------
Url : http://localhost/Uteach/ajax/sort?object=trainning&sort=asc&column_name=title&page=1&itemsPerPage=10
Action : Action not found
Value : sortAction
Date : 05/11/2018 01:27:54 pm
-------------------------------------------------------
IP + Date : ::1 - May 11, 2018, 1:27 pm
-----------------
Url : http://localhost/Uteach/ajax/sort?object=trainning&sort=asc&column_name=title&page=1&itemsPerPage=10
Action : Action not found
Value : sortAction
Date : 05/11/2018 01:27:59 pm
-------------------------------------------------------
IP + Date : ::1 - May 11, 2018, 1:28 pm
-----------------
Url : http://localhost/Uteach/ajax/sort?object=trainning&sort=asc&columnName=title&page=1&itemsPerPage=10
Action : Action not found
Value : sortAction
Date : 05/11/2018 01:28:24 pm
-------------------------------------------------------
IP + Date : ::1 - May 11, 2018, 1:28 pm
-----------------
Url : http://localhost/Uteach/ajax/sort?object=trainning&sort=desc&columnName=title&page=1&itemsPerPage=10
Action : Action not found
Value : sortAction
Date : 05/11/2018 01:28:29 pm
-------------------------------------------------------
IP + Date : ::1 - May 11, 2018, 1:28 pm
-----------------
Url : http://localhost/Uteach/ajax/sort?object=trainning&sort=desc&columnName=title&page=1&itemsPerPage=10
Action : Action not found
Value : sortAction
Date : 05/11/2018 01:28:33 pm
-------------------------------------------------------
IP + Date : ::1 - May 11, 2018, 1:30 pm
-----------------
Url : http://localhost/Uteach/ajax/sort?object=trainning&sort=asc&columnName=title&page=1&itemsPerPage=10
Action : Action not found
Value : sortAction
Date : 05/11/2018 01:30:18 pm
-------------------------------------------------------
IP + Date : ::1 - May 11, 2018, 1:30 pm
-----------------
Url : http://localhost/Uteach/ajax/sort?object=trainning&sort=asc&columnName=title&page=1&itemsPerPage=10
Action : Action not found
Value : sortAction
Date : 05/11/2018 01:30:22 pm
-------------------------------------------------------
IP + Date : ::1 - May 11, 2018, 1:31 pm
-----------------
Url : http://localhost/Uteach/ajax/sort?object=trainning&sort=asc&columnName=title&page=1&itemsPerPage=10
Action : Action not found
Value : sortAction
Date : 05/11/2018 01:31:02 pm
-------------------------------------------------------
IP + Date : ::1 - May 11, 2018, 1:31 pm
-----------------
Url : http://localhost/Uteach/ajax/sort?object=trainning&sort=asc&columnName=title&page=1&itemsPerPage=10
Action : Action not found
Value : sortAction
Date : 05/11/2018 01:31:04 pm
-------------------------------------------------------
IP + Date : ::1 - May 11, 2018, 1:50 pm
-----------------
Url : http://localhost/Uteach/ajax/sort?object=trainning&sort=asc&columnName=title&page=1&itemsPerPage=10
Action : Action not found
Value : sortAction in AjaxController
Date : 05/11/2018 01:50:23 pm
-------------------------------------------------------
