IP + Date : ::1 - May 15, 2018, 4:22 pm
-----------------
Url : http://localhost/lab/uteach/chapter/publish
Action : Action not found
Value : publishAction in ChapterController
Date : 05/15/2018 04:22:38 pm
-------------------------------------------------------
IP + Date : ::1 - May 15, 2018, 4:23 pm
-----------------
Url : http://localhost/lab/uteach/chapter/edit
Action : Attempt access
Value : Access denied
Date : 05/15/2018 04:23:00 pm
-------------------------------------------------------
IP + Date : ::1 - May 15, 2018, 4:23 pm
-----------------
Url : http://localhost/lab/uteach/chapter/delete
Action : Attempt access
Value : Access denied
Date : 05/15/2018 04:23:08 pm
-------------------------------------------------------
