IP + Date : ::1 - July 21, 2018, 8:53 pm
-----------------
Url : http://localhost/Uteach/public/img/videos/R%C3%89ACTION%20A%20CHAUD%20DES%20JOUEURS%20!%20LA%20FRANCE%20EN%20FINALE.mp4
Action : Controller not found
Value : 
Date : 07/21/2018 08:53:44 pm
-------------------------------------------------------
IP + Date : ::1 - July 21, 2018, 8:53 pm
-----------------
Url : http://localhost/Uteach/public/img/videos/R%C3%89ACTION%20A%20CHAUD%20DES%20JOUEURS%20!%20LA%20FRANCE%20EN%20FINALE.mp4
Action : Controller not found
Value : 
Date : 07/21/2018 08:53:44 pm
-------------------------------------------------------
IP + Date : ::1 - July 21, 2018, 8:53 pm
-----------------
Url : http://localhost/Uteach/public/img/videos/R%C3%89ACTION%20A%20CHAUD%20DES%20JOUEURS%20!%20LA%20FRANCE%20EN%20FINALE.mp4
Action : Controller not found
Value : 
Date : 07/21/2018 08:53:47 pm
-------------------------------------------------------
IP + Date : ::1 - July 21, 2018, 8:53 pm
-----------------
Url : http://localhost/Uteach/public/img/videos/R%C3%89ACTION%20A%20CHAUD%20DES%20JOUEURS%20!%20LA%20FRANCE%20EN%20FINALE.mp4
Action : Controller not found
Value : 
Date : 07/21/2018 08:53:48 pm
-------------------------------------------------------
IP + Date : ::1 - July 21, 2018, 8:53 pm
-----------------
Url : http://localhost/Uteach/public/img/videos/R%C3%89ACTION%20A%20CHAUD%20DES%20JOUEURS%20!%20LA%20FRANCE%20EN%20FINALE.mp4
Action : Controller not found
Value : 
Date : 07/21/2018 08:53:49 pm
-------------------------------------------------------
IP + Date : ::1 - July 21, 2018, 8:53 pm
-----------------
Url : http://localhost/Uteach/public/img/videos/R%C3%89ACTION%20A%20CHAUD%20DES%20JOUEURS%20!%20LA%20FRANCE%20EN%20FINALE.mp4
Action : Controller not found
Value : 
Date : 07/21/2018 08:53:49 pm
-------------------------------------------------------
IP + Date : ::1 - July 21, 2018, 8:54 pm
-----------------
Url : http://localhost/Uteach/public/img/videos/R%C3%89ACTION%20A%20CHAUD%20DES%20JOUEURS%20!%20LA%20FRANCE%20EN%20FINALE.mp4
Action : Controller not found
Value : 
Date : 07/21/2018 08:54:48 pm
-------------------------------------------------------
IP + Date : ::1 - July 21, 2018, 8:54 pm
-----------------
Url : http://localhost/Uteach/public/img/videos/R%C3%89ACTION%20A%20CHAUD%20DES%20JOUEURS%20!%20LA%20FRANCE%20EN%20FINALE.mp4
Action : Controller not found
Value : 
Date : 07/21/2018 08:54:49 pm
-------------------------------------------------------
IP + Date : ::1 - July 21, 2018, 8:55 pm
-----------------
Url : http://localhost/Uteach/public/img/videos/R%C3%89ACTION%20A%20CHAUD%20DES%20JOUEURS%20!%20LA%20FRANCE%20EN%20FINALE.mp4
Action : Controller not found
Value : 
Date : 07/21/2018 08:55:51 pm
-------------------------------------------------------
IP + Date : ::1 - July 21, 2018, 8:55 pm
-----------------
Url : http://localhost/Uteach/public/img/videos/R%C3%89ACTION%20A%20CHAUD%20DES%20JOUEURS%20!%20LA%20FRANCE%20EN%20FINALE.mp4
Action : Controller not found
Value : 
Date : 07/21/2018 08:55:51 pm
-------------------------------------------------------
IP + Date : ::1 - July 21, 2018, 9:05 pm
-----------------
Url : http://localhost/Uteach/public/img/videos/R%C3%89ACTION%20A%20CHAUD%20DES%20JOUEURS%20!%20LA%20FRANCE%20EN%20FINALE.mp4
Action : Controller not found
Value : 
Date : 07/21/2018 09:05:29 pm
-------------------------------------------------------
IP + Date : ::1 - July 21, 2018, 9:05 pm
-----------------
Url : http://localhost/Uteach/public/img/videos/R%C3%89ACTION%20A%20CHAUD%20DES%20JOUEURS%20!%20LA%20FRANCE%20EN%20FINALE.mp4
Action : Controller not found
Value : 
Date : 07/21/2018 09:05:30 pm
-------------------------------------------------------
IP + Date : ::1 - July 21, 2018, 9:12 pm
-----------------
Url : http://localhost/Uteach/public/img/videos/R%C3%89ACTION%20A%20CHAUD%20DES%20JOUEURS%20!%20LA%20FRANCE%20EN%20FINALE.mp4
Action : Controller not found
Value : 
Date : 07/21/2018 09:12:08 pm
-------------------------------------------------------
IP + Date : ::1 - July 21, 2018, 9:12 pm
-----------------
Url : http://localhost/Uteach/public/img/videos/R%C3%89ACTION%20A%20CHAUD%20DES%20JOUEURS%20!%20LA%20FRANCE%20EN%20FINALE.mp4
Action : Controller not found
Value : 
Date : 07/21/2018 09:12:09 pm
-------------------------------------------------------
IP + Date : ::1 - July 21, 2018, 9:12 pm
-----------------
Url : http://localhost/Uteach/chapter/public/img/chapters/711px-PHP-logo.svg.png
Action : Action not found
Value : publicAction in ChapterController
Date : 07/21/2018 09:12:15 pm
-------------------------------------------------------
IP + Date : ::1 - July 21, 2018, 9:12 pm
-----------------
Url : http://localhost/Uteach/chapter/public/img/chapters/711px-PHP-logo.svg.png
Action : Action not found
Value : publicAction in ChapterController
Date : 07/21/2018 09:12:23 pm
-------------------------------------------------------
IP + Date : ::1 - July 21, 2018, 9:28 pm
-----------------
Url : http://localhost/Uteach/trainning/edit
Action : Attempt access
Value : Access denied
Date : 07/21/2018 09:28:00 pm
-------------------------------------------------------
IP + Date : ::1 - July 21, 2018, 9:29 pm
-----------------
Url : http://localhost/Uteach/trainning/edit
Action : Attempt access
Value : Access denied
Date : 07/21/2018 09:29:07 pm
-------------------------------------------------------
IP + Date : ::1 - July 21, 2018, 9:30 pm
-----------------
Url : http://localhost/Uteach/trainning/edit
Action : Attempt access
Value : Access denied
Date : 07/21/2018 09:30:36 pm
-------------------------------------------------------
IP + Date : ::1 - July 21, 2018, 9:33 pm
-----------------
Url : http://localhost/Uteach/public/img/videos/R%C3%89ACTION%20A%20CHAUD%20DES%20JOUEURS%20!%20LA%20FRANCE%20EN%20FINALE.mp4
Action : Controller not found
Value : 
Date : 07/21/2018 09:33:37 pm
-------------------------------------------------------
IP + Date : ::1 - July 21, 2018, 9:33 pm
-----------------
Url : http://localhost/Uteach/public/img/videos/R%C3%89ACTION%20A%20CHAUD%20DES%20JOUEURS%20!%20LA%20FRANCE%20EN%20FINALE.mp4
Action : Controller not found
Value : 
Date : 07/21/2018 09:33:37 pm
-------------------------------------------------------
IP + Date : ::1 - July 21, 2018, 9:33 pm
-----------------
Url : http://localhost/Uteach/trainning/public/img/trainnings/711px-PHP-logo.svg.png
Action : Action not found
Value : publicAction in TrainningController
Date : 07/21/2018 09:33:40 pm
-------------------------------------------------------
IP + Date : ::1 - July 21, 2018, 9:34 pm
-----------------
Url : http://localhost/Uteach/trainning/public/img/trainnings/711px-PHP-logo.svg.png
Action : Action not found
Value : publicAction in TrainningController
Date : 07/21/2018 09:34:04 pm
-------------------------------------------------------
IP + Date : ::1 - July 21, 2018, 9:34 pm
-----------------
Url : http://localhost/Uteach/trainning/public/img/trainnings/711px-PHP-logo.svg.png
Action : Action not found
Value : publicAction in TrainningController
Date : 07/21/2018 09:34:49 pm
-------------------------------------------------------
IP + Date : ::1 - July 21, 2018, 9:34 pm
-----------------
Url : http://localhost/Uteach/trainning/public/img/trainnings/711px-PHP-logo.svg.png
Action : Action not found
Value : publicAction in TrainningController
Date : 07/21/2018 09:34:55 pm
-------------------------------------------------------
IP + Date : ::1 - July 21, 2018, 9:37 pm
-----------------
Url : http://localhost/Uteach/trainning/public/img/trainnings/711px-PHP-logo.svg.png
Action : Action not found
Value : publicAction in TrainningController
Date : 07/21/2018 09:37:40 pm
-------------------------------------------------------
IP + Date : ::1 - July 21, 2018, 9:39 pm
-----------------
Url : http://localhost/Uteach/public/img/videos/R%C3%89ACTION%20A%20CHAUD%20DES%20JOUEURS%20!%20LA%20FRANCE%20EN%20FINALE.mp4
Action : Controller not found
Value : 
Date : 07/21/2018 09:39:00 pm
-------------------------------------------------------
IP + Date : ::1 - July 21, 2018, 9:39 pm
-----------------
Url : http://localhost/Uteach/public/img/videos/R%C3%89ACTION%20A%20CHAUD%20DES%20JOUEURS%20!%20LA%20FRANCE%20EN%20FINALE.mp4
Action : Controller not found
Value : 
Date : 07/21/2018 09:39:01 pm
-------------------------------------------------------
IP + Date : ::1 - July 21, 2018, 9:39 pm
-----------------
Url : http://localhost/Uteach/trainning/public/img/trainnings/711px-PHP-logo.svg.png
Action : Action not found
Value : publicAction in TrainningController
Date : 07/21/2018 09:39:01 pm
-------------------------------------------------------
IP + Date : ::1 - July 21, 2018, 9:43 pm
-----------------
Url : http://localhost/Uteach/public/img/videos/R%C3%89ACTION%20A%20CHAUD%20DES%20JOUEURS%20!%20LA%20FRANCE%20EN%20FINALE.mp4
Action : Controller not found
Value : 
Date : 07/21/2018 09:43:20 pm
-------------------------------------------------------
IP + Date : ::1 - July 21, 2018, 9:43 pm
-----------------
Url : http://localhost/Uteach/public/img/videos/R%C3%89ACTION%20A%20CHAUD%20DES%20JOUEURS%20!%20LA%20FRANCE%20EN%20FINALE.mp4
Action : Controller not found
Value : 
Date : 07/21/2018 09:43:21 pm
-------------------------------------------------------
IP + Date : ::1 - July 21, 2018, 9:43 pm
-----------------
Url : http://localhost/Uteach/trainning/public/img/trainnings/711px-PHP-logo.svg.png
Action : Action not found
Value : publicAction in TrainningController
Date : 07/21/2018 09:43:21 pm
-------------------------------------------------------
IP + Date : ::1 - July 21, 2018, 9:43 pm
-----------------
Url : http://localhost/Uteach/public/img/videos/R%C3%89ACTION%20A%20CHAUD%20DES%20JOUEURS%20!%20LA%20FRANCE%20EN%20FINALE.mp4
Action : Controller not found
Value : 
Date : 07/21/2018 09:43:28 pm
-------------------------------------------------------
IP + Date : ::1 - July 21, 2018, 9:43 pm
-----------------
Url : http://localhost/Uteach/public/img/videos/R%C3%89ACTION%20A%20CHAUD%20DES%20JOUEURS%20!%20LA%20FRANCE%20EN%20FINALE.mp4
Action : Controller not found
Value : 
Date : 07/21/2018 09:43:28 pm
-------------------------------------------------------
IP + Date : ::1 - July 21, 2018, 9:43 pm
-----------------
Url : http://localhost/Uteach/trainning/public/img/trainnings/711px-PHP-logo.svg.png
Action : Action not found
Value : publicAction in TrainningController
Date : 07/21/2018 09:43:29 pm
-------------------------------------------------------
IP + Date : ::1 - July 21, 2018, 9:47 pm
-----------------
Url : http://localhost/Uteach/trainning/public/img/trainnings/711px-PHP-logo.svg.png
Action : Action not found
Value : publicAction in TrainningController
Date : 07/21/2018 09:47:06 pm
-------------------------------------------------------
IP + Date : ::1 - July 21, 2018, 9:47 pm
-----------------
Url : http://localhost/Uteach/trainning/public/img/trainnings/711px-PHP-logo.svg.png
Action : Action not found
Value : publicAction in TrainningController
Date : 07/21/2018 09:47:09 pm
-------------------------------------------------------
IP + Date : ::1 - July 21, 2018, 9:51 pm
-----------------
Url : http://localhost/Uteach/trainning/public/img/trainnings/711px-PHP-logo.svg.png
Action : Action not found
Value : publicAction in TrainningController
Date : 07/21/2018 09:51:35 pm
-------------------------------------------------------
IP + Date : ::1 - July 21, 2018, 9:51 pm
-----------------
Url : http://localhost/Uteach/chapter/public/img/chapters/711px-PHP-logo.svg.png
Action : Action not found
Value : publicAction in ChapterController
Date : 07/21/2018 09:51:41 pm
-------------------------------------------------------
IP + Date : ::1 - July 21, 2018, 9:54 pm
-----------------
Url : http://localhost/Uteach/public/img/videos/R%C3%89ACTION%20A%20CHAUD%20DES%20JOUEURS%20!%20LA%20FRANCE%20EN%20FINALE.mp4
Action : Controller not found
Value : 
Date : 07/21/2018 09:54:33 pm
-------------------------------------------------------
IP + Date : ::1 - July 21, 2018, 9:54 pm
-----------------
Url : http://localhost/Uteach/public/img/videos/R%C3%89ACTION%20A%20CHAUD%20DES%20JOUEURS%20!%20LA%20FRANCE%20EN%20FINALE.mp4
Action : Controller not found
Value : 
Date : 07/21/2018 09:54:34 pm
-------------------------------------------------------
IP + Date : ::1 - July 21, 2018, 9:57 pm
-----------------
Url : http://localhost/Uteach/trainning/public/img/trainnings/711px-PHP-logo.svg.png
Action : Action not found
Value : publicAction in TrainningController
Date : 07/21/2018 09:57:19 pm
-------------------------------------------------------
IP + Date : ::1 - July 21, 2018, 9:57 pm
-----------------
Url : http://localhost/Uteach/public/img/videos/R%C3%89ACTION%20A%20CHAUD%20DES%20JOUEURS%20!%20LA%20FRANCE%20EN%20FINALE.mp4
Action : Controller not found
Value : 
Date : 07/21/2018 09:57:20 pm
-------------------------------------------------------
IP + Date : ::1 - July 21, 2018, 9:57 pm
-----------------
Url : http://localhost/Uteach/public/img/videos/R%C3%89ACTION%20A%20CHAUD%20DES%20JOUEURS%20!%20LA%20FRANCE%20EN%20FINALE.mp4
Action : Controller not found
Value : 
Date : 07/21/2018 09:57:20 pm
-------------------------------------------------------
IP + Date : ::1 - July 21, 2018, 10:19 pm
-----------------
Url : http://localhost/Uteach/chapter/public/img/chapters/711px-PHP-logo.svg.png
Action : Action not found
Value : publicAction in ChapterController
Date : 07/21/2018 10:19:38 pm
-------------------------------------------------------
IP + Date : ::1 - July 21, 2018, 10:19 pm
-----------------
Url : http://localhost/Uteach/chapter/public/img/chapters/711px-PHP-logo.svg.png
Action : Action not found
Value : publicAction in ChapterController
Date : 07/21/2018 10:19:47 pm
-------------------------------------------------------
IP + Date : ::1 - July 21, 2018, 10:40 pm
-----------------
Url : http://localhost/Uteach/public/img/videos/R%C3%89ACTION%20A%20CHAUD%20DES%20JOUEURS%20!%20LA%20FRANCE%20EN%20FINALE.mp4
Action : Controller not found
Value : 
Date : 07/21/2018 10:40:14 pm
-------------------------------------------------------
IP + Date : ::1 - July 21, 2018, 10:40 pm
-----------------
Url : http://localhost/Uteach/public/img/videos/R%C3%89ACTION%20A%20CHAUD%20DES%20JOUEURS%20!%20LA%20FRANCE%20EN%20FINALE.mp4
Action : Controller not found
Value : 
Date : 07/21/2018 10:40:14 pm
-------------------------------------------------------
IP + Date : ::1 - July 21, 2018, 10:45 pm
-----------------
Url : http://localhost/Uteach/public/img/videos/R%C3%89ACTION%20A%20CHAUD%20DES%20JOUEURS%20!%20LA%20FRANCE%20EN%20FINALE.mp4
Action : Controller not found
Value : 
Date : 07/21/2018 10:45:20 pm
-------------------------------------------------------
IP + Date : ::1 - July 21, 2018, 10:45 pm
-----------------
Url : http://localhost/Uteach/public/img/videos/R%C3%89ACTION%20A%20CHAUD%20DES%20JOUEURS%20!%20LA%20FRANCE%20EN%20FINALE.mp4
Action : Controller not found
Value : 
Date : 07/21/2018 10:45:20 pm
-------------------------------------------------------
IP + Date : ::1 - July 21, 2018, 11:03 pm
-----------------
Url : http://localhost/Uteach/public/img/videos/R%C3%89ACTION%20A%20CHAUD%20DES%20JOUEURS%20!%20LA%20FRANCE%20EN%20FINALE.mp4
Action : Controller not found
Value : 
Date : 07/21/2018 11:03:17 pm
-------------------------------------------------------
IP + Date : ::1 - July 21, 2018, 11:03 pm
-----------------
Url : http://localhost/Uteach/public/img/videos/R%C3%89ACTION%20A%20CHAUD%20DES%20JOUEURS%20!%20LA%20FRANCE%20EN%20FINALE.mp4
Action : Controller not found
Value : 
Date : 07/21/2018 11:03:17 pm
-------------------------------------------------------
IP + Date : ::1 - July 21, 2018, 11:06 pm
-----------------
Url : http://localhost/Uteach/public/img/videos/R%C3%89ACTION%20A%20CHAUD%20DES%20JOUEURS%20!%20LA%20FRANCE%20EN%20FINALE.mp4
Action : Controller not found
Value : 
Date : 07/21/2018 11:06:14 pm
-------------------------------------------------------
IP + Date : ::1 - July 21, 2018, 11:06 pm
-----------------
Url : http://localhost/Uteach/public/img/videos/R%C3%89ACTION%20A%20CHAUD%20DES%20JOUEURS%20!%20LA%20FRANCE%20EN%20FINALE.mp4
Action : Controller not found
Value : 
Date : 07/21/2018 11:06:15 pm
-------------------------------------------------------
IP + Date : ::1 - July 21, 2018, 11:06 pm
-----------------
Url : http://localhost/Uteach/public/img/videos/R%C3%89ACTION%20A%20CHAUD%20DES%20JOUEURS%20!%20LA%20FRANCE%20EN%20FINALE.mp4
Action : Controller not found
Value : 
Date : 07/21/2018 11:06:19 pm
-------------------------------------------------------
IP + Date : ::1 - July 21, 2018, 11:06 pm
-----------------
Url : http://localhost/Uteach/public/img/videos/R%C3%89ACTION%20A%20CHAUD%20DES%20JOUEURS%20!%20LA%20FRANCE%20EN%20FINALE.mp4
Action : Controller not found
Value : 
Date : 07/21/2018 11:06:19 pm
-------------------------------------------------------
IP + Date : ::1 - July 21, 2018, 11:10 pm
-----------------
Url : http://localhost/Uteach/public/img/videos/R%C3%89ACTION%20A%20CHAUD%20DES%20JOUEURS%20!%20LA%20FRANCE%20EN%20FINALE.mp4
Action : Controller not found
Value : 
Date : 07/21/2018 11:10:26 pm
-------------------------------------------------------
IP + Date : ::1 - July 21, 2018, 11:10 pm
-----------------
Url : http://localhost/Uteach/public/img/videos/R%C3%89ACTION%20A%20CHAUD%20DES%20JOUEURS%20!%20LA%20FRANCE%20EN%20FINALE.mp4
Action : Controller not found
Value : 
Date : 07/21/2018 11:10:26 pm
-------------------------------------------------------
IP + Date : ::1 - July 21, 2018, 11:10 pm
-----------------
Url : http://localhost/Uteach/public/img/videos/R%C3%89ACTION%20A%20CHAUD%20DES%20JOUEURS%20!%20LA%20FRANCE%20EN%20FINALE.mp4
Action : Controller not found
Value : 
Date : 07/21/2018 11:10:32 pm
-------------------------------------------------------
IP + Date : ::1 - July 21, 2018, 11:10 pm
-----------------
Url : http://localhost/Uteach/public/img/videos/R%C3%89ACTION%20A%20CHAUD%20DES%20JOUEURS%20!%20LA%20FRANCE%20EN%20FINALE.mp4
Action : Controller not found
Value : 
Date : 07/21/2018 11:10:32 pm
-------------------------------------------------------
IP + Date : ::1 - July 21, 2018, 11:10 pm
-----------------
Url : http://localhost/Uteach/public/img/videos/R%C3%89ACTION%20A%20CHAUD%20DES%20JOUEURS%20!%20LA%20FRANCE%20EN%20FINALE.mp4
Action : Controller not found
Value : 
Date : 07/21/2018 11:10:36 pm
-------------------------------------------------------
IP + Date : ::1 - July 21, 2018, 11:10 pm
-----------------
Url : http://localhost/Uteach/public/img/videos/R%C3%89ACTION%20A%20CHAUD%20DES%20JOUEURS%20!%20LA%20FRANCE%20EN%20FINALE.mp4
Action : Controller not found
Value : 
Date : 07/21/2018 11:10:36 pm
-------------------------------------------------------
IP + Date : ::1 - July 21, 2018, 11:11 pm
-----------------
Url : http://localhost/Uteach/public/img/videos/R%C3%89ACTION%20A%20CHAUD%20DES%20JOUEURS%20!%20LA%20FRANCE%20EN%20FINALE.mp4
Action : Controller not found
Value : 
Date : 07/21/2018 11:11:31 pm
-------------------------------------------------------
IP + Date : ::1 - July 21, 2018, 11:11 pm
-----------------
Url : http://localhost/Uteach/public/img/videos/R%C3%89ACTION%20A%20CHAUD%20DES%20JOUEURS%20!%20LA%20FRANCE%20EN%20FINALE.mp4
Action : Controller not found
Value : 
Date : 07/21/2018 11:11:31 pm
-------------------------------------------------------
IP + Date : ::1 - July 21, 2018, 11:11 pm
-----------------
Url : http://localhost/Uteach/public/img/videos/R%C3%89ACTION%20A%20CHAUD%20DES%20JOUEURS%20!%20LA%20FRANCE%20EN%20FINALE.mp4
Action : Controller not found
Value : 
Date : 07/21/2018 11:11:32 pm
-------------------------------------------------------
IP + Date : ::1 - July 21, 2018, 11:11 pm
-----------------
Url : http://localhost/Uteach/public/img/videos/R%C3%89ACTION%20A%20CHAUD%20DES%20JOUEURS%20!%20LA%20FRANCE%20EN%20FINALE.mp4
Action : Controller not found
Value : 
Date : 07/21/2018 11:11:32 pm
-------------------------------------------------------
IP + Date : ::1 - July 21, 2018, 11:11 pm
-----------------
Url : http://localhost/Uteach/public/img/videos/R%C3%89ACTION%20A%20CHAUD%20DES%20JOUEURS%20!%20LA%20FRANCE%20EN%20FINALE.mp4
Action : Controller not found
Value : 
Date : 07/21/2018 11:11:53 pm
-------------------------------------------------------
IP + Date : ::1 - July 21, 2018, 11:11 pm
-----------------
Url : http://localhost/Uteach/public/img/videos/R%C3%89ACTION%20A%20CHAUD%20DES%20JOUEURS%20!%20LA%20FRANCE%20EN%20FINALE.mp4
Action : Controller not found
Value : 
Date : 07/21/2018 11:11:53 pm
-------------------------------------------------------
IP + Date : ::1 - July 21, 2018, 11:12 pm
-----------------
Url : http://localhost/Uteach/public/img/videos/R%C3%89ACTION%20A%20CHAUD%20DES%20JOUEURS%20!%20LA%20FRANCE%20EN%20FINALE.mp4
Action : Controller not found
Value : 
Date : 07/21/2018 11:12:30 pm
-------------------------------------------------------
IP + Date : ::1 - July 21, 2018, 11:12 pm
-----------------
Url : http://localhost/Uteach/public/img/videos/R%C3%89ACTION%20A%20CHAUD%20DES%20JOUEURS%20!%20LA%20FRANCE%20EN%20FINALE.mp4
Action : Controller not found
Value : 
Date : 07/21/2018 11:12:30 pm
-------------------------------------------------------
IP + Date : ::1 - July 21, 2018, 11:12 pm
-----------------
Url : http://localhost/Uteach/public/img/videos/R%C3%89ACTION%20A%20CHAUD%20DES%20JOUEURS%20!%20LA%20FRANCE%20EN%20FINALE.mp4
Action : Controller not found
Value : 
Date : 07/21/2018 11:12:56 pm
-------------------------------------------------------
IP + Date : ::1 - July 21, 2018, 11:12 pm
-----------------
Url : http://localhost/Uteach/public/img/videos/R%C3%89ACTION%20A%20CHAUD%20DES%20JOUEURS%20!%20LA%20FRANCE%20EN%20FINALE.mp4
Action : Controller not found
Value : 
Date : 07/21/2018 11:12:56 pm
-------------------------------------------------------
