IP + Date : ::1 - July 22, 2018, 10:39 am
-----------------
Url : http://localhost/Uteach/public/img/videos/R%C3%89ACTION%20A%20CHAUD%20DES%20JOUEURS%20!%20LA%20FRANCE%20EN%20FINALE.mp4
Action : Controller not found
Value : 
Date : 07/22/2018 10:39:10 am
-------------------------------------------------------
IP + Date : ::1 - July 22, 2018, 10:39 am
-----------------
Url : http://localhost/Uteach/public/img/videos/R%C3%89ACTION%20A%20CHAUD%20DES%20JOUEURS%20!%20LA%20FRANCE%20EN%20FINALE.mp4
Action : Controller not found
Value : 
Date : 07/22/2018 10:39:10 am
-------------------------------------------------------
IP + Date : ::1 - July 22, 2018, 10:39 am
-----------------
Url : http://localhost/Uteach/public/img/videos/R%C3%89ACTION%20A%20CHAUD%20DES%20JOUEURS%20!%20LA%20FRANCE%20EN%20FINALE.mp4
Action : Controller not found
Value : 
Date : 07/22/2018 10:39:28 am
-------------------------------------------------------
IP + Date : ::1 - July 22, 2018, 10:39 am
-----------------
Url : http://localhost/Uteach/public/img/videos/R%C3%89ACTION%20A%20CHAUD%20DES%20JOUEURS%20!%20LA%20FRANCE%20EN%20FINALE.mp4
Action : Controller not found
Value : 
Date : 07/22/2018 10:39:28 am
-------------------------------------------------------
IP + Date : ::1 - July 22, 2018, 12:19 pm
-----------------
Url : http://localhost/Uteach/public/img/videos/R%C3%89ACTION%20A%20CHAUD%20DES%20JOUEURS%20!%20LA%20FRANCE%20EN%20FINALE.mp4
Action : Controller not found
Value : 
Date : 07/22/2018 12:19:47 pm
-------------------------------------------------------
IP + Date : ::1 - July 22, 2018, 12:19 pm
-----------------
Url : http://localhost/Uteach/public/img/videos/R%C3%89ACTION%20A%20CHAUD%20DES%20JOUEURS%20!%20LA%20FRANCE%20EN%20FINALE.mp4
Action : Controller not found
Value : 
Date : 07/22/2018 12:19:47 pm
-------------------------------------------------------
IP + Date : ::1 - July 22, 2018, 12:27 pm
-----------------
Url : http://localhost/Uteach/public/img/videos/R%C3%89ACTION%20A%20CHAUD%20DES%20JOUEURS%20!%20LA%20FRANCE%20EN%20FINALE.mp4
Action : Controller not found
Value : 
Date : 07/22/2018 12:27:04 pm
-------------------------------------------------------
IP + Date : ::1 - July 22, 2018, 12:27 pm
-----------------
Url : http://localhost/Uteach/public/img/videos/R%C3%89ACTION%20A%20CHAUD%20DES%20JOUEURS%20!%20LA%20FRANCE%20EN%20FINALE.mp4
Action : Controller not found
Value : 
Date : 07/22/2018 12:27:04 pm
-------------------------------------------------------
IP + Date : ::1 - July 22, 2018, 1:10 pm
-----------------
Url : http://localhost/Uteach/public/img/videos/R%C3%89ACTION%20A%20CHAUD%20DES%20JOUEURS%20!%20LA%20FRANCE%20EN%20FINALE.mp4
Action : Controller not found
Value : 
Date : 07/22/2018 01:10:12 pm
-------------------------------------------------------
IP + Date : ::1 - July 22, 2018, 1:10 pm
-----------------
Url : http://localhost/Uteach/public/img/videos/R%C3%89ACTION%20A%20CHAUD%20DES%20JOUEURS%20!%20LA%20FRANCE%20EN%20FINALE.mp4
Action : Controller not found
Value : 
Date : 07/22/2018 01:10:12 pm
-------------------------------------------------------
IP + Date : ::1 - July 22, 2018, 1:10 pm
-----------------
Url : http://localhost/Uteach/paiement/recap?id=1
Action : Controller not found
Value : 
Date : 07/22/2018 01:10:41 pm
-------------------------------------------------------
IP + Date : ::1 - July 22, 2018, 1:11 pm
-----------------
Url : http://localhost/Uteach/paiement/recap?id=1
Action : Controller not found
Value : 
Date : 07/22/2018 01:11:08 pm
-------------------------------------------------------
IP + Date : ::1 - July 22, 2018, 1:37 pm
-----------------
Url : http://localhost/Uteach/payment/execute
Action : Action not found
Value : executeAction in PaymentController
Date : 07/22/2018 01:37:24 pm
-------------------------------------------------------
IP + Date : ::1 - July 22, 2018, 1:41 pm
-----------------
Url : http://localhost/Uteach/public/img/videos/R%C3%89ACTION%20A%20CHAUD%20DES%20JOUEURS%20!%20LA%20FRANCE%20EN%20FINALE.mp4
Action : Controller not found
Value : 
Date : 07/22/2018 01:41:25 pm
-------------------------------------------------------
IP + Date : ::1 - July 22, 2018, 1:41 pm
-----------------
Url : http://localhost/Uteach/public/img/videos/R%C3%89ACTION%20A%20CHAUD%20DES%20JOUEURS%20!%20LA%20FRANCE%20EN%20FINALE.mp4
Action : Controller not found
Value : 
Date : 07/22/2018 01:41:25 pm
-------------------------------------------------------
IP + Date : ::1 - July 22, 2018, 1:47 pm
-----------------
Url : http://localhost/Uteach/payment/execute
Action : Action not found
Value : executeAction in PaymentController
Date : 07/22/2018 01:47:57 pm
-------------------------------------------------------
IP + Date : ::1 - July 22, 2018, 4:53 pm
-----------------
Url : http://localhost/Uteach/public/img/videos/R%C3%89ACTION%20A%20CHAUD%20DES%20JOUEURS%20!%20LA%20FRANCE%20EN%20FINALE.mp4
Action : Controller not found
Value : 
Date : 07/22/2018 04:53:03 pm
-------------------------------------------------------
IP + Date : ::1 - July 22, 2018, 4:53 pm
-----------------
Url : http://localhost/Uteach/public/img/videos/R%C3%89ACTION%20A%20CHAUD%20DES%20JOUEURS%20!%20LA%20FRANCE%20EN%20FINALE.mp4
Action : Controller not found
Value : 
Date : 07/22/2018 04:53:03 pm
-------------------------------------------------------
IP + Date : ::1 - July 22, 2018, 4:53 pm
-----------------
Url : http://localhost/Uteach/public/img/videos/R%C3%89ACTION%20A%20CHAUD%20DES%20JOUEURS%20!%20LA%20FRANCE%20EN%20FINALE.mp4
Action : Controller not found
Value : 
Date : 07/22/2018 04:53:42 pm
-------------------------------------------------------
IP + Date : ::1 - July 22, 2018, 4:53 pm
-----------------
Url : http://localhost/Uteach/public/img/videos/R%C3%89ACTION%20A%20CHAUD%20DES%20JOUEURS%20!%20LA%20FRANCE%20EN%20FINALE.mp4
Action : Controller not found
Value : 
Date : 07/22/2018 04:53:43 pm
-------------------------------------------------------
