IP + Date : ::1 - July 13, 2018, 12:04 am
-----------------
Url : http://localhost/lab/uteach/public/img/videos/comment-sont-fait-les-tutoriels.mp4
Action : Controller not found
Value : 
Date : 07/13/2018 12:04:53 am
-------------------------------------------------------
IP + Date : ::1 - July 13, 2018, 12:04 am
-----------------
Url : http://localhost/lab/uteach/public/img/videos/R%C3%83%E2%80%B0ACTION%20A%20CHAUD%20DES%20JOUEURS%20!%20LA%20FRANCE%20EN%20FINALE.mp4
Action : Controller not found
Value : 
Date : 07/13/2018 12:04:53 am
-------------------------------------------------------
IP + Date : ::1 - July 13, 2018, 12:04 am
-----------------
Url : http://localhost/lab/uteach/public/img/videos/comment-sont-fait-les-tutoriels.mp4
Action : Controller not found
Value : 
Date : 07/13/2018 12:04:53 am
-------------------------------------------------------
IP + Date : ::1 - July 13, 2018, 12:04 am
-----------------
Url : http://localhost/lab/uteach/public/img/videos/R%C3%83%E2%80%B0ACTION%20A%20CHAUD%20DES%20JOUEURS%20!%20LA%20FRANCE%20EN%20FINALE.mp4
Action : Controller not found
Value : 
Date : 07/13/2018 12:04:53 am
-------------------------------------------------------
IP + Date : ::1 - July 13, 2018, 12:05 am
-----------------
Url : http://localhost/lab/uteach/PREMIUM_LIST_FRONT_LINK
Action : Controller not found
Value : 
Date : 07/13/2018 12:05:09 am
-------------------------------------------------------
IP + Date : ::1 - July 13, 2018, 12:05 am
-----------------
Url : http://localhost/lab/uteach/PREMIUM_LIST_FRONT_LINK
Action : Controller not found
Value : 
Date : 07/13/2018 12:05:14 am
-------------------------------------------------------
IP + Date : ::1 - July 13, 2018, 12:05 am
-----------------
Url : http://localhost/lab/uteach/public/img/videos/comment-sont-fait-les-tutoriels.mp4
Action : Controller not found
Value : 
Date : 07/13/2018 12:05:52 am
-------------------------------------------------------
IP + Date : ::1 - July 13, 2018, 12:05 am
-----------------
Url : http://localhost/lab/uteach/public/img/videos/R%C3%83%E2%80%B0ACTION%20A%20CHAUD%20DES%20JOUEURS%20!%20LA%20FRANCE%20EN%20FINALE.mp4
Action : Controller not found
Value : 
Date : 07/13/2018 12:05:52 am
-------------------------------------------------------
IP + Date : ::1 - July 13, 2018, 12:05 am
-----------------
Url : http://localhost/lab/uteach/public/img/videos/comment-sont-fait-les-tutoriels.mp4
Action : Controller not found
Value : 
Date : 07/13/2018 12:05:52 am
-------------------------------------------------------
IP + Date : ::1 - July 13, 2018, 12:05 am
-----------------
Url : http://localhost/lab/uteach/public/img/videos/R%C3%83%E2%80%B0ACTION%20A%20CHAUD%20DES%20JOUEURS%20!%20LA%20FRANCE%20EN%20FINALE.mp4
Action : Controller not found
Value : 
Date : 07/13/2018 12:05:52 am
-------------------------------------------------------
IP + Date : ::1 - July 13, 2018, 12:05 am
-----------------
Url : http://localhost/lab/uteach/PREMIUM_LIST_FRONT_LINK
Action : Controller not found
Value : 
Date : 07/13/2018 12:05:53 am
-------------------------------------------------------
IP + Date : ::1 - July 13, 2018, 12:05 am
-----------------
Url : http://localhost/lab/uteach/public/img/videos/comment-sont-fait-les-tutoriels.mp4
Action : Controller not found
Value : 
Date : 07/13/2018 12:05:54 am
-------------------------------------------------------
IP + Date : ::1 - July 13, 2018, 12:05 am
-----------------
Url : http://localhost/lab/uteach/public/img/videos/R%C3%83%E2%80%B0ACTION%20A%20CHAUD%20DES%20JOUEURS%20!%20LA%20FRANCE%20EN%20FINALE.mp4
Action : Controller not found
Value : 
Date : 07/13/2018 12:05:54 am
-------------------------------------------------------
IP + Date : ::1 - July 13, 2018, 12:05 am
-----------------
Url : http://localhost/lab/uteach/public/img/videos/comment-sont-fait-les-tutoriels.mp4
Action : Controller not found
Value : 
Date : 07/13/2018 12:05:54 am
-------------------------------------------------------
IP + Date : ::1 - July 13, 2018, 12:05 am
-----------------
Url : http://localhost/lab/uteach/public/img/videos/R%C3%83%E2%80%B0ACTION%20A%20CHAUD%20DES%20JOUEURS%20!%20LA%20FRANCE%20EN%20FINALE.mp4
Action : Controller not found
Value : 
Date : 07/13/2018 12:05:54 am
-------------------------------------------------------
IP + Date : ::1 - July 13, 2018, 11:12 am
-----------------
Url : http://localhost/lab/uteach/p.php
Action : Controller not found
Value : 
Date : 07/13/2018 11:12:12 am
-------------------------------------------------------
IP + Date : ::1 - July 13, 2018, 11:26 am
-----------------
Url : http://localhost/lab/uteach/statistic/video/add
Action : Action not found
Value : videoAction in StatisticController
Date : 07/13/2018 11:26:04 am
-------------------------------------------------------
IP + Date : ::1 - July 13, 2018, 11:36 am
-----------------
Url : http://localhost/lab/uteach/p.p
Action : Controller not found
Value : 
Date : 07/13/2018 11:36:04 am
-------------------------------------------------------
IP + Date : ::1 - July 13, 2018, 12:54 pm
-----------------
Url : http://localhost/lab/uteach/chapter/undefined
Action : Action not found
Value : undefinedAction in ChapterController
Date : 07/13/2018 12:54:56 pm
-------------------------------------------------------
IP + Date : ::1 - July 13, 2018, 12:55 pm
-----------------
Url : http://localhost/lab/uteach/chapter/undefined
Action : Action not found
Value : undefinedAction in ChapterController
Date : 07/13/2018 12:55:54 pm
-------------------------------------------------------
IP + Date : ::1 - July 13, 2018, 12:57 pm
-----------------
Url : http://localhost/lab/uteach/chapter/undefined
Action : Action not found
Value : undefinedAction in ChapterController
Date : 07/13/2018 12:57:47 pm
-------------------------------------------------------
IP + Date : ::1 - July 13, 2018, 12:58 pm
-----------------
Url : http://localhost/lab/uteach/chapter/null
Action : Action not found
Value : nullAction in ChapterController
Date : 07/13/2018 12:58:35 pm
-------------------------------------------------------
IP + Date : ::1 - July 13, 2018, 1:56 pm
-----------------
Url : http://localhost/lab/uteach/chapter/null
Action : Action not found
Value : nullAction in ChapterController
Date : 07/13/2018 01:56:51 pm
-------------------------------------------------------
IP + Date : ::1 - July 13, 2018, 8:26 pm
-----------------
Url : http://localhost/lab/uteach/chapter/null
Action : Action not found
Value : nullAction in ChapterController
Date : 07/13/2018 08:26:47 pm
-------------------------------------------------------
IP + Date : ::1 - July 13, 2018, 8:30 pm
-----------------
Url : http://localhost/lab/uteach/chapter/null
Action : Action not found
Value : nullAction in ChapterController
Date : 07/13/2018 08:30:19 pm
-------------------------------------------------------
IP + Date : ::1 - July 13, 2018, 8:30 pm
-----------------
Url : http://localhost/lab/uteach/chapter/null
Action : Action not found
Value : nullAction in ChapterController
Date : 07/13/2018 08:30:50 pm
-------------------------------------------------------
IP + Date : ::1 - July 13, 2018, 8:31 pm
-----------------
Url : http://localhost/lab/uteach/chapter/null
Action : Action not found
Value : nullAction in ChapterController
Date : 07/13/2018 08:31:53 pm
-------------------------------------------------------
IP + Date : ::1 - July 13, 2018, 8:38 pm
-----------------
Url : http://localhost/lab/uteach//public/img/defaults.jpg
Action : Action not found
Value : publicAction in IndexController
Date : 07/13/2018 08:38:06 pm
-------------------------------------------------------
IP + Date : ::1 - July 13, 2018, 8:38 pm
-----------------
Url : http://localhost/lab/uteach//public/img/defaults.jpg
Action : Action not found
Value : publicAction in IndexController
Date : 07/13/2018 08:38:59 pm
-------------------------------------------------------
IP + Date : ::1 - July 13, 2018, 8:39 pm
-----------------
Url : http://localhost/lab/uteach//public/img/defaults.jpg
Action : Action not found
Value : publicAction in IndexController
Date : 07/13/2018 08:39:26 pm
-------------------------------------------------------
IP + Date : ::1 - July 13, 2018, 8:39 pm
-----------------
Url : http://localhost/lab/uteach//public/img/defaults.jpg
Action : Action not found
Value : publicAction in IndexController
Date : 07/13/2018 08:39:40 pm
-------------------------------------------------------
IP + Date : ::1 - July 13, 2018, 8:39 pm
-----------------
Url : http://localhost/lab/uteach//public/img/defaults.jpg
Action : Action not found
Value : publicAction in IndexController
Date : 07/13/2018 08:39:50 pm
-------------------------------------------------------
IP + Date : ::1 - July 13, 2018, 8:40 pm
-----------------
Url : http://localhost/lab/uteach//public/img/defaults.jpg
Action : Action not found
Value : publicAction in IndexController
Date : 07/13/2018 08:40:10 pm
-------------------------------------------------------
IP + Date : ::1 - July 13, 2018, 8:41 pm
-----------------
Url : http://localhost/lab/uteach//public/img/defaults.jpg
Action : Action not found
Value : publicAction in IndexController
Date : 07/13/2018 08:41:27 pm
-------------------------------------------------------
IP + Date : ::1 - July 13, 2018, 8:43 pm
-----------------
Url : http://localhost/lab/uteach//public/img/defaults.jpg
Action : Action not found
Value : publicAction in IndexController
Date : 07/13/2018 08:43:00 pm
-------------------------------------------------------
IP + Date : ::1 - July 13, 2018, 8:43 pm
-----------------
Url : http://localhost/lab/uteach//public/img/defaults.jpg
Action : Action not found
Value : publicAction in IndexController
Date : 07/13/2018 08:43:01 pm
-------------------------------------------------------
IP + Date : ::1 - July 13, 2018, 8:43 pm
-----------------
Url : http://localhost/lab/uteach//public/img/defaults.jpg
Action : Action not found
Value : publicAction in IndexController
Date : 07/13/2018 08:43:55 pm
-------------------------------------------------------
IP + Date : ::1 - July 13, 2018, 8:47 pm
-----------------
Url : http://localhost/lab/uteach//public/img/defaults.jpg
Action : Action not found
Value : publicAction in IndexController
Date : 07/13/2018 08:47:35 pm
-------------------------------------------------------
IP + Date : ::1 - July 13, 2018, 8:47 pm
-----------------
Url : http://localhost/lab/uteach//public/img/defaults.jpg
Action : Action not found
Value : publicAction in IndexController
Date : 07/13/2018 08:47:45 pm
-------------------------------------------------------
IP + Date : ::1 - July 13, 2018, 8:48 pm
-----------------
Url : http://localhost/lab/uteach//public/img/defaults.jpg
Action : Action not found
Value : publicAction in IndexController
Date : 07/13/2018 08:48:06 pm
-------------------------------------------------------
IP + Date : ::1 - July 13, 2018, 8:49 pm
-----------------
Url : http://localhost/lab/uteach//public/img/defaults.jpg
Action : Action not found
Value : publicAction in IndexController
Date : 07/13/2018 08:49:11 pm
-------------------------------------------------------
IP + Date : ::1 - July 13, 2018, 8:49 pm
-----------------
Url : http://localhost/lab/uteach//public/img/defaults.jpg
Action : Action not found
Value : publicAction in IndexController
Date : 07/13/2018 08:49:27 pm
-------------------------------------------------------
IP + Date : ::1 - July 13, 2018, 8:50 pm
-----------------
Url : http://localhost/lab/uteach//public/img/defaults.jpg
Action : Action not found
Value : publicAction in IndexController
Date : 07/13/2018 08:50:14 pm
-------------------------------------------------------
IP + Date : ::1 - July 13, 2018, 8:51 pm
-----------------
Url : http://localhost/lab/uteach//public/img/defaults.jpg
Action : Action not found
Value : publicAction in IndexController
Date : 07/13/2018 08:51:12 pm
-------------------------------------------------------
IP + Date : ::1 - July 13, 2018, 8:51 pm
-----------------
Url : http://localhost/lab/uteach//public/img/defaults.jpg
Action : Action not found
Value : publicAction in IndexController
Date : 07/13/2018 08:51:14 pm
-------------------------------------------------------
IP + Date : ::1 - July 13, 2018, 8:51 pm
-----------------
Url : http://localhost/lab/uteach//public/img/defaults.jpg
Action : Action not found
Value : publicAction in IndexController
Date : 07/13/2018 08:51:58 pm
-------------------------------------------------------
IP + Date : ::1 - July 13, 2018, 8:51 pm
-----------------
Url : http://localhost/lab/uteach//public/img/defaults.jpg
Action : Action not found
Value : publicAction in IndexController
Date : 07/13/2018 08:51:59 pm
-------------------------------------------------------
IP + Date : ::1 - July 13, 2018, 8:52 pm
-----------------
Url : http://localhost/lab/uteach//public/img/defaults.jpg
Action : Action not found
Value : publicAction in IndexController
Date : 07/13/2018 08:52:51 pm
-------------------------------------------------------
IP + Date : ::1 - July 13, 2018, 8:53 pm
-----------------
Url : http://localhost/lab/uteach//public/img/defaults.jpg
Action : Action not found
Value : publicAction in IndexController
Date : 07/13/2018 08:53:35 pm
-------------------------------------------------------
IP + Date : ::1 - July 13, 2018, 8:54 pm
-----------------
Url : http://localhost/lab/uteach//public/img/defaults.jpg
Action : Action not found
Value : publicAction in IndexController
Date : 07/13/2018 08:54:59 pm
-------------------------------------------------------
IP + Date : ::1 - July 13, 2018, 8:55 pm
-----------------
Url : http://localhost/lab/uteach//public/img/defaults.jpg
Action : Action not found
Value : publicAction in IndexController
Date : 07/13/2018 08:55:12 pm
-------------------------------------------------------
IP + Date : ::1 - July 13, 2018, 8:55 pm
-----------------
Url : http://localhost/lab/uteach//public/img/defaults.jpg
Action : Action not found
Value : publicAction in IndexController
Date : 07/13/2018 08:55:27 pm
-------------------------------------------------------
IP + Date : ::1 - July 13, 2018, 8:55 pm
-----------------
Url : http://localhost/lab/uteach//public/img/defaults.jpg
Action : Action not found
Value : publicAction in IndexController
Date : 07/13/2018 08:55:54 pm
-------------------------------------------------------
IP + Date : ::1 - July 13, 2018, 8:59 pm
-----------------
Url : http://localhost/lab/uteach/%22/public/img/defaults.jpg%22
Action : Controller not found
Value : 
Date : 07/13/2018 08:59:06 pm
-------------------------------------------------------
IP + Date : ::1 - July 13, 2018, 8:59 pm
-----------------
Url : http://localhost/lab/uteach/%22/public/img/defaults.jpg%22
Action : Controller not found
Value : 
Date : 07/13/2018 08:59:08 pm
-------------------------------------------------------
IP + Date : ::1 - July 13, 2018, 8:59 pm
-----------------
Url : http://localhost/lab/uteach/%22/public/img/defaults.jpg%22
Action : Controller not found
Value : 
Date : 07/13/2018 08:59:30 pm
-------------------------------------------------------
IP + Date : ::1 - July 13, 2018, 8:59 pm
-----------------
Url : http://localhost/lab/uteach/%22/public/img/defaults.jpg%22
Action : Controller not found
Value : 
Date : 07/13/2018 08:59:31 pm
-------------------------------------------------------
IP + Date : ::1 - July 13, 2018, 8:59 pm
-----------------
Url : http://localhost/lab/uteach//public/img/defaults.jpg
Action : Action not found
Value : publicAction in IndexController
Date : 07/13/2018 08:59:42 pm
-------------------------------------------------------
IP + Date : ::1 - July 13, 2018, 8:59 pm
-----------------
Url : http://localhost/lab/uteach//public/img/defaults.jpg
Action : Action not found
Value : publicAction in IndexController
Date : 07/13/2018 08:59:43 pm
-------------------------------------------------------
IP + Date : ::1 - July 13, 2018, 8:59 pm
-----------------
Url : http://localhost/lab/uteach/public/img/defaults.jpg
Action : Controller not found
Value : 
Date : 07/13/2018 08:59:57 pm
-------------------------------------------------------
IP + Date : ::1 - July 13, 2018, 10:52 pm
-----------------
Url : http://localhost/lab/uteach/PREMIUM_LIST_FRONT_LINK
Action : Controller not found
Value : 
Date : 07/13/2018 10:52:15 pm
-------------------------------------------------------
