IP + Date : ::1 - July 12, 2018, 8:03 pm
-----------------
Url : http://localhost/lab/uteach/video/edit/back?id=1
Action : Attempt access
Value : Access denied
Date : 07/12/2018 08:03:15 pm
-------------------------------------------------------
IP + Date : ::1 - July 12, 2018, 8:15 pm
-----------------
Url : http://localhost/lab/uteach/video/video?id=1
Action : Attempt access
Value : Access denied
Date : 07/12/2018 08:15:28 pm
-------------------------------------------------------
IP + Date : ::1 - July 12, 2018, 8:22 pm
-----------------
Url : http://localhost/lab/uteach/video/video?id=1
Action : Attempt access
Value : Access denied
Date : 07/12/2018 08:22:05 pm
-------------------------------------------------------
IP + Date : ::1 - July 12, 2018, 8:25 pm
-----------------
Url : http://localhost/lab/uteach/video/video?id=1
Action : Attempt access
Value : Access denied
Date : 07/12/2018 08:25:15 pm
-------------------------------------------------------
IP + Date : ::1 - July 12, 2018, 8:27 pm
-----------------
Url : http://localhost/lab/uteach/video/video?id=1
Action : Attempt access
Value : Access denied
Date : 07/12/2018 08:27:34 pm
-------------------------------------------------------
IP + Date : ::1 - July 12, 2018, 8:36 pm
-----------------
Url : http://localhost/lab/uteach/video/img.jpg
Action : Action not found
Value : img.jpgAction in VideoController
Date : 07/12/2018 08:36:28 pm
-------------------------------------------------------
IP + Date : ::1 - July 12, 2018, 8:36 pm
-----------------
Url : http://localhost/lab/uteach/video/img.jpg
Action : Action not found
Value : img.jpgAction in VideoController
Date : 07/12/2018 08:36:40 pm
-------------------------------------------------------
IP + Date : ::1 - July 12, 2018, 8:36 pm
-----------------
Url : http://localhost/lab/uteach/video/%22%20+%20linkObjectView%20+%20%22?id=%22%20+%20element.id%20+%20%22
Action : Action not found
Value : "   linkobjectview   "Action in VideoController
Date : 07/12/2018 08:36:43 pm
-------------------------------------------------------
IP + Date : ::1 - July 12, 2018, 8:36 pm
-----------------
Url : http://localhost/lab/uteach/video/img.jpg
Action : Action not found
Value : img.jpgAction in VideoController
Date : 07/12/2018 08:36:46 pm
-------------------------------------------------------
IP + Date : ::1 - July 12, 2018, 8:37 pm
-----------------
Url : http://localhost/lab/uteach/video/img.jpg
Action : Action not found
Value : img.jpgAction in VideoController
Date : 07/12/2018 08:37:10 pm
-------------------------------------------------------
IP + Date : ::1 - July 12, 2018, 8:37 pm
-----------------
Url : http://localhost/lab/uteach/video/img.jpg
Action : Action not found
Value : img.jpgAction in VideoController
Date : 07/12/2018 08:37:22 pm
-------------------------------------------------------
IP + Date : ::1 - July 12, 2018, 8:38 pm
-----------------
Url : http://localhost/lab/uteach/video/img.jpg
Action : Action not found
Value : img.jpgAction in VideoController
Date : 07/12/2018 08:38:37 pm
-------------------------------------------------------
IP + Date : ::1 - July 12, 2018, 8:39 pm
-----------------
Url : http://localhost/lab/uteach/video/img.jpg
Action : Action not found
Value : img.jpgAction in VideoController
Date : 07/12/2018 08:39:43 pm
-------------------------------------------------------
IP + Date : ::1 - July 12, 2018, 8:39 pm
-----------------
Url : http://localhost/lab/uteach/video/img.jpg
Action : Action not found
Value : img.jpgAction in VideoController
Date : 07/12/2018 08:39:52 pm
-------------------------------------------------------
IP + Date : ::1 - July 12, 2018, 8:39 pm
-----------------
Url : http://localhost/lab/uteach/video/%22%20+%20linkObjectView%20+%20%22?id=%22%20+%20element.id%20+%20%22
Action : Action not found
Value : "   linkobjectview   "Action in VideoController
Date : 07/12/2018 08:39:57 pm
-------------------------------------------------------
IP + Date : ::1 - July 12, 2018, 8:39 pm
-----------------
Url : http://localhost/lab/uteach/video/img.jpg
Action : Action not found
Value : img.jpgAction in VideoController
Date : 07/12/2018 08:39:59 pm
-------------------------------------------------------
IP + Date : ::1 - July 12, 2018, 8:40 pm
-----------------
Url : http://localhost/lab/uteach/video/img.jpg
Action : Action not found
Value : img.jpgAction in VideoController
Date : 07/12/2018 08:40:08 pm
-------------------------------------------------------
IP + Date : ::1 - July 12, 2018, 8:41 pm
-----------------
Url : http://localhost/lab/uteach/video/img.jpg
Action : Action not found
Value : img.jpgAction in VideoController
Date : 07/12/2018 08:41:01 pm
-------------------------------------------------------
IP + Date : ::1 - July 12, 2018, 8:41 pm
-----------------
Url : http://localhost/lab/uteach/video/img.jpg
Action : Action not found
Value : img.jpgAction in VideoController
Date : 07/12/2018 08:41:12 pm
-------------------------------------------------------
IP + Date : ::1 - July 12, 2018, 8:42 pm
-----------------
Url : http://localhost/lab/uteach/video/%22%20+%20linkObjectView%20+%20%22?id=%22%20+%20element.id%20+%20%22
Action : Action not found
Value : "   linkobjectview   "Action in VideoController
Date : 07/12/2018 08:42:42 pm
-------------------------------------------------------
IP + Date : ::1 - July 12, 2018, 8:42 pm
-----------------
Url : http://localhost/lab/uteach/video/%22%20+%20linkObjectView%20+%20%22?id=%22%20+%20element.id%20+%20%22
Action : Action not found
Value : "   linkobjectview   "Action in VideoController
Date : 07/12/2018 08:42:55 pm
-------------------------------------------------------
IP + Date : ::1 - July 12, 2018, 8:43 pm
-----------------
Url : http://localhost/lab/uteach/video/%22%20+%20linkObjectView%20+%20%22?id=%22%20+%20element.id%20+%20%22
Action : Action not found
Value : "   linkobjectview   "Action in VideoController
Date : 07/12/2018 08:43:06 pm
-------------------------------------------------------
IP + Date : ::1 - July 12, 2018, 8:43 pm
-----------------
Url : http://localhost/lab/uteach/video/%22%20+%20linkObjectView%20+%20%22?id=%22%20+%20element.id%20+%20%22
Action : Action not found
Value : "   linkobjectview   "Action in VideoController
Date : 07/12/2018 08:43:32 pm
-------------------------------------------------------
IP + Date : ::1 - July 12, 2018, 8:51 pm
-----------------
Url : http://localhost/lab/uteach/public/img/videos/R%C3%83%E2%80%B0ACTION%20A%20CHAUD%20DES%20JOUEURS%20!%20LA%20FRANCE%20EN%20FINALE.mp4
Action : Controller not found
Value : 
Date : 07/12/2018 08:51:23 pm
-------------------------------------------------------
IP + Date : ::1 - July 12, 2018, 8:51 pm
-----------------
Url : http://localhost/lab/uteach/public/img/videos/R%C3%83%E2%80%B0ACTION%20A%20CHAUD%20DES%20JOUEURS%20!%20LA%20FRANCE%20EN%20FINALE.mp4
Action : Controller not found
Value : 
Date : 07/12/2018 08:51:24 pm
-------------------------------------------------------
IP + Date : ::1 - July 12, 2018, 8:51 pm
-----------------
Url : http://localhost/lab/uteach/public/img/videos/R%C3%83%E2%80%B0ACTION%20A%20CHAUD%20DES%20JOUEURS%20!%20LA%20FRANCE%20EN%20FINALE.mp4
Action : Controller not found
Value : 
Date : 07/12/2018 08:51:29 pm
-------------------------------------------------------
IP + Date : ::1 - July 12, 2018, 8:51 pm
-----------------
Url : http://localhost/lab/uteach/public/img/videos/R%C3%83%E2%80%B0ACTION%20A%20CHAUD%20DES%20JOUEURS%20!%20LA%20FRANCE%20EN%20FINALE.mp4
Action : Controller not found
Value : 
Date : 07/12/2018 08:51:29 pm
-------------------------------------------------------
IP + Date : ::1 - July 12, 2018, 8:54 pm
-----------------
Url : http://localhost/lab/uteach/public/img/videos/R%C3%83%E2%80%B0ACTION%20A%20CHAUD%20DES%20JOUEURS%20!%20LA%20FRANCE%20EN%20FINALE.mp4
Action : Controller not found
Value : 
Date : 07/12/2018 08:54:39 pm
-------------------------------------------------------
IP + Date : ::1 - July 12, 2018, 8:54 pm
-----------------
Url : http://localhost/lab/uteach/public/img/videos/R%C3%83%E2%80%B0ACTION%20A%20CHAUD%20DES%20JOUEURS%20!%20LA%20FRANCE%20EN%20FINALE.mp4
Action : Controller not found
Value : 
Date : 07/12/2018 08:54:40 pm
-------------------------------------------------------
IP + Date : ::1 - July 12, 2018, 8:55 pm
-----------------
Url : http://localhost/lab/uteach/public/img/videos/R%C3%83%E2%80%B0ACTION%20A%20CHAUD%20DES%20JOUEURS%20!%20LA%20FRANCE%20EN%20FINALE.mp4
Action : Controller not found
Value : 
Date : 07/12/2018 08:55:27 pm
-------------------------------------------------------
IP + Date : ::1 - July 12, 2018, 8:55 pm
-----------------
Url : http://localhost/lab/uteach/public/img/videos/R%C3%83%E2%80%B0ACTION%20A%20CHAUD%20DES%20JOUEURS%20!%20LA%20FRANCE%20EN%20FINALE.mp4
Action : Controller not found
Value : 
Date : 07/12/2018 08:55:27 pm
-------------------------------------------------------
IP + Date : ::1 - July 12, 2018, 8:57 pm
-----------------
Url : http://localhost/lab/uteach/public/img/videos/R%C3%83%E2%80%B0ACTION%20A%20CHAUD%20DES%20JOUEURS%20!%20LA%20FRANCE%20EN%20FINALE.mp4
Action : Controller not found
Value : 
Date : 07/12/2018 08:57:29 pm
-------------------------------------------------------
IP + Date : ::1 - July 12, 2018, 8:57 pm
-----------------
Url : http://localhost/lab/uteach/public/img/videos/R%C3%83%E2%80%B0ACTION%20A%20CHAUD%20DES%20JOUEURS%20!%20LA%20FRANCE%20EN%20FINALE.mp4
Action : Controller not found
Value : 
Date : 07/12/2018 08:57:30 pm
-------------------------------------------------------
IP + Date : ::1 - July 12, 2018, 8:58 pm
-----------------
Url : http://localhost/lab/uteach/public/img/videos/R%C3%83%E2%80%B0ACTION%20A%20CHAUD%20DES%20JOUEURS%20!%20LA%20FRANCE%20EN%20FINALE.mp4
Action : Controller not found
Value : 
Date : 07/12/2018 08:58:00 pm
-------------------------------------------------------
IP + Date : ::1 - July 12, 2018, 8:58 pm
-----------------
Url : http://localhost/lab/uteach/public/img/videos/R%C3%83%E2%80%B0ACTION%20A%20CHAUD%20DES%20JOUEURS%20!%20LA%20FRANCE%20EN%20FINALE.mp4
Action : Controller not found
Value : 
Date : 07/12/2018 08:58:00 pm
-------------------------------------------------------
IP + Date : ::1 - July 12, 2018, 9:00 pm
-----------------
Url : http://localhost/lab/uteach/public/img/videos/R%C3%83%E2%80%B0ACTION%20A%20CHAUD%20DES%20JOUEURS%20!%20LA%20FRANCE%20EN%20FINALE.mp4
Action : Controller not found
Value : 
Date : 07/12/2018 09:00:04 pm
-------------------------------------------------------
IP + Date : ::1 - July 12, 2018, 9:00 pm
-----------------
Url : http://localhost/lab/uteach/public/img/videos/R%C3%83%E2%80%B0ACTION%20A%20CHAUD%20DES%20JOUEURS%20!%20LA%20FRANCE%20EN%20FINALE.mp4
Action : Controller not found
Value : 
Date : 07/12/2018 09:00:05 pm
-------------------------------------------------------
IP + Date : ::1 - July 12, 2018, 9:01 pm
-----------------
Url : http://localhost/lab/uteach/public/img/videos/R%C3%83%E2%80%B0ACTION%20A%20CHAUD%20DES%20JOUEURS%20!%20LA%20FRANCE%20EN%20FINALE.mp4
Action : Controller not found
Value : 
Date : 07/12/2018 09:01:33 pm
-------------------------------------------------------
IP + Date : ::1 - July 12, 2018, 9:01 pm
-----------------
Url : http://localhost/lab/uteach/public/img/videos/R%C3%83%E2%80%B0ACTION%20A%20CHAUD%20DES%20JOUEURS%20!%20LA%20FRANCE%20EN%20FINALE.mp4
Action : Controller not found
Value : 
Date : 07/12/2018 09:01:33 pm
-------------------------------------------------------
IP + Date : ::1 - July 12, 2018, 9:01 pm
-----------------
Url : http://localhost/lab/uteach/video/video?id=2
Action : Attempt access
Value : Access denied
Date : 07/12/2018 09:01:38 pm
-------------------------------------------------------
IP + Date : ::1 - July 12, 2018, 9:01 pm
-----------------
Url : http://localhost/lab/uteach/public/img/videos/R%C3%83%E2%80%B0ACTION%20A%20CHAUD%20DES%20JOUEURS%20!%20LA%20FRANCE%20EN%20FINALE.mp4
Action : Controller not found
Value : 
Date : 07/12/2018 09:01:41 pm
-------------------------------------------------------
IP + Date : ::1 - July 12, 2018, 9:01 pm
-----------------
Url : http://localhost/lab/uteach/public/img/videos/R%C3%83%E2%80%B0ACTION%20A%20CHAUD%20DES%20JOUEURS%20!%20LA%20FRANCE%20EN%20FINALE.mp4
Action : Controller not found
Value : 
Date : 07/12/2018 09:01:41 pm
-------------------------------------------------------
IP + Date : ::1 - July 12, 2018, 9:01 pm
-----------------
Url : http://localhost/lab/uteach/video/video?id=2
Action : Attempt access
Value : Access denied
Date : 07/12/2018 09:01:55 pm
-------------------------------------------------------
IP + Date : ::1 - July 12, 2018, 9:01 pm
-----------------
Url : http://localhost/lab/uteach/public/img/videos/R%C3%83%E2%80%B0ACTION%20A%20CHAUD%20DES%20JOUEURS%20!%20LA%20FRANCE%20EN%20FINALE.mp4
Action : Controller not found
Value : 
Date : 07/12/2018 09:01:58 pm
-------------------------------------------------------
IP + Date : ::1 - July 12, 2018, 9:01 pm
-----------------
Url : http://localhost/lab/uteach/public/img/videos/R%C3%83%E2%80%B0ACTION%20A%20CHAUD%20DES%20JOUEURS%20!%20LA%20FRANCE%20EN%20FINALE.mp4
Action : Controller not found
Value : 
Date : 07/12/2018 09:01:58 pm
-------------------------------------------------------
IP + Date : ::1 - July 12, 2018, 9:02 pm
-----------------
Url : http://localhost/lab/uteach/video/video?id=2
Action : Attempt access
Value : Access denied
Date : 07/12/2018 09:02:14 pm
-------------------------------------------------------
IP + Date : ::1 - July 12, 2018, 9:02 pm
-----------------
Url : http://localhost/lab/uteach/public/img/videos/R%C3%83%E2%80%B0ACTION%20A%20CHAUD%20DES%20JOUEURS%20!%20LA%20FRANCE%20EN%20FINALE.mp4
Action : Controller not found
Value : 
Date : 07/12/2018 09:02:16 pm
-------------------------------------------------------
IP + Date : ::1 - July 12, 2018, 9:02 pm
-----------------
Url : http://localhost/lab/uteach/public/img/videos/R%C3%83%E2%80%B0ACTION%20A%20CHAUD%20DES%20JOUEURS%20!%20LA%20FRANCE%20EN%20FINALE.mp4
Action : Controller not found
Value : 
Date : 07/12/2018 09:02:17 pm
-------------------------------------------------------
IP + Date : ::1 - July 12, 2018, 9:02 pm
-----------------
Url : http://localhost/lab/uteach/public/img/videos/R%C3%83%E2%80%B0ACTION%20A%20CHAUD%20DES%20JOUEURS%20!%20LA%20FRANCE%20EN%20FINALE.mp4
Action : Controller not found
Value : 
Date : 07/12/2018 09:02:38 pm
-------------------------------------------------------
IP + Date : ::1 - July 12, 2018, 9:02 pm
-----------------
Url : http://localhost/lab/uteach/public/img/videos/R%C3%83%E2%80%B0ACTION%20A%20CHAUD%20DES%20JOUEURS%20!%20LA%20FRANCE%20EN%20FINALE.mp4
Action : Controller not found
Value : 
Date : 07/12/2018 09:02:38 pm
-------------------------------------------------------
IP + Date : ::1 - July 12, 2018, 9:02 pm
-----------------
Url : http://localhost/lab/uteach/video/video?id=2
Action : Attempt access
Value : Access denied
Date : 07/12/2018 09:02:44 pm
-------------------------------------------------------
IP + Date : ::1 - July 12, 2018, 9:02 pm
-----------------
Url : http://localhost/lab/uteach/public/img/videos/R%C3%83%E2%80%B0ACTION%20A%20CHAUD%20DES%20JOUEURS%20!%20LA%20FRANCE%20EN%20FINALE.mp4
Action : Controller not found
Value : 
Date : 07/12/2018 09:02:46 pm
-------------------------------------------------------
IP + Date : ::1 - July 12, 2018, 9:02 pm
-----------------
Url : http://localhost/lab/uteach/public/img/videos/R%C3%83%E2%80%B0ACTION%20A%20CHAUD%20DES%20JOUEURS%20!%20LA%20FRANCE%20EN%20FINALE.mp4
Action : Controller not found
Value : 
Date : 07/12/2018 09:02:46 pm
-------------------------------------------------------
IP + Date : ::1 - July 12, 2018, 9:02 pm
-----------------
Url : http://localhost/lab/uteach/video/video?id=2
Action : Attempt access
Value : Access denied
Date : 07/12/2018 09:02:47 pm
-------------------------------------------------------
IP + Date : ::1 - July 12, 2018, 9:02 pm
-----------------
Url : http://localhost/lab/uteach/public/img/videos/R%C3%83%E2%80%B0ACTION%20A%20CHAUD%20DES%20JOUEURS%20!%20LA%20FRANCE%20EN%20FINALE.mp4
Action : Controller not found
Value : 
Date : 07/12/2018 09:02:50 pm
-------------------------------------------------------
IP + Date : ::1 - July 12, 2018, 9:02 pm
-----------------
Url : http://localhost/lab/uteach/public/img/videos/R%C3%83%E2%80%B0ACTION%20A%20CHAUD%20DES%20JOUEURS%20!%20LA%20FRANCE%20EN%20FINALE.mp4
Action : Controller not found
Value : 
Date : 07/12/2018 09:02:50 pm
-------------------------------------------------------
IP + Date : ::1 - July 12, 2018, 9:21 pm
-----------------
Url : http://localhost/lab/uteach/public/img/videos/R%C3%83%E2%80%B0ACTION%20A%20CHAUD%20DES%20JOUEURS%20!%20LA%20FRANCE%20EN%20FINALE.mp4
Action : Controller not found
Value : 
Date : 07/12/2018 09:21:55 pm
-------------------------------------------------------
IP + Date : ::1 - July 12, 2018, 9:21 pm
-----------------
Url : http://localhost/lab/uteach/public/img/videos/R%C3%83%E2%80%B0ACTION%20A%20CHAUD%20DES%20JOUEURS%20!%20LA%20FRANCE%20EN%20FINALE.mp4
Action : Controller not found
Value : 
Date : 07/12/2018 09:21:56 pm
-------------------------------------------------------
IP + Date : ::1 - July 12, 2018, 11:49 pm
-----------------
Url : http://localhost/lab/uteach/PREMIUM_LIST_FRONT_LINK
Action : Controller not found
Value : 
Date : 07/12/2018 11:49:47 pm
-------------------------------------------------------
IP + Date : ::1 - July 12, 2018, 11:49 pm
-----------------
Url : http://localhost/lab/uteach/public/img/videos/comment-sont-fait-les-tutoriels.mp4
Action : Controller not found
Value : 
Date : 07/12/2018 11:49:50 pm
-------------------------------------------------------
IP + Date : ::1 - July 12, 2018, 11:49 pm
-----------------
Url : http://localhost/lab/uteach/public/img/videos/R%C3%83%E2%80%B0ACTION%20A%20CHAUD%20DES%20JOUEURS%20!%20LA%20FRANCE%20EN%20FINALE.mp4
Action : Controller not found
Value : 
Date : 07/12/2018 11:49:50 pm
-------------------------------------------------------
IP + Date : ::1 - July 12, 2018, 11:49 pm
-----------------
Url : http://localhost/lab/uteach/public/img/videos/comment-sont-fait-les-tutoriels.mp4
Action : Controller not found
Value : 
Date : 07/12/2018 11:49:51 pm
-------------------------------------------------------
IP + Date : ::1 - July 12, 2018, 11:49 pm
-----------------
Url : http://localhost/lab/uteach/public/img/videos/R%C3%83%E2%80%B0ACTION%20A%20CHAUD%20DES%20JOUEURS%20!%20LA%20FRANCE%20EN%20FINALE.mp4
Action : Controller not found
Value : 
Date : 07/12/2018 11:49:51 pm
-------------------------------------------------------
IP + Date : ::1 - July 12, 2018, 11:49 pm
-----------------
Url : http://localhost/lab/uteach/public/img/videos/comment-sont-fait-les-tutoriels.mp4
Action : Controller not found
Value : 
Date : 07/12/2018 11:49:53 pm
-------------------------------------------------------
IP + Date : ::1 - July 12, 2018, 11:49 pm
-----------------
Url : http://localhost/lab/uteach/public/img/videos/R%C3%83%E2%80%B0ACTION%20A%20CHAUD%20DES%20JOUEURS%20!%20LA%20FRANCE%20EN%20FINALE.mp4
Action : Controller not found
Value : 
Date : 07/12/2018 11:49:53 pm
-------------------------------------------------------
IP + Date : ::1 - July 12, 2018, 11:49 pm
-----------------
Url : http://localhost/lab/uteach/public/img/videos/R%C3%83%E2%80%B0ACTION%20A%20CHAUD%20DES%20JOUEURS%20!%20LA%20FRANCE%20EN%20FINALE.mp4
Action : Controller not found
Value : 
Date : 07/12/2018 11:49:53 pm
-------------------------------------------------------
IP + Date : ::1 - July 12, 2018, 11:49 pm
-----------------
Url : http://localhost/lab/uteach/public/img/videos/comment-sont-fait-les-tutoriels.mp4
Action : Controller not found
Value : 
Date : 07/12/2018 11:49:53 pm
-------------------------------------------------------
IP + Date : ::1 - July 12, 2018, 11:49 pm
-----------------
Url : http://localhost/lab/uteach/public/img/videos/R%C3%83%E2%80%B0ACTION%20A%20CHAUD%20DES%20JOUEURS%20!%20LA%20FRANCE%20EN%20FINALE.mp4
Action : Controller not found
Value : 
Date : 07/12/2018 11:49:56 pm
-------------------------------------------------------
IP + Date : ::1 - July 12, 2018, 11:49 pm
-----------------
Url : http://localhost/lab/uteach/public/img/videos/comment-sont-fait-les-tutoriels.mp4
Action : Controller not found
Value : 
Date : 07/12/2018 11:49:56 pm
-------------------------------------------------------
IP + Date : ::1 - July 12, 2018, 11:49 pm
-----------------
Url : http://localhost/lab/uteach/public/img/videos/R%C3%83%E2%80%B0ACTION%20A%20CHAUD%20DES%20JOUEURS%20!%20LA%20FRANCE%20EN%20FINALE.mp4
Action : Controller not found
Value : 
Date : 07/12/2018 11:49:56 pm
-------------------------------------------------------
IP + Date : ::1 - July 12, 2018, 11:49 pm
-----------------
Url : http://localhost/lab/uteach/public/img/videos/comment-sont-fait-les-tutoriels.mp4
Action : Controller not found
Value : 
Date : 07/12/2018 11:49:56 pm
-------------------------------------------------------
IP + Date : ::1 - July 12, 2018, 11:57 pm
-----------------
Url : http://localhost/lab/uteach/public/img/videos/comment-sont-fait-les-tutoriels.mp4
Action : Controller not found
Value : 
Date : 07/12/2018 11:57:22 pm
-------------------------------------------------------
IP + Date : ::1 - July 12, 2018, 11:57 pm
-----------------
Url : http://localhost/lab/uteach/public/img/videos/R%C3%83%E2%80%B0ACTION%20A%20CHAUD%20DES%20JOUEURS%20!%20LA%20FRANCE%20EN%20FINALE.mp4
Action : Controller not found
Value : 
Date : 07/12/2018 11:57:22 pm
-------------------------------------------------------
IP + Date : ::1 - July 12, 2018, 11:57 pm
-----------------
Url : http://localhost/lab/uteach/public/img/videos/comment-sont-fait-les-tutoriels.mp4
Action : Controller not found
Value : 
Date : 07/12/2018 11:57:22 pm
-------------------------------------------------------
IP + Date : ::1 - July 12, 2018, 11:57 pm
-----------------
Url : http://localhost/lab/uteach/public/img/videos/R%C3%83%E2%80%B0ACTION%20A%20CHAUD%20DES%20JOUEURS%20!%20LA%20FRANCE%20EN%20FINALE.mp4
Action : Controller not found
Value : 
Date : 07/12/2018 11:57:22 pm
-------------------------------------------------------
IP + Date : ::1 - July 12, 2018, 11:57 pm
-----------------
Url : http://localhost/lab/uteach/public/img/videos/comment-sont-fait-les-tutoriels.mp4
Action : Controller not found
Value : 
Date : 07/12/2018 11:57:26 pm
-------------------------------------------------------
IP + Date : ::1 - July 12, 2018, 11:57 pm
-----------------
Url : http://localhost/lab/uteach/public/img/videos/R%C3%83%E2%80%B0ACTION%20A%20CHAUD%20DES%20JOUEURS%20!%20LA%20FRANCE%20EN%20FINALE.mp4
Action : Controller not found
Value : 
Date : 07/12/2018 11:57:26 pm
-------------------------------------------------------
IP + Date : ::1 - July 12, 2018, 11:57 pm
-----------------
Url : http://localhost/lab/uteach/public/img/videos/R%C3%83%E2%80%B0ACTION%20A%20CHAUD%20DES%20JOUEURS%20!%20LA%20FRANCE%20EN%20FINALE.mp4
Action : Controller not found
Value : 
Date : 07/12/2018 11:57:26 pm
-------------------------------------------------------
IP + Date : ::1 - July 12, 2018, 11:57 pm
-----------------
Url : http://localhost/lab/uteach/public/img/videos/comment-sont-fait-les-tutoriels.mp4
Action : Controller not found
Value : 
Date : 07/12/2018 11:57:26 pm
-------------------------------------------------------
IP + Date : ::1 - July 12, 2018, 11:57 pm
-----------------
Url : http://localhost/lab/uteach/video/video?id=2
Action : Attempt access
Value : Access denied
Date : 07/12/2018 11:57:29 pm
-------------------------------------------------------
IP + Date : ::1 - July 12, 2018, 11:57 pm
-----------------
Url : http://localhost/lab/uteach/public/img/videos/comment-sont-fait-les-tutoriels.mp4
Action : Controller not found
Value : 
Date : 07/12/2018 11:57:30 pm
-------------------------------------------------------
IP + Date : ::1 - July 12, 2018, 11:57 pm
-----------------
Url : http://localhost/lab/uteach/public/img/videos/R%C3%83%E2%80%B0ACTION%20A%20CHAUD%20DES%20JOUEURS%20!%20LA%20FRANCE%20EN%20FINALE.mp4
Action : Controller not found
Value : 
Date : 07/12/2018 11:57:30 pm
-------------------------------------------------------
IP + Date : ::1 - July 12, 2018, 11:57 pm
-----------------
Url : http://localhost/lab/uteach/public/img/videos/comment-sont-fait-les-tutoriels.mp4
Action : Controller not found
Value : 
Date : 07/12/2018 11:57:30 pm
-------------------------------------------------------
IP + Date : ::1 - July 12, 2018, 11:57 pm
-----------------
Url : http://localhost/lab/uteach/public/img/videos/R%C3%83%E2%80%B0ACTION%20A%20CHAUD%20DES%20JOUEURS%20!%20LA%20FRANCE%20EN%20FINALE.mp4
Action : Controller not found
Value : 
Date : 07/12/2018 11:57:30 pm
-------------------------------------------------------
