IP + Date : ::1 - July 25, 2018, 8:10 am
-----------------
Url : http://localhost/Uteach/public/img/videos/R%C3%89ACTION%20A%20CHAUD%20DES%20JOUEURS%20!%20LA%20FRANCE%20EN%20FINALE.mp4
Action : Controller not found
Value : 
Date : 07/25/2018 08:10:13 am
-------------------------------------------------------
IP + Date : ::1 - July 25, 2018, 8:10 am
-----------------
Url : http://localhost/Uteach/public/img/videos/R%C3%89ACTION%20A%20CHAUD%20DES%20JOUEURS%20!%20LA%20FRANCE%20EN%20FINALE.mp4
Action : Controller not found
Value : 
Date : 07/25/2018 08:10:13 am
-------------------------------------------------------
IP + Date : ::1 - July 25, 2018, 8:17 am
-----------------
Url : http://localhost/Uteach/public/img/videos/R%C3%89ACTION%20A%20CHAUD%20DES%20JOUEURS%20!%20LA%20FRANCE%20EN%20FINALE.mp4
Action : Controller not found
Value : 
Date : 07/25/2018 08:17:35 am
-------------------------------------------------------
IP + Date : ::1 - July 25, 2018, 8:17 am
-----------------
Url : http://localhost/Uteach/public/img/videos/R%C3%89ACTION%20A%20CHAUD%20DES%20JOUEURS%20!%20LA%20FRANCE%20EN%20FINALE.mp4
Action : Controller not found
Value : 
Date : 07/25/2018 08:17:35 am
-------------------------------------------------------
IP + Date : ::1 - July 25, 2018, 8:26 am
-----------------
Url : http://localhost/Uteach/public/img/videos/R%C3%89ACTION%20A%20CHAUD%20DES%20JOUEURS%20!%20LA%20FRANCE%20EN%20FINALE.mp4
Action : Controller not found
Value : 
Date : 07/25/2018 08:26:24 am
-------------------------------------------------------
IP + Date : ::1 - July 25, 2018, 8:26 am
-----------------
Url : http://localhost/Uteach/public/img/videos/R%C3%89ACTION%20A%20CHAUD%20DES%20JOUEURS%20!%20LA%20FRANCE%20EN%20FINALE.mp4
Action : Controller not found
Value : 
Date : 07/25/2018 08:26:24 am
-------------------------------------------------------
IP + Date : ::1 - July 25, 2018, 8:26 am
-----------------
Url : http://localhost/Uteach/public/img/videos/R%C3%89ACTION%20A%20CHAUD%20DES%20JOUEURS%20!%20LA%20FRANCE%20EN%20FINALE.mp4
Action : Controller not found
Value : 
Date : 07/25/2018 08:26:33 am
-------------------------------------------------------
IP + Date : ::1 - July 25, 2018, 8:26 am
-----------------
Url : http://localhost/Uteach/public/img/videos/R%C3%89ACTION%20A%20CHAUD%20DES%20JOUEURS%20!%20LA%20FRANCE%20EN%20FINALE.mp4
Action : Controller not found
Value : 
Date : 07/25/2018 08:26:33 am
-------------------------------------------------------
IP + Date : ::1 - July 25, 2018, 8:27 am
-----------------
Url : http://localhost/Uteach/trainning/public/img/trainnings/711px-PHP-logo.svg.png
Action : Action not found
Value : publicAction in TrainningController
Date : 07/25/2018 08:27:37 am
-------------------------------------------------------
IP + Date : ::1 - July 25, 2018, 8:27 am
-----------------
Url : http://localhost/Uteach/index/public/img/chapters/711px-PHP-logo.svg.png
Action : Action not found
Value : publicAction in IndexController
Date : 07/25/2018 08:27:43 am
-------------------------------------------------------
IP + Date : ::1 - July 25, 2018, 8:27 am
-----------------
Url : http://localhost/Uteach/index/public/img/trainnings/711px-PHP-logo.svg.png
Action : Action not found
Value : publicAction in IndexController
Date : 07/25/2018 08:27:43 am
-------------------------------------------------------
IP + Date : ::1 - July 25, 2018, 8:27 am
-----------------
Url : http://localhost/Uteach/index/public/img/chapters/711px-PHP-logo.svg.png
Action : Action not found
Value : publicAction in IndexController
Date : 07/25/2018 08:27:51 am
-------------------------------------------------------
IP + Date : ::1 - July 25, 2018, 8:28 am
-----------------
Url : http://localhost/Uteach/index/public/img/chapters/711px-PHP-logo.svg.png
Action : Action not found
Value : publicAction in IndexController
Date : 07/25/2018 08:28:14 am
-------------------------------------------------------
IP + Date : ::1 - July 25, 2018, 8:28 am
-----------------
Url : http://localhost/Uteach/index/public/img/trainnings/711px-PHP-logo.svg.png
Action : Action not found
Value : publicAction in IndexController
Date : 07/25/2018 08:28:14 am
-------------------------------------------------------
IP + Date : ::1 - July 25, 2018, 8:28 am
-----------------
Url : http://localhost/Uteach/index/public/img/chapters/711px-PHP-logo.svg.png
Action : Action not found
Value : publicAction in IndexController
Date : 07/25/2018 08:28:17 am
-------------------------------------------------------
IP + Date : ::1 - July 25, 2018, 8:28 am
-----------------
Url : http://localhost/Uteach/public/img/videos/R%C3%89ACTION%20A%20CHAUD%20DES%20JOUEURS%20!%20LA%20FRANCE%20EN%20FINALE.mp4
Action : Controller not found
Value : 
Date : 07/25/2018 08:28:51 am
-------------------------------------------------------
IP + Date : ::1 - July 25, 2018, 8:28 am
-----------------
Url : http://localhost/Uteach/public/img/videos/R%C3%89ACTION%20A%20CHAUD%20DES%20JOUEURS%20!%20LA%20FRANCE%20EN%20FINALE.mp4
Action : Controller not found
Value : 
Date : 07/25/2018 08:28:52 am
-------------------------------------------------------
IP + Date : ::1 - July 25, 2018, 8:29 am
-----------------
Url : http://localhost/Uteach/trainning/public/img/trainnings/711px-PHP-logo.svg.png
Action : Action not found
Value : publicAction in TrainningController
Date : 07/25/2018 08:29:04 am
-------------------------------------------------------
IP + Date : ::1 - July 25, 2018, 8:32 am
-----------------
Url : http://localhost/Uteach/public/img/videos/R%C3%89ACTION%20A%20CHAUD%20DES%20JOUEURS%20!%20LA%20FRANCE%20EN%20FINALE.mp4
Action : Controller not found
Value : 
Date : 07/25/2018 08:32:09 am
-------------------------------------------------------
IP + Date : ::1 - July 25, 2018, 8:32 am
-----------------
Url : http://localhost/Uteach/public/img/videos/R%C3%89ACTION%20A%20CHAUD%20DES%20JOUEURS%20!%20LA%20FRANCE%20EN%20FINALE.mp4
Action : Controller not found
Value : 
Date : 07/25/2018 08:32:09 am
-------------------------------------------------------
IP + Date : ::1 - July 25, 2018, 9:21 am
-----------------
Url : http://localhost/Uteach/public/img/videos/R%C3%89ACTION%20A%20CHAUD%20DES%20JOUEURS%20!%20LA%20FRANCE%20EN%20FINALE.mp4
Action : Controller not found
Value : 
Date : 07/25/2018 09:21:17 am
-------------------------------------------------------
IP + Date : ::1 - July 25, 2018, 9:21 am
-----------------
Url : http://localhost/Uteach/public/img/videos/R%C3%89ACTION%20A%20CHAUD%20DES%20JOUEURS%20!%20LA%20FRANCE%20EN%20FINALE.mp4
Action : Controller not found
Value : 
Date : 07/25/2018 09:21:17 am
-------------------------------------------------------
IP + Date : ::1 - July 25, 2018, 9:21 am
-----------------
Url : http://localhost/Uteach/public/img/videos/R%C3%89ACTION%20A%20CHAUD%20DES%20JOUEURS%20!%20LA%20FRANCE%20EN%20FINALE.mp4
Action : Controller not found
Value : 
Date : 07/25/2018 09:21:40 am
-------------------------------------------------------
IP + Date : ::1 - July 25, 2018, 9:21 am
-----------------
Url : http://localhost/Uteach/public/img/videos/R%C3%89ACTION%20A%20CHAUD%20DES%20JOUEURS%20!%20LA%20FRANCE%20EN%20FINALE.mp4
Action : Controller not found
Value : 
Date : 07/25/2018 09:21:40 am
-------------------------------------------------------
IP + Date : ::1 - July 25, 2018, 9:21 am
-----------------
Url : http://localhost/Uteach/public/img/videos/R%C3%89ACTION%20A%20CHAUD%20DES%20JOUEURS%20!%20LA%20FRANCE%20EN%20FINALE.mp4
Action : Controller not found
Value : 
Date : 07/25/2018 09:21:57 am
-------------------------------------------------------
IP + Date : ::1 - July 25, 2018, 9:21 am
-----------------
Url : http://localhost/Uteach/public/img/videos/R%C3%89ACTION%20A%20CHAUD%20DES%20JOUEURS%20!%20LA%20FRANCE%20EN%20FINALE.mp4
Action : Controller not found
Value : 
Date : 07/25/2018 09:21:57 am
-------------------------------------------------------
