IP + Date : ::1 - July 24, 2018, 2:28 pm
-----------------
Url : http://localhost/Uteach/public/img/videos/R%C3%89ACTION%20A%20CHAUD%20DES%20JOUEURS%20!%20LA%20FRANCE%20EN%20FINALE.mp4
Action : Controller not found
Value : 
Date : 07/24/2018 02:28:30 pm
-------------------------------------------------------
IP + Date : ::1 - July 24, 2018, 2:28 pm
-----------------
Url : http://localhost/Uteach/public/img/videos/R%C3%89ACTION%20A%20CHAUD%20DES%20JOUEURS%20!%20LA%20FRANCE%20EN%20FINALE.mp4
Action : Controller not found
Value : 
Date : 07/24/2018 02:28:30 pm
-------------------------------------------------------
IP + Date : ::1 - July 24, 2018, 2:31 pm
-----------------
Url : http://localhost/Uteach/public/img/videos/R%C3%89ACTION%20A%20CHAUD%20DES%20JOUEURS%20!%20LA%20FRANCE%20EN%20FINALE.mp4
Action : Controller not found
Value : 
Date : 07/24/2018 02:31:52 pm
-------------------------------------------------------
IP + Date : ::1 - July 24, 2018, 2:31 pm
-----------------
Url : http://localhost/Uteach/public/img/videos/R%C3%89ACTION%20A%20CHAUD%20DES%20JOUEURS%20!%20LA%20FRANCE%20EN%20FINALE.mp4
Action : Controller not found
Value : 
Date : 07/24/2018 02:31:52 pm
-------------------------------------------------------
IP + Date : ::1 - July 24, 2018, 2:31 pm
-----------------
Url : http://localhost/Uteach/public/img/videos/R%C3%89ACTION%20A%20CHAUD%20DES%20JOUEURS%20!%20LA%20FRANCE%20EN%20FINALE.mp4
Action : Controller not found
Value : 
Date : 07/24/2018 02:31:55 pm
-------------------------------------------------------
IP + Date : ::1 - July 24, 2018, 2:31 pm
-----------------
Url : http://localhost/Uteach/public/img/videos/R%C3%89ACTION%20A%20CHAUD%20DES%20JOUEURS%20!%20LA%20FRANCE%20EN%20FINALE.mp4
Action : Controller not found
Value : 
Date : 07/24/2018 02:31:55 pm
-------------------------------------------------------
IP + Date : ::1 - July 24, 2018, 2:45 pm
-----------------
Url : http://localhost/Uteach/trainning/public/img/trainnings/711px-PHP-logo.svg.png
Action : Action not found
Value : publicAction in TrainningController
Date : 07/24/2018 02:45:03 pm
-------------------------------------------------------
IP + Date : ::1 - July 24, 2018, 2:45 pm
-----------------
Url : http://localhost/Uteach/chapter/public/img/chapters/711px-PHP-logo.svg.png
Action : Action not found
Value : publicAction in ChapterController
Date : 07/24/2018 02:45:18 pm
-------------------------------------------------------
IP + Date : ::1 - July 24, 2018, 2:54 pm
-----------------
Url : http://localhost/Uteach/public/img/videos/R%C3%89ACTION%20A%20CHAUD%20DES%20JOUEURS%20!%20LA%20FRANCE%20EN%20FINALE.mp4
Action : Controller not found
Value : 
Date : 07/24/2018 02:54:29 pm
-------------------------------------------------------
IP + Date : ::1 - July 24, 2018, 2:54 pm
-----------------
Url : http://localhost/Uteach/public/img/videos/R%C3%89ACTION%20A%20CHAUD%20DES%20JOUEURS%20!%20LA%20FRANCE%20EN%20FINALE.mp4
Action : Controller not found
Value : 
Date : 07/24/2018 02:54:29 pm
-------------------------------------------------------
IP + Date : ::1 - July 24, 2018, 2:54 pm
-----------------
Url : http://localhost/Uteach/public/img/videos/R%C3%89ACTION%20A%20CHAUD%20DES%20JOUEURS%20!%20LA%20FRANCE%20EN%20FINALE.mp4
Action : Controller not found
Value : 
Date : 07/24/2018 02:54:49 pm
-------------------------------------------------------
IP + Date : ::1 - July 24, 2018, 2:54 pm
-----------------
Url : http://localhost/Uteach/public/img/videos/R%C3%89ACTION%20A%20CHAUD%20DES%20JOUEURS%20!%20LA%20FRANCE%20EN%20FINALE.mp4
Action : Controller not found
Value : 
Date : 07/24/2018 02:54:49 pm
-------------------------------------------------------
IP + Date : ::1 - July 24, 2018, 2:54 pm
-----------------
Url : http://localhost/Uteach/public/img/videos/R%C3%89ACTION%20A%20CHAUD%20DES%20JOUEURS%20!%20LA%20FRANCE%20EN%20FINALE.mp4
Action : Controller not found
Value : 
Date : 07/24/2018 02:54:58 pm
-------------------------------------------------------
IP + Date : ::1 - July 24, 2018, 2:54 pm
-----------------
Url : http://localhost/Uteach/public/img/videos/R%C3%89ACTION%20A%20CHAUD%20DES%20JOUEURS%20!%20LA%20FRANCE%20EN%20FINALE.mp4
Action : Controller not found
Value : 
Date : 07/24/2018 02:54:58 pm
-------------------------------------------------------
IP + Date : ::1 - July 24, 2018, 2:55 pm
-----------------
Url : http://localhost/Uteach/public/img/videos/R%C3%89ACTION%20A%20CHAUD%20DES%20JOUEURS%20!%20LA%20FRANCE%20EN%20FINALE.mp4
Action : Controller not found
Value : 
Date : 07/24/2018 02:55:20 pm
-------------------------------------------------------
IP + Date : ::1 - July 24, 2018, 2:55 pm
-----------------
Url : http://localhost/Uteach/public/img/videos/R%C3%89ACTION%20A%20CHAUD%20DES%20JOUEURS%20!%20LA%20FRANCE%20EN%20FINALE.mp4
Action : Controller not found
Value : 
Date : 07/24/2018 02:55:20 pm
-------------------------------------------------------
IP + Date : ::1 - July 24, 2018, 2:55 pm
-----------------
Url : http://localhost/Uteach/public/img/videos/R%C3%89ACTION%20A%20CHAUD%20DES%20JOUEURS%20!%20LA%20FRANCE%20EN%20FINALE.mp4
Action : Controller not found
Value : 
Date : 07/24/2018 02:55:28 pm
-------------------------------------------------------
IP + Date : ::1 - July 24, 2018, 2:55 pm
-----------------
Url : http://localhost/Uteach/public/img/videos/R%C3%89ACTION%20A%20CHAUD%20DES%20JOUEURS%20!%20LA%20FRANCE%20EN%20FINALE.mp4
Action : Controller not found
Value : 
Date : 07/24/2018 02:55:28 pm
-------------------------------------------------------
IP + Date : ::1 - July 24, 2018, 2:55 pm
-----------------
Url : http://localhost/Uteach/public/img/videos/R%C3%89ACTION%20A%20CHAUD%20DES%20JOUEURS%20!%20LA%20FRANCE%20EN%20FINALE.mp4
Action : Controller not found
Value : 
Date : 07/24/2018 02:55:50 pm
-------------------------------------------------------
IP + Date : ::1 - July 24, 2018, 2:55 pm
-----------------
Url : http://localhost/Uteach/public/img/videos/R%C3%89ACTION%20A%20CHAUD%20DES%20JOUEURS%20!%20LA%20FRANCE%20EN%20FINALE.mp4
Action : Controller not found
Value : 
Date : 07/24/2018 02:55:50 pm
-------------------------------------------------------
IP + Date : ::1 - July 24, 2018, 2:56 pm
-----------------
Url : http://localhost/Uteach/public/img/videos/R%C3%89ACTION%20A%20CHAUD%20DES%20JOUEURS%20!%20LA%20FRANCE%20EN%20FINALE.mp4
Action : Controller not found
Value : 
Date : 07/24/2018 02:56:04 pm
-------------------------------------------------------
IP + Date : ::1 - July 24, 2018, 2:56 pm
-----------------
Url : http://localhost/Uteach/public/img/videos/R%C3%89ACTION%20A%20CHAUD%20DES%20JOUEURS%20!%20LA%20FRANCE%20EN%20FINALE.mp4
Action : Controller not found
Value : 
Date : 07/24/2018 02:56:04 pm
-------------------------------------------------------
IP + Date : ::1 - July 24, 2018, 2:57 pm
-----------------
Url : http://localhost/Uteach/public/img/videos/R%C3%89ACTION%20A%20CHAUD%20DES%20JOUEURS%20!%20LA%20FRANCE%20EN%20FINALE.mp4
Action : Controller not found
Value : 
Date : 07/24/2018 02:57:11 pm
-------------------------------------------------------
IP + Date : ::1 - July 24, 2018, 2:57 pm
-----------------
Url : http://localhost/Uteach/public/img/videos/R%C3%89ACTION%20A%20CHAUD%20DES%20JOUEURS%20!%20LA%20FRANCE%20EN%20FINALE.mp4
Action : Controller not found
Value : 
Date : 07/24/2018 02:57:11 pm
-------------------------------------------------------
IP + Date : ::1 - July 24, 2018, 2:57 pm
-----------------
Url : http://localhost/Uteach/public/img/videos/R%C3%89ACTION%20A%20CHAUD%20DES%20JOUEURS%20!%20LA%20FRANCE%20EN%20FINALE.mp4
Action : Controller not found
Value : 
Date : 07/24/2018 02:57:55 pm
-------------------------------------------------------
IP + Date : ::1 - July 24, 2018, 2:57 pm
-----------------
Url : http://localhost/Uteach/public/img/videos/R%C3%89ACTION%20A%20CHAUD%20DES%20JOUEURS%20!%20LA%20FRANCE%20EN%20FINALE.mp4
Action : Controller not found
Value : 
Date : 07/24/2018 02:57:55 pm
-------------------------------------------------------
IP + Date : ::1 - July 24, 2018, 3:10 pm
-----------------
Url : http://localhost/Uteach/index/public/img/chapters/711px-PHP-logo.svg.png
Action : Action not found
Value : publicAction in IndexController
Date : 07/24/2018 03:10:17 pm
-------------------------------------------------------
IP + Date : ::1 - July 24, 2018, 3:10 pm
-----------------
Url : http://localhost/Uteach/index/public/img/trainnings/711px-PHP-logo.svg.png
Action : Action not found
Value : publicAction in IndexController
Date : 07/24/2018 03:10:17 pm
-------------------------------------------------------
IP + Date : ::1 - July 24, 2018, 3:10 pm
-----------------
Url : http://localhost/Uteach/public/img/videos/R%C3%89ACTION%20A%20CHAUD%20DES%20JOUEURS%20!%20LA%20FRANCE%20EN%20FINALE.mp4
Action : Controller not found
Value : 
Date : 07/24/2018 03:10:17 pm
-------------------------------------------------------
IP + Date : ::1 - July 24, 2018, 3:10 pm
-----------------
Url : http://localhost/Uteach/public/img/videos/R%C3%89ACTION%20A%20CHAUD%20DES%20JOUEURS%20!%20LA%20FRANCE%20EN%20FINALE.mp4
Action : Controller not found
Value : 
Date : 07/24/2018 03:10:17 pm
-------------------------------------------------------
IP + Date : ::1 - July 24, 2018, 3:10 pm
-----------------
Url : http://localhost/Uteach/index/public/img/chapters/711px-PHP-logo.svg.png
Action : Action not found
Value : publicAction in IndexController
Date : 07/24/2018 03:10:42 pm
-------------------------------------------------------
IP + Date : ::1 - July 24, 2018, 3:10 pm
-----------------
Url : http://localhost/Uteach/index/public/img/trainnings/711px-PHP-logo.svg.png
Action : Action not found
Value : publicAction in IndexController
Date : 07/24/2018 03:10:42 pm
-------------------------------------------------------
IP + Date : ::1 - July 24, 2018, 3:10 pm
-----------------
Url : http://localhost/Uteach/public/img/videos/R%C3%89ACTION%20A%20CHAUD%20DES%20JOUEURS%20!%20LA%20FRANCE%20EN%20FINALE.mp4
Action : Controller not found
Value : 
Date : 07/24/2018 03:10:42 pm
-------------------------------------------------------
IP + Date : ::1 - July 24, 2018, 3:10 pm
-----------------
Url : http://localhost/Uteach/public/img/videos/R%C3%89ACTION%20A%20CHAUD%20DES%20JOUEURS%20!%20LA%20FRANCE%20EN%20FINALE.mp4
Action : Controller not found
Value : 
Date : 07/24/2018 03:10:43 pm
-------------------------------------------------------
IP + Date : ::1 - July 24, 2018, 3:41 pm
-----------------
Url : http://localhost/Uteach/index/public/img/chapters/711px-PHP-logo.svg.png
Action : Action not found
Value : publicAction in IndexController
Date : 07/24/2018 03:41:35 pm
-------------------------------------------------------
IP + Date : ::1 - July 24, 2018, 3:41 pm
-----------------
Url : http://localhost/Uteach/index/public/img/trainnings/711px-PHP-logo.svg.png
Action : Action not found
Value : publicAction in IndexController
Date : 07/24/2018 03:41:35 pm
-------------------------------------------------------
IP + Date : ::1 - July 24, 2018, 3:41 pm
-----------------
Url : http://localhost/Uteach/public/img/videos/R%C3%89ACTION%20A%20CHAUD%20DES%20JOUEURS%20!%20LA%20FRANCE%20EN%20FINALE.mp4
Action : Controller not found
Value : 
Date : 07/24/2018 03:41:35 pm
-------------------------------------------------------
IP + Date : ::1 - July 24, 2018, 3:41 pm
-----------------
Url : http://localhost/Uteach/public/img/videos/R%C3%89ACTION%20A%20CHAUD%20DES%20JOUEURS%20!%20LA%20FRANCE%20EN%20FINALE.mp4
Action : Controller not found
Value : 
Date : 07/24/2018 03:41:35 pm
-------------------------------------------------------
IP + Date : ::1 - July 24, 2018, 3:43 pm
-----------------
Url : http://localhost/Uteach/public/img/videos/R%C3%89ACTION%20A%20CHAUD%20DES%20JOUEURS%20!%20LA%20FRANCE%20EN%20FINALE.mp4
Action : Controller not found
Value : 
Date : 07/24/2018 03:43:27 pm
-------------------------------------------------------
IP + Date : ::1 - July 24, 2018, 3:43 pm
-----------------
Url : http://localhost/Uteach/public/img/videos/R%C3%89ACTION%20A%20CHAUD%20DES%20JOUEURS%20!%20LA%20FRANCE%20EN%20FINALE.mp4
Action : Controller not found
Value : 
Date : 07/24/2018 03:43:27 pm
-------------------------------------------------------
IP + Date : ::1 - July 24, 2018, 4:38 pm
-----------------
Url : http://localhost/Uteach/public/img/videos/R%C3%89ACTION%20A%20CHAUD%20DES%20JOUEURS%20!%20LA%20FRANCE%20EN%20FINALE.mp4
Action : Controller not found
Value : 
Date : 07/24/2018 04:38:47 pm
-------------------------------------------------------
IP + Date : ::1 - July 24, 2018, 4:38 pm
-----------------
Url : http://localhost/Uteach/public/img/videos/R%C3%89ACTION%20A%20CHAUD%20DES%20JOUEURS%20!%20LA%20FRANCE%20EN%20FINALE.mp4
Action : Controller not found
Value : 
Date : 07/24/2018 04:38:47 pm
-------------------------------------------------------
IP + Date : ::1 - July 24, 2018, 4:38 pm
-----------------
Url : http://localhost/Uteach/index/public/img/chapters/711px-PHP-logo.svg.png
Action : Action not found
Value : publicAction in IndexController
Date : 07/24/2018 04:38:56 pm
-------------------------------------------------------
IP + Date : ::1 - July 24, 2018, 4:38 pm
-----------------
Url : http://localhost/Uteach/index/public/img/trainnings/711px-PHP-logo.svg.png
Action : Action not found
Value : publicAction in IndexController
Date : 07/24/2018 04:38:56 pm
-------------------------------------------------------
IP + Date : ::1 - July 24, 2018, 4:38 pm
-----------------
Url : http://localhost/Uteach/public/img/videos/R%C3%89ACTION%20A%20CHAUD%20DES%20JOUEURS%20!%20LA%20FRANCE%20EN%20FINALE.mp4
Action : Controller not found
Value : 
Date : 07/24/2018 04:38:56 pm
-------------------------------------------------------
IP + Date : ::1 - July 24, 2018, 4:38 pm
-----------------
Url : http://localhost/Uteach/public/img/videos/R%C3%89ACTION%20A%20CHAUD%20DES%20JOUEURS%20!%20LA%20FRANCE%20EN%20FINALE.mp4
Action : Controller not found
Value : 
Date : 07/24/2018 04:38:56 pm
-------------------------------------------------------
IP + Date : ::1 - July 24, 2018, 4:56 pm
-----------------
Url : http://localhost/Uteach/public/img/videos/R%C3%89ACTION%20A%20CHAUD%20DES%20JOUEURS%20!%20LA%20FRANCE%20EN%20FINALE.mp4
Action : Controller not found
Value : 
Date : 07/24/2018 04:56:52 pm
-------------------------------------------------------
IP + Date : ::1 - July 24, 2018, 4:56 pm
-----------------
Url : http://localhost/Uteach/public/img/videos/R%C3%89ACTION%20A%20CHAUD%20DES%20JOUEURS%20!%20LA%20FRANCE%20EN%20FINALE.mp4
Action : Controller not found
Value : 
Date : 07/24/2018 04:56:52 pm
-------------------------------------------------------
IP + Date : ::1 - July 24, 2018, 4:57 pm
-----------------
Url : http://localhost/Uteach/chapter/public/img/chapters/711px-PHP-logo.svg.png
Action : Action not found
Value : publicAction in ChapterController
Date : 07/24/2018 04:57:02 pm
-------------------------------------------------------
IP + Date : ::1 - July 24, 2018, 4:57 pm
-----------------
Url : http://localhost/Uteach/public/img/videos/R%C3%89ACTION%20A%20CHAUD%20DES%20JOUEURS%20!%20LA%20FRANCE%20EN%20FINALE.mp4
Action : Controller not found
Value : 
Date : 07/24/2018 04:57:06 pm
-------------------------------------------------------
IP + Date : ::1 - July 24, 2018, 4:57 pm
-----------------
Url : http://localhost/Uteach/public/img/videos/R%C3%89ACTION%20A%20CHAUD%20DES%20JOUEURS%20!%20LA%20FRANCE%20EN%20FINALE.mp4
Action : Controller not found
Value : 
Date : 07/24/2018 04:57:06 pm
-------------------------------------------------------
IP + Date : ::1 - July 24, 2018, 4:58 pm
-----------------
Url : http://localhost/Uteach/public/img/videos/R%C3%89ACTION%20A%20CHAUD%20DES%20JOUEURS%20!%20LA%20FRANCE%20EN%20FINALE.mp4
Action : Controller not found
Value : 
Date : 07/24/2018 04:58:54 pm
-------------------------------------------------------
IP + Date : ::1 - July 24, 2018, 4:58 pm
-----------------
Url : http://localhost/Uteach/public/img/videos/R%C3%89ACTION%20A%20CHAUD%20DES%20JOUEURS%20!%20LA%20FRANCE%20EN%20FINALE.mp4
Action : Controller not found
Value : 
Date : 07/24/2018 04:58:55 pm
-------------------------------------------------------
IP + Date : ::1 - July 24, 2018, 4:59 pm
-----------------
Url : http://localhost/Uteach/public/img/videos/R%C3%89ACTION%20A%20CHAUD%20DES%20JOUEURS%20!%20LA%20FRANCE%20EN%20FINALE.mp4
Action : Controller not found
Value : 
Date : 07/24/2018 04:59:37 pm
-------------------------------------------------------
IP + Date : ::1 - July 24, 2018, 4:59 pm
-----------------
Url : http://localhost/Uteach/public/img/videos/R%C3%89ACTION%20A%20CHAUD%20DES%20JOUEURS%20!%20LA%20FRANCE%20EN%20FINALE.mp4
Action : Controller not found
Value : 
Date : 07/24/2018 04:59:37 pm
-------------------------------------------------------
IP + Date : ::1 - July 24, 2018, 4:59 pm
-----------------
Url : http://localhost/Uteach/public/img/videos/R%C3%89ACTION%20A%20CHAUD%20DES%20JOUEURS%20!%20LA%20FRANCE%20EN%20FINALE.mp4
Action : Controller not found
Value : 
Date : 07/24/2018 04:59:46 pm
-------------------------------------------------------
IP + Date : ::1 - July 24, 2018, 4:59 pm
-----------------
Url : http://localhost/Uteach/public/img/videos/R%C3%89ACTION%20A%20CHAUD%20DES%20JOUEURS%20!%20LA%20FRANCE%20EN%20FINALE.mp4
Action : Controller not found
Value : 
Date : 07/24/2018 04:59:46 pm
-------------------------------------------------------
IP + Date : ::1 - July 24, 2018, 5:06 pm
-----------------
Url : http://localhost/Uteach/public/img/videos/R%C3%89ACTION%20A%20CHAUD%20DES%20JOUEURS%20!%20LA%20FRANCE%20EN%20FINALE.mp4
Action : Controller not found
Value : 
Date : 07/24/2018 05:06:58 pm
-------------------------------------------------------
IP + Date : ::1 - July 24, 2018, 5:06 pm
-----------------
Url : http://localhost/Uteach/public/img/videos/R%C3%89ACTION%20A%20CHAUD%20DES%20JOUEURS%20!%20LA%20FRANCE%20EN%20FINALE.mp4
Action : Controller not found
Value : 
Date : 07/24/2018 05:06:58 pm
-------------------------------------------------------
IP + Date : ::1 - July 24, 2018, 5:18 pm
-----------------
Url : http://localhost/Uteach/public/img/videos/R%C3%89ACTION%20A%20CHAUD%20DES%20JOUEURS%20!%20LA%20FRANCE%20EN%20FINALE.mp4
Action : Controller not found
Value : 
Date : 07/24/2018 05:18:15 pm
-------------------------------------------------------
IP + Date : ::1 - July 24, 2018, 5:18 pm
-----------------
Url : http://localhost/Uteach/public/img/videos/R%C3%89ACTION%20A%20CHAUD%20DES%20JOUEURS%20!%20LA%20FRANCE%20EN%20FINALE.mp4
Action : Controller not found
Value : 
Date : 07/24/2018 05:18:15 pm
-------------------------------------------------------
IP + Date : ::1 - July 24, 2018, 5:45 pm
-----------------
Url : http://localhost/Uteach/public/img/videos/R%C3%89ACTION%20A%20CHAUD%20DES%20JOUEURS%20!%20LA%20FRANCE%20EN%20FINALE.mp4
Action : Controller not found
Value : 
Date : 07/24/2018 05:45:14 pm
-------------------------------------------------------
IP + Date : ::1 - July 24, 2018, 5:45 pm
-----------------
Url : http://localhost/Uteach/public/img/videos/R%C3%89ACTION%20A%20CHAUD%20DES%20JOUEURS%20!%20LA%20FRANCE%20EN%20FINALE.mp4
Action : Controller not found
Value : 
Date : 07/24/2018 05:45:14 pm
-------------------------------------------------------
IP + Date : ::1 - July 24, 2018, 5:57 pm
-----------------
Url : http://localhost/Uteach/public/img/videos/R%C3%89ACTION%20A%20CHAUD%20DES%20JOUEURS%20!%20LA%20FRANCE%20EN%20FINALE.mp4
Action : Controller not found
Value : 
Date : 07/24/2018 05:57:39 pm
-------------------------------------------------------
IP + Date : ::1 - July 24, 2018, 5:57 pm
-----------------
Url : http://localhost/Uteach/public/img/videos/R%C3%89ACTION%20A%20CHAUD%20DES%20JOUEURS%20!%20LA%20FRANCE%20EN%20FINALE.mp4
Action : Controller not found
Value : 
Date : 07/24/2018 05:57:39 pm
-------------------------------------------------------
IP + Date : ::1 - July 24, 2018, 6:03 pm
-----------------
Url : http://localhost/Uteach/public/img/videos/R%C3%89ACTION%20A%20CHAUD%20DES%20JOUEURS%20!%20LA%20FRANCE%20EN%20FINALE.mp4
Action : Controller not found
Value : 
Date : 07/24/2018 06:03:47 pm
-------------------------------------------------------
IP + Date : ::1 - July 24, 2018, 6:03 pm
-----------------
Url : http://localhost/Uteach/public/img/videos/R%C3%89ACTION%20A%20CHAUD%20DES%20JOUEURS%20!%20LA%20FRANCE%20EN%20FINALE.mp4
Action : Controller not found
Value : 
Date : 07/24/2018 06:03:47 pm
-------------------------------------------------------
IP + Date : ::1 - July 24, 2018, 6:04 pm
-----------------
Url : http://localhost/Uteach/public/img/videos/R%C3%89ACTION%20A%20CHAUD%20DES%20JOUEURS%20!%20LA%20FRANCE%20EN%20FINALE.mp4
Action : Controller not found
Value : 
Date : 07/24/2018 06:04:06 pm
-------------------------------------------------------
IP + Date : ::1 - July 24, 2018, 6:04 pm
-----------------
Url : http://localhost/Uteach/public/img/videos/R%C3%89ACTION%20A%20CHAUD%20DES%20JOUEURS%20!%20LA%20FRANCE%20EN%20FINALE.mp4
Action : Controller not found
Value : 
Date : 07/24/2018 06:04:06 pm
-------------------------------------------------------
IP + Date : ::1 - July 24, 2018, 6:13 pm
-----------------
Url : http://localhost/Uteach/public/img/videos/R%C3%89ACTION%20A%20CHAUD%20DES%20JOUEURS%20!%20LA%20FRANCE%20EN%20FINALE.mp4
Action : Controller not found
Value : 
Date : 07/24/2018 06:13:18 pm
-------------------------------------------------------
IP + Date : ::1 - July 24, 2018, 6:13 pm
-----------------
Url : http://localhost/Uteach/public/img/videos/R%C3%89ACTION%20A%20CHAUD%20DES%20JOUEURS%20!%20LA%20FRANCE%20EN%20FINALE.mp4
Action : Controller not found
Value : 
Date : 07/24/2018 06:13:18 pm
-------------------------------------------------------
IP + Date : ::1 - July 24, 2018, 6:22 pm
-----------------
Url : http://localhost/Uteach/public/img/videos/R%C3%89ACTION%20A%20CHAUD%20DES%20JOUEURS%20!%20LA%20FRANCE%20EN%20FINALE.mp4
Action : Controller not found
Value : 
Date : 07/24/2018 06:22:33 pm
-------------------------------------------------------
IP + Date : ::1 - July 24, 2018, 6:22 pm
-----------------
Url : http://localhost/Uteach/public/img/videos/R%C3%89ACTION%20A%20CHAUD%20DES%20JOUEURS%20!%20LA%20FRANCE%20EN%20FINALE.mp4
Action : Controller not found
Value : 
Date : 07/24/2018 06:22:33 pm
-------------------------------------------------------
IP + Date : ::1 - July 24, 2018, 6:22 pm
-----------------
Url : http://localhost/Uteach/public/img/videos/R%C3%89ACTION%20A%20CHAUD%20DES%20JOUEURS%20!%20LA%20FRANCE%20EN%20FINALE.mp4
Action : Controller not found
Value : 
Date : 07/24/2018 06:22:56 pm
-------------------------------------------------------
IP + Date : ::1 - July 24, 2018, 6:22 pm
-----------------
Url : http://localhost/Uteach/public/img/videos/R%C3%89ACTION%20A%20CHAUD%20DES%20JOUEURS%20!%20LA%20FRANCE%20EN%20FINALE.mp4
Action : Controller not found
Value : 
Date : 07/24/2018 06:22:56 pm
-------------------------------------------------------
IP + Date : ::1 - July 24, 2018, 6:27 pm
-----------------
Url : http://localhost/Uteach/public/img/videos/R%C3%89ACTION%20A%20CHAUD%20DES%20JOUEURS%20!%20LA%20FRANCE%20EN%20FINALE.mp4
Action : Controller not found
Value : 
Date : 07/24/2018 06:27:46 pm
-------------------------------------------------------
IP + Date : ::1 - July 24, 2018, 6:27 pm
-----------------
Url : http://localhost/Uteach/public/img/videos/R%C3%89ACTION%20A%20CHAUD%20DES%20JOUEURS%20!%20LA%20FRANCE%20EN%20FINALE.mp4
Action : Controller not found
Value : 
Date : 07/24/2018 06:27:46 pm
-------------------------------------------------------
IP + Date : ::1 - July 24, 2018, 6:33 pm
-----------------
Url : http://localhost/Uteach/public/img/videos/R%C3%89ACTION%20A%20CHAUD%20DES%20JOUEURS%20!%20LA%20FRANCE%20EN%20FINALE.mp4
Action : Controller not found
Value : 
Date : 07/24/2018 06:33:06 pm
-------------------------------------------------------
IP + Date : ::1 - July 24, 2018, 6:33 pm
-----------------
Url : http://localhost/Uteach/public/img/videos/R%C3%89ACTION%20A%20CHAUD%20DES%20JOUEURS%20!%20LA%20FRANCE%20EN%20FINALE.mp4
Action : Controller not found
Value : 
Date : 07/24/2018 06:33:06 pm
-------------------------------------------------------
IP + Date : ::1 - July 24, 2018, 6:43 pm
-----------------
Url : http://localhost/Uteach/public/img/videos/R%C3%89ACTION%20A%20CHAUD%20DES%20JOUEURS%20!%20LA%20FRANCE%20EN%20FINALE.mp4
Action : Controller not found
Value : 
Date : 07/24/2018 06:43:47 pm
-------------------------------------------------------
IP + Date : ::1 - July 24, 2018, 6:43 pm
-----------------
Url : http://localhost/Uteach/public/img/videos/R%C3%89ACTION%20A%20CHAUD%20DES%20JOUEURS%20!%20LA%20FRANCE%20EN%20FINALE.mp4
Action : Controller not found
Value : 
Date : 07/24/2018 06:43:47 pm
-------------------------------------------------------
IP + Date : ::1 - July 24, 2018, 7:35 pm
-----------------
Url : http://localhost/Uteach/index/crawl?url=/Uteach/
Action : Class not found
Value : 
Date : 07/24/2018 07:35:15 pm
-------------------------------------------------------
IP + Date : ::1 - July 24, 2018, 7:35 pm
-----------------
Url : http://localhost/Uteach/index/crawl?url=/Uteach/
Action : Class not found
Value : 
Date : 07/24/2018 07:35:16 pm
-------------------------------------------------------
IP + Date : ::1 - July 24, 2018, 7:35 pm
-----------------
Url : http://localhost/Uteach/index/crawl?url=trainning/trainning?id=36&process=1
Action : Class not found
Value : 
Date : 07/24/2018 07:35:16 pm
-------------------------------------------------------
IP + Date : ::1 - July 24, 2018, 7:35 pm
-----------------
Url : http://localhost/Uteach/index/crawl?url=trainning/trainning?id=36&process=1
Action : Class not found
Value : 
Date : 07/24/2018 07:35:16 pm
-------------------------------------------------------
IP + Date : ::1 - July 24, 2018, 7:35 pm
-----------------
Url : http://localhost/Uteach/public/img/videos/R%C3%89ACTION%20A%20CHAUD%20DES%20JOUEURS%20!%20LA%20FRANCE%20EN%20FINALE.mp4
Action : Controller not found
Value : 
Date : 07/24/2018 07:35:16 pm
-------------------------------------------------------
IP + Date : ::1 - July 24, 2018, 7:35 pm
-----------------
Url : http://localhost/Uteach/public/img/videos/R%C3%89ACTION%20A%20CHAUD%20DES%20JOUEURS%20!%20LA%20FRANCE%20EN%20FINALE.mp4
Action : Controller not found
Value : 
Date : 07/24/2018 07:35:16 pm
-------------------------------------------------------
IP + Date : ::1 - July 24, 2018, 7:35 pm
-----------------
Url : http://localhost/Uteach/index/crawl?url=trainning/trainning?id=37&process=1
Action : Class not found
Value : 
Date : 07/24/2018 07:35:17 pm
-------------------------------------------------------
IP + Date : ::1 - July 24, 2018, 7:35 pm
-----------------
Url : http://localhost/Uteach/index/crawl?url=trainning/trainning?id=37&process=1
Action : Class not found
Value : 
Date : 07/24/2018 07:35:17 pm
-------------------------------------------------------
IP + Date : ::1 - July 24, 2018, 7:35 pm
-----------------
Url : http://localhost/Uteach/index/crawl?url=trainning/trainning?id=38&process=1
Action : Class not found
Value : 
Date : 07/24/2018 07:35:18 pm
-------------------------------------------------------
IP + Date : ::1 - July 24, 2018, 7:35 pm
-----------------
Url : http://localhost/Uteach/index/crawl?url=trainning/trainning?id=38&process=1
Action : Class not found
Value : 
Date : 07/24/2018 07:35:18 pm
-------------------------------------------------------
IP + Date : ::1 - July 24, 2018, 7:35 pm
-----------------
Url : http://localhost/Uteach/index/crawl?url=trainning/trainning?id=39&process=1
Action : Class not found
Value : 
Date : 07/24/2018 07:35:19 pm
-------------------------------------------------------
IP + Date : ::1 - July 24, 2018, 7:35 pm
-----------------
Url : http://localhost/Uteach/index/crawl?url=trainning/trainning?id=39&process=1
Action : Class not found
Value : 
Date : 07/24/2018 07:35:19 pm
-------------------------------------------------------
IP + Date : ::1 - July 24, 2018, 7:35 pm
-----------------
Url : http://localhost/Uteach/index/crawl?url=trainning/trainning?id=40&process=1
Action : Class not found
Value : 
Date : 07/24/2018 07:35:20 pm
-------------------------------------------------------
IP + Date : ::1 - July 24, 2018, 7:35 pm
-----------------
Url : http://localhost/Uteach/index/crawl?url=trainning/trainning?id=40&process=1
Action : Class not found
Value : 
Date : 07/24/2018 07:35:20 pm
-------------------------------------------------------
IP + Date : ::1 - July 24, 2018, 7:35 pm
-----------------
Url : http://localhost/Uteach/index/crawl?url=trainning/trainning?id=41&process=1
Action : Class not found
Value : 
Date : 07/24/2018 07:35:21 pm
-------------------------------------------------------
IP + Date : ::1 - July 24, 2018, 7:35 pm
-----------------
Url : http://localhost/Uteach/index/crawl?url=trainning/trainning?id=41&process=1
Action : Class not found
Value : 
Date : 07/24/2018 07:35:21 pm
-------------------------------------------------------
IP + Date : ::1 - July 24, 2018, 7:35 pm
-----------------
Url : http://localhost/Uteach/index/crawl?url=trainning/trainning?id=42&process=1
Action : Class not found
Value : 
Date : 07/24/2018 07:35:23 pm
-------------------------------------------------------
IP + Date : ::1 - July 24, 2018, 7:35 pm
-----------------
Url : http://localhost/Uteach/index/crawl?url=trainning/trainning?id=42&process=1
Action : Class not found
Value : 
Date : 07/24/2018 07:35:23 pm
-------------------------------------------------------
IP + Date : ::1 - July 24, 2018, 7:35 pm
-----------------
Url : http://localhost/Uteach/index/crawl?url=trainning/trainning?id=43&process=1
Action : Class not found
Value : 
Date : 07/24/2018 07:35:24 pm
-------------------------------------------------------
IP + Date : ::1 - July 24, 2018, 7:35 pm
-----------------
Url : http://localhost/Uteach/index/crawl?url=trainning/trainning?id=43&process=1
Action : Class not found
Value : 
Date : 07/24/2018 07:35:24 pm
-------------------------------------------------------
IP + Date : ::1 - July 24, 2018, 7:35 pm
-----------------
Url : http://localhost/Uteach/index/crawl?url=trainning/trainning?id=44&process=1
Action : Class not found
Value : 
Date : 07/24/2018 07:35:25 pm
-------------------------------------------------------
IP + Date : ::1 - July 24, 2018, 7:35 pm
-----------------
Url : http://localhost/Uteach/index/crawl?url=trainning/trainning?id=44&process=1
Action : Class not found
Value : 
Date : 07/24/2018 07:35:25 pm
-------------------------------------------------------
IP + Date : ::1 - July 24, 2018, 7:35 pm
-----------------
Url : http://localhost/Uteach/index/crawl?url=trainning/trainning?id=45&process=1
Action : Class not found
Value : 
Date : 07/24/2018 07:35:26 pm
-------------------------------------------------------
IP + Date : ::1 - July 24, 2018, 7:35 pm
-----------------
Url : http://localhost/Uteach/index/crawl?url=trainning/trainning?id=45&process=1
Action : Class not found
Value : 
Date : 07/24/2018 07:35:26 pm
-------------------------------------------------------
IP + Date : ::1 - July 24, 2018, 7:35 pm
-----------------
Url : http://localhost/Uteach/index/crawl?url=trainning/trainning?id=48&process=1
Action : Class not found
Value : 
Date : 07/24/2018 07:35:27 pm
-------------------------------------------------------
IP + Date : ::1 - July 24, 2018, 7:35 pm
-----------------
Url : http://localhost/Uteach/index/crawl?url=trainning/trainning?id=48&process=1
Action : Class not found
Value : 
Date : 07/24/2018 07:35:27 pm
-------------------------------------------------------
IP + Date : ::1 - July 24, 2018, 7:35 pm
-----------------
Url : http://localhost/Uteach/index/crawl?url=trainning/trainning?id=49&process=1
Action : Class not found
Value : 
Date : 07/24/2018 07:35:28 pm
-------------------------------------------------------
IP + Date : ::1 - July 24, 2018, 7:35 pm
-----------------
Url : http://localhost/Uteach/index/crawl?url=trainning/trainning?id=49&process=1
Action : Class not found
Value : 
Date : 07/24/2018 07:35:28 pm
-------------------------------------------------------
IP + Date : ::1 - July 24, 2018, 7:35 pm
-----------------
Url : http://localhost/Uteach/index/crawl?url=trainning/trainning?id=50&process=1
Action : Class not found
Value : 
Date : 07/24/2018 07:35:30 pm
-------------------------------------------------------
IP + Date : ::1 - July 24, 2018, 7:35 pm
-----------------
Url : http://localhost/Uteach/index/crawl?url=trainning/trainning?id=50&process=1
Action : Class not found
Value : 
Date : 07/24/2018 07:35:30 pm
-------------------------------------------------------
IP + Date : ::1 - July 24, 2018, 7:35 pm
-----------------
Url : http://localhost/Uteach/index/crawl?url=chapter/chapter?id=3&process=1
Action : Class not found
Value : 
Date : 07/24/2018 07:35:31 pm
-------------------------------------------------------
IP + Date : ::1 - July 24, 2018, 7:35 pm
-----------------
Url : http://localhost/Uteach/index/crawl?url=chapter/chapter?id=3&process=1
Action : Class not found
Value : 
Date : 07/24/2018 07:35:31 pm
-------------------------------------------------------
IP + Date : ::1 - July 24, 2018, 7:35 pm
-----------------
Url : http://localhost/Uteach/index/crawl?url=chapter/chapter?id=4&process=1
Action : Class not found
Value : 
Date : 07/24/2018 07:35:32 pm
-------------------------------------------------------
IP + Date : ::1 - July 24, 2018, 7:35 pm
-----------------
Url : http://localhost/Uteach/index/crawl?url=chapter/chapter?id=4&process=1
Action : Class not found
Value : 
Date : 07/24/2018 07:35:32 pm
-------------------------------------------------------
IP + Date : ::1 - July 24, 2018, 7:35 pm
-----------------
Url : http://localhost/Uteach/index/crawl?url=chapter/chapter?id=5&process=1
Action : Class not found
Value : 
Date : 07/24/2018 07:35:33 pm
-------------------------------------------------------
IP + Date : ::1 - July 24, 2018, 7:35 pm
-----------------
Url : http://localhost/Uteach/index/crawl?url=chapter/chapter?id=5&process=1
Action : Class not found
Value : 
Date : 07/24/2018 07:35:33 pm
-------------------------------------------------------
IP + Date : ::1 - July 24, 2018, 7:35 pm
-----------------
Url : http://localhost/Uteach/index/crawl?url=chapter/chapter?id=6&process=1
Action : Class not found
Value : 
Date : 07/24/2018 07:35:34 pm
-------------------------------------------------------
IP + Date : ::1 - July 24, 2018, 7:35 pm
-----------------
Url : http://localhost/Uteach/index/crawl?url=chapter/chapter?id=6&process=1
Action : Class not found
Value : 
Date : 07/24/2018 07:35:34 pm
-------------------------------------------------------
IP + Date : ::1 - July 24, 2018, 7:35 pm
-----------------
Url : http://localhost/Uteach/index/crawl?url=chapter/chapter?id=7&process=1
Action : Class not found
Value : 
Date : 07/24/2018 07:35:35 pm
-------------------------------------------------------
IP + Date : ::1 - July 24, 2018, 7:35 pm
-----------------
Url : http://localhost/Uteach/index/crawl?url=chapter/chapter?id=7&process=1
Action : Class not found
Value : 
Date : 07/24/2018 07:35:35 pm
-------------------------------------------------------
IP + Date : ::1 - July 24, 2018, 7:35 pm
-----------------
Url : http://localhost/Uteach/index/crawl?url=chapter/chapter?id=8&process=1
Action : Class not found
Value : 
Date : 07/24/2018 07:35:36 pm
-------------------------------------------------------
IP + Date : ::1 - July 24, 2018, 7:35 pm
-----------------
Url : http://localhost/Uteach/index/crawl?url=chapter/chapter?id=8&process=1
Action : Class not found
Value : 
Date : 07/24/2018 07:35:36 pm
-------------------------------------------------------
IP + Date : ::1 - July 24, 2018, 7:35 pm
-----------------
Url : http://localhost/Uteach/index/crawl?url=chapter/chapter?id=9&process=1
Action : Class not found
Value : 
Date : 07/24/2018 07:35:38 pm
-------------------------------------------------------
IP + Date : ::1 - July 24, 2018, 7:35 pm
-----------------
Url : http://localhost/Uteach/index/crawl?url=chapter/chapter?id=9&process=1
Action : Class not found
Value : 
Date : 07/24/2018 07:35:38 pm
-------------------------------------------------------
IP + Date : ::1 - July 24, 2018, 7:35 pm
-----------------
Url : http://localhost/Uteach/index/crawl?url=chapter/chapter?id=10&process=1
Action : Class not found
Value : 
Date : 07/24/2018 07:35:39 pm
-------------------------------------------------------
IP + Date : ::1 - July 24, 2018, 7:35 pm
-----------------
Url : http://localhost/Uteach/index/crawl?url=chapter/chapter?id=10&process=1
Action : Class not found
Value : 
Date : 07/24/2018 07:35:39 pm
-------------------------------------------------------
IP + Date : ::1 - July 24, 2018, 7:35 pm
-----------------
Url : http://localhost/Uteach/index/crawl?url=chapter/chapter?id=11&process=1
Action : Class not found
Value : 
Date : 07/24/2018 07:35:40 pm
-------------------------------------------------------
IP + Date : ::1 - July 24, 2018, 7:35 pm
-----------------
Url : http://localhost/Uteach/index/crawl?url=chapter/chapter?id=11&process=1
Action : Class not found
Value : 
Date : 07/24/2018 07:35:40 pm
-------------------------------------------------------
IP + Date : ::1 - July 24, 2018, 7:35 pm
-----------------
Url : http://localhost/Uteach/index/crawl?url=chapter/chapter?id=12&process=1
Action : Class not found
Value : 
Date : 07/24/2018 07:35:41 pm
-------------------------------------------------------
IP + Date : ::1 - July 24, 2018, 7:35 pm
-----------------
Url : http://localhost/Uteach/index/crawl?url=chapter/chapter?id=12&process=1
Action : Class not found
Value : 
Date : 07/24/2018 07:35:41 pm
-------------------------------------------------------
IP + Date : ::1 - July 24, 2018, 7:35 pm
-----------------
Url : http://localhost/Uteach/index/crawl?url=chapter/chapter?id=13&process=1
Action : Class not found
Value : 
Date : 07/24/2018 07:35:42 pm
-------------------------------------------------------
IP + Date : ::1 - July 24, 2018, 7:35 pm
-----------------
Url : http://localhost/Uteach/index/crawl?url=chapter/chapter?id=13&process=1
Action : Class not found
Value : 
Date : 07/24/2018 07:35:42 pm
-------------------------------------------------------
IP + Date : ::1 - July 24, 2018, 7:35 pm
-----------------
Url : http://localhost/Uteach/index/crawl?url=chapter/chapter?id=14&process=1
Action : Class not found
Value : 
Date : 07/24/2018 07:35:43 pm
-------------------------------------------------------
IP + Date : ::1 - July 24, 2018, 7:35 pm
-----------------
Url : http://localhost/Uteach/index/crawl?url=chapter/chapter?id=14&process=1
Action : Class not found
Value : 
Date : 07/24/2018 07:35:43 pm
-------------------------------------------------------
IP + Date : ::1 - July 24, 2018, 7:35 pm
-----------------
Url : http://localhost/Uteach/index/crawl?url=chapter/chapter?id=15&process=1
Action : Class not found
Value : 
Date : 07/24/2018 07:35:44 pm
-------------------------------------------------------
IP + Date : ::1 - July 24, 2018, 7:35 pm
-----------------
Url : http://localhost/Uteach/index/crawl?url=chapter/chapter?id=15&process=1
Action : Class not found
Value : 
Date : 07/24/2018 07:35:44 pm
-------------------------------------------------------
IP + Date : ::1 - July 24, 2018, 7:35 pm
-----------------
Url : http://localhost/Uteach/index/crawl?url=chapter/chapter?id=16&process=1
Action : Class not found
Value : 
Date : 07/24/2018 07:35:46 pm
-------------------------------------------------------
IP + Date : ::1 - July 24, 2018, 7:35 pm
-----------------
Url : http://localhost/Uteach/index/crawl?url=chapter/chapter?id=16&process=1
Action : Class not found
Value : 
Date : 07/24/2018 07:35:46 pm
-------------------------------------------------------
IP + Date : ::1 - July 24, 2018, 7:35 pm
-----------------
Url : http://localhost/Uteach/index/crawl?url=chapter/chapter?id=17&process=1
Action : Class not found
Value : 
Date : 07/24/2018 07:35:47 pm
-------------------------------------------------------
IP + Date : ::1 - July 24, 2018, 7:35 pm
-----------------
Url : http://localhost/Uteach/index/crawl?url=chapter/chapter?id=17&process=1
Action : Class not found
Value : 
Date : 07/24/2018 07:35:47 pm
-------------------------------------------------------
IP + Date : ::1 - July 24, 2018, 7:35 pm
-----------------
Url : http://localhost/Uteach/index/crawl?url=chapter/chapter?id=18&process=1
Action : Class not found
Value : 
Date : 07/24/2018 07:35:48 pm
-------------------------------------------------------
IP + Date : ::1 - July 24, 2018, 7:35 pm
-----------------
Url : http://localhost/Uteach/index/crawl?url=chapter/chapter?id=18&process=1
Action : Class not found
Value : 
Date : 07/24/2018 07:35:48 pm
-------------------------------------------------------
IP + Date : ::1 - July 24, 2018, 7:35 pm
-----------------
Url : http://localhost/Uteach/index/crawl?url=chapter/chapter?id=19&process=1
Action : Class not found
Value : 
Date : 07/24/2018 07:35:49 pm
-------------------------------------------------------
IP + Date : ::1 - July 24, 2018, 7:35 pm
-----------------
Url : http://localhost/Uteach/index/crawl?url=chapter/chapter?id=19&process=1
Action : Class not found
Value : 
Date : 07/24/2018 07:35:49 pm
-------------------------------------------------------
IP + Date : ::1 - July 24, 2018, 7:35 pm
-----------------
Url : http://localhost/Uteach/index/crawl?url=chapter/chapter?id=20&process=1
Action : Class not found
Value : 
Date : 07/24/2018 07:35:50 pm
-------------------------------------------------------
IP + Date : ::1 - July 24, 2018, 7:35 pm
-----------------
Url : http://localhost/Uteach/index/crawl?url=chapter/chapter?id=20&process=1
Action : Class not found
Value : 
Date : 07/24/2018 07:35:50 pm
-------------------------------------------------------
IP + Date : ::1 - July 24, 2018, 7:35 pm
-----------------
Url : http://localhost/Uteach/index/crawl?url=chapter/chapter?id=21&process=1
Action : Class not found
Value : 
Date : 07/24/2018 07:35:51 pm
-------------------------------------------------------
IP + Date : ::1 - July 24, 2018, 7:35 pm
-----------------
Url : http://localhost/Uteach/index/crawl?url=chapter/chapter?id=21&process=1
Action : Class not found
Value : 
Date : 07/24/2018 07:35:51 pm
-------------------------------------------------------
IP + Date : ::1 - July 24, 2018, 7:35 pm
-----------------
Url : http://localhost/Uteach/index/crawl?url=chapter/chapter?id=22&process=1
Action : Class not found
Value : 
Date : 07/24/2018 07:35:53 pm
-------------------------------------------------------
IP + Date : ::1 - July 24, 2018, 7:35 pm
-----------------
Url : http://localhost/Uteach/index/crawl?url=chapter/chapter?id=22&process=1
Action : Class not found
Value : 
Date : 07/24/2018 07:35:53 pm
-------------------------------------------------------
IP + Date : ::1 - July 24, 2018, 7:35 pm
-----------------
Url : http://localhost/Uteach/index/crawl?url=chapter/chapter?id=23&process=1
Action : Class not found
Value : 
Date : 07/24/2018 07:35:54 pm
-------------------------------------------------------
IP + Date : ::1 - July 24, 2018, 7:35 pm
-----------------
Url : http://localhost/Uteach/index/crawl?url=chapter/chapter?id=23&process=1
Action : Class not found
Value : 
Date : 07/24/2018 07:35:54 pm
-------------------------------------------------------
IP + Date : ::1 - July 24, 2018, 7:35 pm
-----------------
Url : http://localhost/Uteach/index/crawl?url=chapter/chapter?id=24&process=1
Action : Class not found
Value : 
Date : 07/24/2018 07:35:55 pm
-------------------------------------------------------
IP + Date : ::1 - July 24, 2018, 7:35 pm
-----------------
Url : http://localhost/Uteach/index/crawl?url=chapter/chapter?id=24&process=1
Action : Class not found
Value : 
Date : 07/24/2018 07:35:55 pm
-------------------------------------------------------
IP + Date : ::1 - July 24, 2018, 7:35 pm
-----------------
Url : http://localhost/Uteach/index/crawl?url=chapter/chapter?id=25&process=1
Action : Class not found
Value : 
Date : 07/24/2018 07:35:56 pm
-------------------------------------------------------
IP + Date : ::1 - July 24, 2018, 7:35 pm
-----------------
Url : http://localhost/Uteach/index/crawl?url=chapter/chapter?id=25&process=1
Action : Class not found
Value : 
Date : 07/24/2018 07:35:56 pm
-------------------------------------------------------
IP + Date : ::1 - July 24, 2018, 7:35 pm
-----------------
Url : http://localhost/Uteach/index/crawl?url=chapter/chapter?id=26&process=1
Action : Class not found
Value : 
Date : 07/24/2018 07:35:57 pm
-------------------------------------------------------
IP + Date : ::1 - July 24, 2018, 7:35 pm
-----------------
Url : http://localhost/Uteach/index/crawl?url=chapter/chapter?id=26&process=1
Action : Class not found
Value : 
Date : 07/24/2018 07:35:57 pm
-------------------------------------------------------
IP + Date : ::1 - July 24, 2018, 7:35 pm
-----------------
Url : http://localhost/Uteach/index/crawl?url=chapter/chapter?id=27&process=1
Action : Class not found
Value : 
Date : 07/24/2018 07:35:58 pm
-------------------------------------------------------
IP + Date : ::1 - July 24, 2018, 7:35 pm
-----------------
Url : http://localhost/Uteach/index/crawl?url=chapter/chapter?id=27&process=1
Action : Class not found
Value : 
Date : 07/24/2018 07:35:58 pm
-------------------------------------------------------
IP + Date : ::1 - July 24, 2018, 7:35 pm
-----------------
Url : http://localhost/Uteach/index/crawl?url=chapter/chapter?id=28&process=1
Action : Class not found
Value : 
Date : 07/24/2018 07:35:59 pm
-------------------------------------------------------
IP + Date : ::1 - July 24, 2018, 7:35 pm
-----------------
Url : http://localhost/Uteach/index/crawl?url=chapter/chapter?id=28&process=1
Action : Class not found
Value : 
Date : 07/24/2018 07:35:59 pm
-------------------------------------------------------
IP + Date : ::1 - July 24, 2018, 7:36 pm
-----------------
Url : http://localhost/Uteach/index/crawl?url=chapter/chapter?id=29&process=1
Action : Class not found
Value : 
Date : 07/24/2018 07:36:00 pm
-------------------------------------------------------
IP + Date : ::1 - July 24, 2018, 7:36 pm
-----------------
Url : http://localhost/Uteach/index/crawl?url=chapter/chapter?id=29&process=1
Action : Class not found
Value : 
Date : 07/24/2018 07:36:00 pm
-------------------------------------------------------
IP + Date : ::1 - July 24, 2018, 7:36 pm
-----------------
Url : http://localhost/Uteach/index/crawl?url=chapter/chapter?id=30&process=1
Action : Class not found
Value : 
Date : 07/24/2018 07:36:02 pm
-------------------------------------------------------
IP + Date : ::1 - July 24, 2018, 7:36 pm
-----------------
Url : http://localhost/Uteach/index/crawl?url=chapter/chapter?id=30&process=1
Action : Class not found
Value : 
Date : 07/24/2018 07:36:02 pm
-------------------------------------------------------
IP + Date : ::1 - July 24, 2018, 7:36 pm
-----------------
Url : http://localhost/Uteach/index/crawl?url=video/video?id=3&process=1
Action : Class not found
Value : 
Date : 07/24/2018 07:36:03 pm
-------------------------------------------------------
IP + Date : ::1 - July 24, 2018, 7:36 pm
-----------------
Url : http://localhost/Uteach/index/crawl?url=video/video?id=3&process=1
Action : Class not found
Value : 
Date : 07/24/2018 07:36:03 pm
-------------------------------------------------------
IP + Date : ::1 - July 24, 2018, 7:36 pm
-----------------
Url : http://localhost/Uteach/index/crawl?url=video/video?id=4&process=1
Action : Class not found
Value : 
Date : 07/24/2018 07:36:05 pm
-------------------------------------------------------
IP + Date : ::1 - July 24, 2018, 7:36 pm
-----------------
Url : http://localhost/Uteach/index/crawl?url=video/video?id=4&process=1
Action : Class not found
Value : 
Date : 07/24/2018 07:36:05 pm
-------------------------------------------------------
IP + Date : ::1 - July 24, 2018, 7:36 pm
-----------------
Url : http://localhost/Uteach/index/crawl?url=video/video?id=5&process=1
Action : Class not found
Value : 
Date : 07/24/2018 07:36:08 pm
-------------------------------------------------------
IP + Date : ::1 - July 24, 2018, 7:36 pm
-----------------
Url : http://localhost/Uteach/index/crawl?url=video/video?id=5&process=1
Action : Class not found
Value : 
Date : 07/24/2018 07:36:08 pm
-------------------------------------------------------
IP + Date : ::1 - July 24, 2018, 7:36 pm
-----------------
Url : http://localhost/Uteach/index/crawl?url=video/video?id=6&process=1
Action : Class not found
Value : 
Date : 07/24/2018 07:36:10 pm
-------------------------------------------------------
IP + Date : ::1 - July 24, 2018, 7:36 pm
-----------------
Url : http://localhost/Uteach/index/crawl?url=video/video?id=6&process=1
Action : Class not found
Value : 
Date : 07/24/2018 07:36:10 pm
-------------------------------------------------------
IP + Date : ::1 - July 24, 2018, 7:36 pm
-----------------
Url : http://localhost/Uteach/index/crawl?url=video/video?id=7&process=1
Action : Class not found
Value : 
Date : 07/24/2018 07:36:12 pm
-------------------------------------------------------
IP + Date : ::1 - July 24, 2018, 7:36 pm
-----------------
Url : http://localhost/Uteach/index/crawl?url=video/video?id=7&process=1
Action : Class not found
Value : 
Date : 07/24/2018 07:36:12 pm
-------------------------------------------------------
IP + Date : ::1 - July 24, 2018, 7:36 pm
-----------------
Url : http://localhost/Uteach/index/crawl?url=video/video?id=8&process=1
Action : Class not found
Value : 
Date : 07/24/2018 07:36:15 pm
-------------------------------------------------------
IP + Date : ::1 - July 24, 2018, 7:36 pm
-----------------
Url : http://localhost/Uteach/index/crawl?url=video/video?id=8&process=1
Action : Class not found
Value : 
Date : 07/24/2018 07:36:15 pm
-------------------------------------------------------
IP + Date : ::1 - July 24, 2018, 7:36 pm
-----------------
Url : http://localhost/Uteach/index/crawl?url=/Uteach/chapter/list&process=1
Action : Class not found
Value : 
Date : 07/24/2018 07:36:17 pm
-------------------------------------------------------
IP + Date : ::1 - July 24, 2018, 7:36 pm
-----------------
Url : http://localhost/Uteach/index/crawl?url=/Uteach/chapter/list&process=1
Action : Class not found
Value : 
Date : 07/24/2018 07:36:17 pm
-------------------------------------------------------
IP + Date : ::1 - July 24, 2018, 7:36 pm
-----------------
Url : http://localhost/Uteach/index/crawl?url=/Uteach/trainning/list&process=1
Action : Class not found
Value : 
Date : 07/24/2018 07:36:17 pm
-------------------------------------------------------
IP + Date : ::1 - July 24, 2018, 7:36 pm
-----------------
Url : http://localhost/Uteach/index/crawl?url=/Uteach/trainning/list&process=1
Action : Class not found
Value : 
Date : 07/24/2018 07:36:17 pm
-------------------------------------------------------
IP + Date : ::1 - July 24, 2018, 7:36 pm
-----------------
Url : http://localhost/Uteach/index/crawl?url=/Uteach/video/list&process=1
Action : Class not found
Value : 
Date : 07/24/2018 07:36:18 pm
-------------------------------------------------------
IP + Date : ::1 - July 24, 2018, 7:36 pm
-----------------
Url : http://localhost/Uteach/index/crawl?url=/Uteach/video/list&process=1
Action : Class not found
Value : 
Date : 07/24/2018 07:36:18 pm
-------------------------------------------------------
IP + Date : ::1 - July 24, 2018, 7:36 pm
-----------------
Url : http://localhost/Uteach/index/crawl?url=/Uteach/premiumoffer/list&process=1
Action : Class not found
Value : 
Date : 07/24/2018 07:36:18 pm
-------------------------------------------------------
IP + Date : ::1 - July 24, 2018, 7:36 pm
-----------------
Url : http://localhost/Uteach/index/crawl?url=/Uteach/premiumoffer/list&process=1
Action : Class not found
Value : 
Date : 07/24/2018 07:36:18 pm
-------------------------------------------------------
IP + Date : ::1 - July 24, 2018, 7:36 pm
-----------------
Url : http://localhost/Uteach/index/crawl?url=/Uteach/user/login&process=1
Action : Class not found
Value : 
Date : 07/24/2018 07:36:18 pm
-------------------------------------------------------
IP + Date : ::1 - July 24, 2018, 7:36 pm
-----------------
Url : http://localhost/Uteach/index/crawl?url=/Uteach/user/login&process=1
Action : Class not found
Value : 
Date : 07/24/2018 07:36:18 pm
-------------------------------------------------------
IP + Date : ::1 - July 24, 2018, 7:36 pm
-----------------
Url : http://localhost/Uteach/index/crawl?url=/Uteach/user/add&process=1
Action : Class not found
Value : 
Date : 07/24/2018 07:36:18 pm
-------------------------------------------------------
IP + Date : ::1 - July 24, 2018, 7:36 pm
-----------------
Url : http://localhost/Uteach/index/crawl?url=/Uteach/user/add&process=1
Action : Class not found
Value : 
Date : 07/24/2018 07:36:18 pm
-------------------------------------------------------
IP + Date : ::1 - July 24, 2018, 7:36 pm
-----------------
Url : http://localhost/Uteach/index/crawl?url=/Uteach/bin/xml/list_chapter.xml&process=1
Action : Class not found
Value : 
Date : 07/24/2018 07:36:18 pm
-------------------------------------------------------
IP + Date : ::1 - July 24, 2018, 7:36 pm
-----------------
Url : http://localhost/Uteach/index/crawl?url=/Uteach/bin/xml/list_chapter.xml&process=1
Action : Class not found
Value : 
Date : 07/24/2018 07:36:18 pm
-------------------------------------------------------
IP + Date : ::1 - July 24, 2018, 7:36 pm
-----------------
Url : http://localhost/Uteach/index/crawl?url=/Uteach/bin/xml/list_trainning.xml&process=1
Action : Class not found
Value : 
Date : 07/24/2018 07:36:18 pm
-------------------------------------------------------
IP + Date : ::1 - July 24, 2018, 7:36 pm
-----------------
Url : http://localhost/Uteach/index/crawl?url=/Uteach/bin/xml/list_trainning.xml&process=1
Action : Class not found
Value : 
Date : 07/24/2018 07:36:18 pm
-------------------------------------------------------
IP + Date : ::1 - July 24, 2018, 7:36 pm
-----------------
Url : http://localhost/Uteach/index/crawl?url=/Uteach/bin/xml/list_video.xml&process=1
Action : Class not found
Value : 
Date : 07/24/2018 07:36:18 pm
-------------------------------------------------------
IP + Date : ::1 - July 24, 2018, 7:36 pm
-----------------
Url : http://localhost/Uteach/index/crawl?url=/Uteach/bin/xml/list_video.xml&process=1
Action : Class not found
Value : 
Date : 07/24/2018 07:36:18 pm
-------------------------------------------------------
IP + Date : ::1 - July 24, 2018, 7:36 pm
-----------------
Url : http://localhost/Uteach/index/crawl?url=/Uteach/user/passwordResetEmail&process=1
Action : Class not found
Value : 
Date : 07/24/2018 07:36:18 pm
-------------------------------------------------------
IP + Date : ::1 - July 24, 2018, 7:36 pm
-----------------
Url : http://localhost/Uteach/index/crawl?url=/Uteach/user/passwordResetEmail&process=1
Action : Class not found
Value : 
Date : 07/24/2018 07:36:19 pm
-------------------------------------------------------
IP + Date : ::1 - July 24, 2018, 7:36 pm
-----------------
Url : http://localhost/Uteach/index/crawl?url=&process=1
Action : Class not found
Value : 
Date : 07/24/2018 07:36:19 pm
-------------------------------------------------------
IP + Date : ::1 - July 24, 2018, 8:09 pm
-----------------
Url : http://localhost/Uteach/index/crawl?url=/Uteach/
Action : Class not found
Value : 
Date : 07/24/2018 08:09:07 pm
-------------------------------------------------------
IP + Date : ::1 - July 24, 2018, 8:09 pm
-----------------
Url : http://localhost/Uteach/index/crawl?url=/Uteach/
Action : Class not found
Value : 
Date : 07/24/2018 08:09:07 pm
-------------------------------------------------------
IP + Date : ::1 - July 24, 2018, 8:09 pm
-----------------
Url : http://localhost/Uteach/index/crawl?url=trainning/trainning?id=36&process=1
Action : Class not found
Value : 
Date : 07/24/2018 08:09:07 pm
-------------------------------------------------------
IP + Date : ::1 - July 24, 2018, 8:09 pm
-----------------
Url : http://localhost/Uteach/index/crawl?url=trainning/trainning?id=36&process=1
Action : Class not found
Value : 
Date : 07/24/2018 08:09:07 pm
-------------------------------------------------------
IP + Date : ::1 - July 24, 2018, 8:09 pm
-----------------
Url : http://localhost/Uteach/public/img/videos/R%C3%89ACTION%20A%20CHAUD%20DES%20JOUEURS%20!%20LA%20FRANCE%20EN%20FINALE.mp4
Action : Controller not found
Value : 
Date : 07/24/2018 08:09:07 pm
-------------------------------------------------------
IP + Date : ::1 - July 24, 2018, 8:09 pm
-----------------
Url : http://localhost/Uteach/public/img/videos/R%C3%89ACTION%20A%20CHAUD%20DES%20JOUEURS%20!%20LA%20FRANCE%20EN%20FINALE.mp4
Action : Controller not found
Value : 
Date : 07/24/2018 08:09:07 pm
-------------------------------------------------------
IP + Date : ::1 - July 24, 2018, 8:09 pm
-----------------
Url : http://localhost/Uteach/index/crawl?url=trainning/trainning?id=37&process=1
Action : Class not found
Value : 
Date : 07/24/2018 08:09:08 pm
-------------------------------------------------------
IP + Date : ::1 - July 24, 2018, 8:09 pm
-----------------
Url : http://localhost/Uteach/index/crawl?url=trainning/trainning?id=37&process=1
Action : Class not found
Value : 
Date : 07/24/2018 08:09:08 pm
-------------------------------------------------------
IP + Date : ::1 - July 24, 2018, 8:09 pm
-----------------
Url : http://localhost/Uteach/index/crawl?url=trainning/trainning?id=38&process=1
Action : Class not found
Value : 
Date : 07/24/2018 08:09:09 pm
-------------------------------------------------------
IP + Date : ::1 - July 24, 2018, 8:09 pm
-----------------
Url : http://localhost/Uteach/index/crawl?url=trainning/trainning?id=38&process=1
Action : Class not found
Value : 
Date : 07/24/2018 08:09:09 pm
-------------------------------------------------------
IP + Date : ::1 - July 24, 2018, 8:09 pm
-----------------
Url : http://localhost/Uteach/index/crawl?url=trainning/trainning?id=39&process=1
Action : Class not found
Value : 
Date : 07/24/2018 08:09:10 pm
-------------------------------------------------------
IP + Date : ::1 - July 24, 2018, 8:09 pm
-----------------
Url : http://localhost/Uteach/index/crawl?url=trainning/trainning?id=39&process=1
Action : Class not found
Value : 
Date : 07/24/2018 08:09:10 pm
-------------------------------------------------------
IP + Date : ::1 - July 24, 2018, 8:09 pm
-----------------
Url : http://localhost/Uteach/index/crawl?url=trainning/trainning?id=40&process=1
Action : Class not found
Value : 
Date : 07/24/2018 08:09:12 pm
-------------------------------------------------------
IP + Date : ::1 - July 24, 2018, 8:09 pm
-----------------
Url : http://localhost/Uteach/index/crawl?url=trainning/trainning?id=40&process=1
Action : Class not found
Value : 
Date : 07/24/2018 08:09:12 pm
-------------------------------------------------------
IP + Date : ::1 - July 24, 2018, 8:09 pm
-----------------
Url : http://localhost/Uteach/index/crawl?url=trainning/trainning?id=41&process=1
Action : Class not found
Value : 
Date : 07/24/2018 08:09:13 pm
-------------------------------------------------------
IP + Date : ::1 - July 24, 2018, 8:09 pm
-----------------
Url : http://localhost/Uteach/index/crawl?url=trainning/trainning?id=41&process=1
Action : Class not found
Value : 
Date : 07/24/2018 08:09:13 pm
-------------------------------------------------------
IP + Date : ::1 - July 24, 2018, 8:09 pm
-----------------
Url : http://localhost/Uteach/index/crawl?url=trainning/trainning?id=42&process=1
Action : Class not found
Value : 
Date : 07/24/2018 08:09:14 pm
-------------------------------------------------------
IP + Date : ::1 - July 24, 2018, 8:09 pm
-----------------
Url : http://localhost/Uteach/index/crawl?url=trainning/trainning?id=42&process=1
Action : Class not found
Value : 
Date : 07/24/2018 08:09:14 pm
-------------------------------------------------------
IP + Date : ::1 - July 24, 2018, 8:09 pm
-----------------
Url : http://localhost/Uteach/index/crawl?url=trainning/trainning?id=43&process=1
Action : Class not found
Value : 
Date : 07/24/2018 08:09:15 pm
-------------------------------------------------------
IP + Date : ::1 - July 24, 2018, 8:09 pm
-----------------
Url : http://localhost/Uteach/index/crawl?url=trainning/trainning?id=43&process=1
Action : Class not found
Value : 
Date : 07/24/2018 08:09:15 pm
-------------------------------------------------------
IP + Date : ::1 - July 24, 2018, 8:09 pm
-----------------
Url : http://localhost/Uteach/index/crawl?url=trainning/trainning?id=44&process=1
Action : Class not found
Value : 
Date : 07/24/2018 08:09:16 pm
-------------------------------------------------------
IP + Date : ::1 - July 24, 2018, 8:09 pm
-----------------
Url : http://localhost/Uteach/index/crawl?url=trainning/trainning?id=44&process=1
Action : Class not found
Value : 
Date : 07/24/2018 08:09:16 pm
-------------------------------------------------------
IP + Date : ::1 - July 24, 2018, 8:09 pm
-----------------
Url : http://localhost/Uteach/index/crawl?url=trainning/trainning?id=45&process=1
Action : Class not found
Value : 
Date : 07/24/2018 08:09:17 pm
-------------------------------------------------------
IP + Date : ::1 - July 24, 2018, 8:09 pm
-----------------
Url : http://localhost/Uteach/index/crawl?url=trainning/trainning?id=45&process=1
Action : Class not found
Value : 
Date : 07/24/2018 08:09:17 pm
-------------------------------------------------------
IP + Date : ::1 - July 24, 2018, 8:09 pm
-----------------
Url : http://localhost/Uteach/index/crawl?url=trainning/trainning?id=48&process=1
Action : Class not found
Value : 
Date : 07/24/2018 08:09:18 pm
-------------------------------------------------------
IP + Date : ::1 - July 24, 2018, 8:09 pm
-----------------
Url : http://localhost/Uteach/index/crawl?url=trainning/trainning?id=48&process=1
Action : Class not found
Value : 
Date : 07/24/2018 08:09:18 pm
-------------------------------------------------------
IP + Date : ::1 - July 24, 2018, 8:09 pm
-----------------
Url : http://localhost/Uteach/index/crawl?url=trainning/trainning?id=49&process=1
Action : Class not found
Value : 
Date : 07/24/2018 08:09:20 pm
-------------------------------------------------------
IP + Date : ::1 - July 24, 2018, 8:09 pm
-----------------
Url : http://localhost/Uteach/index/crawl?url=trainning/trainning?id=49&process=1
Action : Class not found
Value : 
Date : 07/24/2018 08:09:20 pm
-------------------------------------------------------
IP + Date : ::1 - July 24, 2018, 8:09 pm
-----------------
Url : http://localhost/Uteach/index/crawl?url=trainning/trainning?id=50&process=1
Action : Class not found
Value : 
Date : 07/24/2018 08:09:21 pm
-------------------------------------------------------
IP + Date : ::1 - July 24, 2018, 8:09 pm
-----------------
Url : http://localhost/Uteach/index/crawl?url=trainning/trainning?id=50&process=1
Action : Class not found
Value : 
Date : 07/24/2018 08:09:21 pm
-------------------------------------------------------
IP + Date : ::1 - July 24, 2018, 8:09 pm
-----------------
Url : http://localhost/Uteach/index/crawl?url=chapter/chapter?id=3&process=1
Action : Class not found
Value : 
Date : 07/24/2018 08:09:22 pm
-------------------------------------------------------
IP + Date : ::1 - July 24, 2018, 8:09 pm
-----------------
Url : http://localhost/Uteach/index/crawl?url=chapter/chapter?id=3&process=1
Action : Class not found
Value : 
Date : 07/24/2018 08:09:22 pm
-------------------------------------------------------
IP + Date : ::1 - July 24, 2018, 8:09 pm
-----------------
Url : http://localhost/Uteach/index/crawl?url=chapter/chapter?id=4&process=1
Action : Class not found
Value : 
Date : 07/24/2018 08:09:23 pm
-------------------------------------------------------
IP + Date : ::1 - July 24, 2018, 8:09 pm
-----------------
Url : http://localhost/Uteach/index/crawl?url=chapter/chapter?id=4&process=1
Action : Class not found
Value : 
Date : 07/24/2018 08:09:23 pm
-------------------------------------------------------
IP + Date : ::1 - July 24, 2018, 8:09 pm
-----------------
Url : http://localhost/Uteach/index/crawl?url=chapter/chapter?id=5&process=1
Action : Class not found
Value : 
Date : 07/24/2018 08:09:24 pm
-------------------------------------------------------
IP + Date : ::1 - July 24, 2018, 8:09 pm
-----------------
Url : http://localhost/Uteach/index/crawl?url=chapter/chapter?id=5&process=1
Action : Class not found
Value : 
Date : 07/24/2018 08:09:24 pm
-------------------------------------------------------
IP + Date : ::1 - July 24, 2018, 8:09 pm
-----------------
Url : http://localhost/Uteach/index/crawl?url=chapter/chapter?id=6&process=1
Action : Class not found
Value : 
Date : 07/24/2018 08:09:25 pm
-------------------------------------------------------
IP + Date : ::1 - July 24, 2018, 8:09 pm
-----------------
Url : http://localhost/Uteach/index/crawl?url=chapter/chapter?id=6&process=1
Action : Class not found
Value : 
Date : 07/24/2018 08:09:25 pm
-------------------------------------------------------
IP + Date : ::1 - July 24, 2018, 8:09 pm
-----------------
Url : http://localhost/Uteach/index/crawl?url=chapter/chapter?id=7&process=1
Action : Class not found
Value : 
Date : 07/24/2018 08:09:26 pm
-------------------------------------------------------
IP + Date : ::1 - July 24, 2018, 8:09 pm
-----------------
Url : http://localhost/Uteach/index/crawl?url=chapter/chapter?id=7&process=1
Action : Class not found
Value : 
Date : 07/24/2018 08:09:26 pm
-------------------------------------------------------
IP + Date : ::1 - July 24, 2018, 8:09 pm
-----------------
Url : http://localhost/Uteach/index/crawl?url=chapter/chapter?id=8&process=1
Action : Class not found
Value : 
Date : 07/24/2018 08:09:28 pm
-------------------------------------------------------
IP + Date : ::1 - July 24, 2018, 8:09 pm
-----------------
Url : http://localhost/Uteach/index/crawl?url=chapter/chapter?id=8&process=1
Action : Class not found
Value : 
Date : 07/24/2018 08:09:28 pm
-------------------------------------------------------
IP + Date : ::1 - July 24, 2018, 8:09 pm
-----------------
Url : http://localhost/Uteach/index/crawl?url=chapter/chapter?id=9&process=1
Action : Class not found
Value : 
Date : 07/24/2018 08:09:29 pm
-------------------------------------------------------
IP + Date : ::1 - July 24, 2018, 8:09 pm
-----------------
Url : http://localhost/Uteach/index/crawl?url=chapter/chapter?id=9&process=1
Action : Class not found
Value : 
Date : 07/24/2018 08:09:29 pm
-------------------------------------------------------
IP + Date : ::1 - July 24, 2018, 8:09 pm
-----------------
Url : http://localhost/Uteach/index/crawl?url=chapter/chapter?id=10&process=1
Action : Class not found
Value : 
Date : 07/24/2018 08:09:30 pm
-------------------------------------------------------
IP + Date : ::1 - July 24, 2018, 8:09 pm
-----------------
Url : http://localhost/Uteach/index/crawl?url=chapter/chapter?id=10&process=1
Action : Class not found
Value : 
Date : 07/24/2018 08:09:30 pm
-------------------------------------------------------
IP + Date : ::1 - July 24, 2018, 8:09 pm
-----------------
Url : http://localhost/Uteach/index/crawl?url=chapter/chapter?id=11&process=1
Action : Class not found
Value : 
Date : 07/24/2018 08:09:31 pm
-------------------------------------------------------
IP + Date : ::1 - July 24, 2018, 8:09 pm
-----------------
Url : http://localhost/Uteach/index/crawl?url=chapter/chapter?id=11&process=1
Action : Class not found
Value : 
Date : 07/24/2018 08:09:31 pm
-------------------------------------------------------
IP + Date : ::1 - July 24, 2018, 8:09 pm
-----------------
Url : http://localhost/Uteach/index/crawl?url=chapter/chapter?id=12&process=1
Action : Class not found
Value : 
Date : 07/24/2018 08:09:32 pm
-------------------------------------------------------
IP + Date : ::1 - July 24, 2018, 8:09 pm
-----------------
Url : http://localhost/Uteach/index/crawl?url=chapter/chapter?id=12&process=1
Action : Class not found
Value : 
Date : 07/24/2018 08:09:32 pm
-------------------------------------------------------
IP + Date : ::1 - July 24, 2018, 8:09 pm
-----------------
Url : http://localhost/Uteach/index/crawl?url=chapter/chapter?id=13&process=1
Action : Class not found
Value : 
Date : 07/24/2018 08:09:33 pm
-------------------------------------------------------
IP + Date : ::1 - July 24, 2018, 8:09 pm
-----------------
Url : http://localhost/Uteach/index/crawl?url=chapter/chapter?id=13&process=1
Action : Class not found
Value : 
Date : 07/24/2018 08:09:33 pm
-------------------------------------------------------
IP + Date : ::1 - July 24, 2018, 8:09 pm
-----------------
Url : http://localhost/Uteach/index/crawl?url=chapter/chapter?id=14&process=1
Action : Class not found
Value : 
Date : 07/24/2018 08:09:34 pm
-------------------------------------------------------
IP + Date : ::1 - July 24, 2018, 8:09 pm
-----------------
Url : http://localhost/Uteach/index/crawl?url=chapter/chapter?id=14&process=1
Action : Class not found
Value : 
Date : 07/24/2018 08:09:34 pm
-------------------------------------------------------
IP + Date : ::1 - July 24, 2018, 8:09 pm
-----------------
Url : http://localhost/Uteach/index/crawl?url=chapter/chapter?id=15&process=1
Action : Class not found
Value : 
Date : 07/24/2018 08:09:36 pm
-------------------------------------------------------
IP + Date : ::1 - July 24, 2018, 8:09 pm
-----------------
Url : http://localhost/Uteach/index/crawl?url=chapter/chapter?id=15&process=1
Action : Class not found
Value : 
Date : 07/24/2018 08:09:36 pm
-------------------------------------------------------
IP + Date : ::1 - July 24, 2018, 8:09 pm
-----------------
Url : http://localhost/Uteach/index/crawl?url=chapter/chapter?id=16&process=1
Action : Class not found
Value : 
Date : 07/24/2018 08:09:37 pm
-------------------------------------------------------
IP + Date : ::1 - July 24, 2018, 8:09 pm
-----------------
Url : http://localhost/Uteach/index/crawl?url=chapter/chapter?id=16&process=1
Action : Class not found
Value : 
Date : 07/24/2018 08:09:37 pm
-------------------------------------------------------
IP + Date : ::1 - July 24, 2018, 8:09 pm
-----------------
Url : http://localhost/Uteach/index/crawl?url=chapter/chapter?id=17&process=1
Action : Class not found
Value : 
Date : 07/24/2018 08:09:38 pm
-------------------------------------------------------
IP + Date : ::1 - July 24, 2018, 8:09 pm
-----------------
Url : http://localhost/Uteach/index/crawl?url=chapter/chapter?id=17&process=1
Action : Class not found
Value : 
Date : 07/24/2018 08:09:38 pm
-------------------------------------------------------
IP + Date : ::1 - July 24, 2018, 8:09 pm
-----------------
Url : http://localhost/Uteach/index/crawl?url=chapter/chapter?id=18&process=1
Action : Class not found
Value : 
Date : 07/24/2018 08:09:39 pm
-------------------------------------------------------
IP + Date : ::1 - July 24, 2018, 8:09 pm
-----------------
Url : http://localhost/Uteach/index/crawl?url=chapter/chapter?id=18&process=1
Action : Class not found
Value : 
Date : 07/24/2018 08:09:39 pm
-------------------------------------------------------
IP + Date : ::1 - July 24, 2018, 8:09 pm
-----------------
Url : http://localhost/Uteach/index/crawl?url=chapter/chapter?id=19&process=1
Action : Class not found
Value : 
Date : 07/24/2018 08:09:40 pm
-------------------------------------------------------
IP + Date : ::1 - July 24, 2018, 8:09 pm
-----------------
Url : http://localhost/Uteach/index/crawl?url=chapter/chapter?id=19&process=1
Action : Class not found
Value : 
Date : 07/24/2018 08:09:40 pm
-------------------------------------------------------
IP + Date : ::1 - July 24, 2018, 8:09 pm
-----------------
Url : http://localhost/Uteach/index/crawl?url=chapter/chapter?id=20&process=1
Action : Class not found
Value : 
Date : 07/24/2018 08:09:41 pm
-------------------------------------------------------
IP + Date : ::1 - July 24, 2018, 8:09 pm
-----------------
Url : http://localhost/Uteach/index/crawl?url=chapter/chapter?id=20&process=1
Action : Class not found
Value : 
Date : 07/24/2018 08:09:41 pm
-------------------------------------------------------
IP + Date : ::1 - July 24, 2018, 8:09 pm
-----------------
Url : http://localhost/Uteach/index/crawl?url=chapter/chapter?id=21&process=1
Action : Class not found
Value : 
Date : 07/24/2018 08:09:42 pm
-------------------------------------------------------
IP + Date : ::1 - July 24, 2018, 8:09 pm
-----------------
Url : http://localhost/Uteach/index/crawl?url=chapter/chapter?id=21&process=1
Action : Class not found
Value : 
Date : 07/24/2018 08:09:43 pm
-------------------------------------------------------
IP + Date : ::1 - July 24, 2018, 8:09 pm
-----------------
Url : http://localhost/Uteach/index/crawl?url=chapter/chapter?id=22&process=1
Action : Class not found
Value : 
Date : 07/24/2018 08:09:44 pm
-------------------------------------------------------
IP + Date : ::1 - July 24, 2018, 8:09 pm
-----------------
Url : http://localhost/Uteach/index/crawl?url=chapter/chapter?id=22&process=1
Action : Class not found
Value : 
Date : 07/24/2018 08:09:44 pm
-------------------------------------------------------
IP + Date : ::1 - July 24, 2018, 8:09 pm
-----------------
Url : http://localhost/Uteach/index/crawl?url=chapter/chapter?id=23&process=1
Action : Class not found
Value : 
Date : 07/24/2018 08:09:45 pm
-------------------------------------------------------
IP + Date : ::1 - July 24, 2018, 8:09 pm
-----------------
Url : http://localhost/Uteach/index/crawl?url=chapter/chapter?id=23&process=1
Action : Class not found
Value : 
Date : 07/24/2018 08:09:45 pm
-------------------------------------------------------
IP + Date : ::1 - July 24, 2018, 8:09 pm
-----------------
Url : http://localhost/Uteach/index/crawl?url=chapter/chapter?id=24&process=1
Action : Class not found
Value : 
Date : 07/24/2018 08:09:46 pm
-------------------------------------------------------
IP + Date : ::1 - July 24, 2018, 8:09 pm
-----------------
Url : http://localhost/Uteach/index/crawl?url=chapter/chapter?id=24&process=1
Action : Class not found
Value : 
Date : 07/24/2018 08:09:46 pm
-------------------------------------------------------
IP + Date : ::1 - July 24, 2018, 8:09 pm
-----------------
Url : http://localhost/Uteach/index/crawl?url=chapter/chapter?id=25&process=1
Action : Class not found
Value : 
Date : 07/24/2018 08:09:47 pm
-------------------------------------------------------
IP + Date : ::1 - July 24, 2018, 8:09 pm
-----------------
Url : http://localhost/Uteach/index/crawl?url=chapter/chapter?id=25&process=1
Action : Class not found
Value : 
Date : 07/24/2018 08:09:47 pm
-------------------------------------------------------
IP + Date : ::1 - July 24, 2018, 8:09 pm
-----------------
Url : http://localhost/Uteach/index/crawl?url=chapter/chapter?id=26&process=1
Action : Class not found
Value : 
Date : 07/24/2018 08:09:48 pm
-------------------------------------------------------
IP + Date : ::1 - July 24, 2018, 8:09 pm
-----------------
Url : http://localhost/Uteach/index/crawl?url=chapter/chapter?id=26&process=1
Action : Class not found
Value : 
Date : 07/24/2018 08:09:48 pm
-------------------------------------------------------
IP + Date : ::1 - July 24, 2018, 8:09 pm
-----------------
Url : http://localhost/Uteach/index/crawl?url=chapter/chapter?id=27&process=1
Action : Class not found
Value : 
Date : 07/24/2018 08:09:49 pm
-------------------------------------------------------
IP + Date : ::1 - July 24, 2018, 8:09 pm
-----------------
Url : http://localhost/Uteach/index/crawl?url=chapter/chapter?id=27&process=1
Action : Class not found
Value : 
Date : 07/24/2018 08:09:49 pm
-------------------------------------------------------
IP + Date : ::1 - July 24, 2018, 8:09 pm
-----------------
Url : http://localhost/Uteach/index/crawl?url=chapter/chapter?id=28&process=1
Action : Class not found
Value : 
Date : 07/24/2018 08:09:50 pm
-------------------------------------------------------
IP + Date : ::1 - July 24, 2018, 8:09 pm
-----------------
Url : http://localhost/Uteach/index/crawl?url=chapter/chapter?id=28&process=1
Action : Class not found
Value : 
Date : 07/24/2018 08:09:51 pm
-------------------------------------------------------
IP + Date : ::1 - July 24, 2018, 8:09 pm
-----------------
Url : http://localhost/Uteach/index/crawl?url=chapter/chapter?id=29&process=1
Action : Class not found
Value : 
Date : 07/24/2018 08:09:52 pm
-------------------------------------------------------
IP + Date : ::1 - July 24, 2018, 8:09 pm
-----------------
Url : http://localhost/Uteach/index/crawl?url=chapter/chapter?id=29&process=1
Action : Class not found
Value : 
Date : 07/24/2018 08:09:52 pm
-------------------------------------------------------
IP + Date : ::1 - July 24, 2018, 8:09 pm
-----------------
Url : http://localhost/Uteach/index/crawl?url=chapter/chapter?id=30&process=1
Action : Class not found
Value : 
Date : 07/24/2018 08:09:53 pm
-------------------------------------------------------
IP + Date : ::1 - July 24, 2018, 8:09 pm
-----------------
Url : http://localhost/Uteach/index/crawl?url=chapter/chapter?id=30&process=1
Action : Class not found
Value : 
Date : 07/24/2018 08:09:53 pm
-------------------------------------------------------
IP + Date : ::1 - July 24, 2018, 8:09 pm
-----------------
Url : http://localhost/Uteach/index/crawl?url=video/video?id=3&process=1
Action : Class not found
Value : 
Date : 07/24/2018 08:09:54 pm
-------------------------------------------------------
IP + Date : ::1 - July 24, 2018, 8:09 pm
-----------------
Url : http://localhost/Uteach/index/crawl?url=video/video?id=3&process=1
Action : Class not found
Value : 
Date : 07/24/2018 08:09:54 pm
-------------------------------------------------------
IP + Date : ::1 - July 24, 2018, 8:09 pm
-----------------
Url : http://localhost/Uteach/index/crawl?url=video/video?id=4&process=1
Action : Class not found
Value : 
Date : 07/24/2018 08:09:56 pm
-------------------------------------------------------
IP + Date : ::1 - July 24, 2018, 8:09 pm
-----------------
Url : http://localhost/Uteach/index/crawl?url=video/video?id=4&process=1
Action : Class not found
Value : 
Date : 07/24/2018 08:09:56 pm
-------------------------------------------------------
IP + Date : ::1 - July 24, 2018, 8:09 pm
-----------------
Url : http://localhost/Uteach/index/crawl?url=video/video?id=5&process=1
Action : Class not found
Value : 
Date : 07/24/2018 08:09:59 pm
-------------------------------------------------------
IP + Date : ::1 - July 24, 2018, 8:09 pm
-----------------
Url : http://localhost/Uteach/index/crawl?url=video/video?id=5&process=1
Action : Class not found
Value : 
Date : 07/24/2018 08:09:59 pm
-------------------------------------------------------
IP + Date : ::1 - July 24, 2018, 8:10 pm
-----------------
Url : http://localhost/Uteach/index/crawl?url=video/video?id=6&process=1
Action : Class not found
Value : 
Date : 07/24/2018 08:10:01 pm
-------------------------------------------------------
IP + Date : ::1 - July 24, 2018, 8:10 pm
-----------------
Url : http://localhost/Uteach/index/crawl?url=video/video?id=6&process=1
Action : Class not found
Value : 
Date : 07/24/2018 08:10:01 pm
-------------------------------------------------------
IP + Date : ::1 - July 24, 2018, 8:10 pm
-----------------
Url : http://localhost/Uteach/index/crawl?url=video/video?id=7&process=1
Action : Class not found
Value : 
Date : 07/24/2018 08:10:04 pm
-------------------------------------------------------
IP + Date : ::1 - July 24, 2018, 8:10 pm
-----------------
Url : http://localhost/Uteach/index/crawl?url=video/video?id=7&process=1
Action : Class not found
Value : 
Date : 07/24/2018 08:10:04 pm
-------------------------------------------------------
IP + Date : ::1 - July 24, 2018, 8:10 pm
-----------------
Url : http://localhost/Uteach/index/crawl?url=video/video?id=8&process=1
Action : Class not found
Value : 
Date : 07/24/2018 08:10:06 pm
-------------------------------------------------------
IP + Date : ::1 - July 24, 2018, 8:10 pm
-----------------
Url : http://localhost/Uteach/index/crawl?url=video/video?id=8&process=1
Action : Class not found
Value : 
Date : 07/24/2018 08:10:06 pm
-------------------------------------------------------
IP + Date : ::1 - July 24, 2018, 8:10 pm
-----------------
Url : http://localhost/Uteach/index/crawl?url=/Uteach/chapter/list&process=1
Action : Class not found
Value : 
Date : 07/24/2018 08:10:09 pm
-------------------------------------------------------
IP + Date : ::1 - July 24, 2018, 8:10 pm
-----------------
Url : http://localhost/Uteach/index/crawl?url=/Uteach/chapter/list&process=1
Action : Class not found
Value : 
Date : 07/24/2018 08:10:09 pm
-------------------------------------------------------
IP + Date : ::1 - July 24, 2018, 8:10 pm
-----------------
Url : http://localhost/Uteach/index/crawl?url=/Uteach/trainning/list&process=1
Action : Class not found
Value : 
Date : 07/24/2018 08:10:09 pm
-------------------------------------------------------
IP + Date : ::1 - July 24, 2018, 8:10 pm
-----------------
Url : http://localhost/Uteach/index/crawl?url=/Uteach/trainning/list&process=1
Action : Class not found
Value : 
Date : 07/24/2018 08:10:09 pm
-------------------------------------------------------
IP + Date : ::1 - July 24, 2018, 8:10 pm
-----------------
Url : http://localhost/Uteach/index/crawl?url=/Uteach/video/list&process=1
Action : Class not found
Value : 
Date : 07/24/2018 08:10:09 pm
-------------------------------------------------------
IP + Date : ::1 - July 24, 2018, 8:10 pm
-----------------
Url : http://localhost/Uteach/index/crawl?url=/Uteach/video/list&process=1
Action : Class not found
Value : 
Date : 07/24/2018 08:10:09 pm
-------------------------------------------------------
IP + Date : ::1 - July 24, 2018, 8:10 pm
-----------------
Url : http://localhost/Uteach/index/crawl?url=/Uteach/premiumoffer/list&process=1
Action : Class not found
Value : 
Date : 07/24/2018 08:10:09 pm
-------------------------------------------------------
IP + Date : ::1 - July 24, 2018, 8:10 pm
-----------------
Url : http://localhost/Uteach/index/crawl?url=/Uteach/premiumoffer/list&process=1
Action : Class not found
Value : 
Date : 07/24/2018 08:10:09 pm
-------------------------------------------------------
IP + Date : ::1 - July 24, 2018, 8:10 pm
-----------------
Url : http://localhost/Uteach/index/crawl?url=/Uteach/user/login&process=1
Action : Class not found
Value : 
Date : 07/24/2018 08:10:09 pm
-------------------------------------------------------
IP + Date : ::1 - July 24, 2018, 8:10 pm
-----------------
Url : http://localhost/Uteach/index/crawl?url=/Uteach/user/login&process=1
Action : Class not found
Value : 
Date : 07/24/2018 08:10:09 pm
-------------------------------------------------------
IP + Date : ::1 - July 24, 2018, 8:10 pm
-----------------
Url : http://localhost/Uteach/index/crawl?url=/Uteach/user/add&process=1
Action : Class not found
Value : 
Date : 07/24/2018 08:10:09 pm
-------------------------------------------------------
IP + Date : ::1 - July 24, 2018, 8:10 pm
-----------------
Url : http://localhost/Uteach/index/crawl?url=/Uteach/user/add&process=1
Action : Class not found
Value : 
Date : 07/24/2018 08:10:09 pm
-------------------------------------------------------
IP + Date : ::1 - July 24, 2018, 8:10 pm
-----------------
Url : http://localhost/Uteach/index/crawl?url=/Uteach/bin/xml/list_chapter.xml&process=1
Action : Class not found
Value : 
Date : 07/24/2018 08:10:10 pm
-------------------------------------------------------
IP + Date : ::1 - July 24, 2018, 8:10 pm
-----------------
Url : http://localhost/Uteach/index/crawl?url=/Uteach/bin/xml/list_chapter.xml&process=1
Action : Class not found
Value : 
Date : 07/24/2018 08:10:10 pm
-------------------------------------------------------
IP + Date : ::1 - July 24, 2018, 8:10 pm
-----------------
Url : http://localhost/Uteach/index/crawl?url=/Uteach/bin/xml/list_trainning.xml&process=1
Action : Class not found
Value : 
Date : 07/24/2018 08:10:10 pm
-------------------------------------------------------
IP + Date : ::1 - July 24, 2018, 8:10 pm
-----------------
Url : http://localhost/Uteach/index/crawl?url=/Uteach/bin/xml/list_trainning.xml&process=1
Action : Class not found
Value : 
Date : 07/24/2018 08:10:10 pm
-------------------------------------------------------
IP + Date : ::1 - July 24, 2018, 8:10 pm
-----------------
Url : http://localhost/Uteach/index/crawl?url=/Uteach/bin/xml/list_video.xml&process=1
Action : Class not found
Value : 
Date : 07/24/2018 08:10:10 pm
-------------------------------------------------------
IP + Date : ::1 - July 24, 2018, 8:10 pm
-----------------
Url : http://localhost/Uteach/index/crawl?url=/Uteach/bin/xml/list_video.xml&process=1
Action : Class not found
Value : 
Date : 07/24/2018 08:10:10 pm
-------------------------------------------------------
IP + Date : ::1 - July 24, 2018, 8:10 pm
-----------------
Url : http://localhost/Uteach/index/crawl?url=/Uteach/user/passwordResetEmail&process=1
Action : Class not found
Value : 
Date : 07/24/2018 08:10:10 pm
-------------------------------------------------------
IP + Date : ::1 - July 24, 2018, 8:10 pm
-----------------
Url : http://localhost/Uteach/index/crawl?url=/Uteach/user/passwordResetEmail&process=1
Action : Class not found
Value : 
Date : 07/24/2018 08:10:10 pm
-------------------------------------------------------
IP + Date : ::1 - July 24, 2018, 8:10 pm
-----------------
Url : http://localhost/Uteach/index/crawl?url=&process=1
Action : Class not found
Value : 
Date : 07/24/2018 08:10:10 pm
-------------------------------------------------------
IP + Date : ::1 - July 24, 2018, 8:29 pm
-----------------
Url : http://localhost/Uteach/public/img/videos/R%C3%89ACTION%20A%20CHAUD%20DES%20JOUEURS%20!%20LA%20FRANCE%20EN%20FINALE.mp4
Action : Controller not found
Value : 
Date : 07/24/2018 08:29:05 pm
-------------------------------------------------------
IP + Date : ::1 - July 24, 2018, 8:29 pm
-----------------
Url : http://localhost/Uteach/public/img/videos/R%C3%89ACTION%20A%20CHAUD%20DES%20JOUEURS%20!%20LA%20FRANCE%20EN%20FINALE.mp4
Action : Controller not found
Value : 
Date : 07/24/2018 08:29:05 pm
-------------------------------------------------------
IP + Date : ::1 - July 24, 2018, 9:15 pm
-----------------
Url : http://localhost/Uteach/public/img/videos/R%C3%89ACTION%20A%20CHAUD%20DES%20JOUEURS%20!%20LA%20FRANCE%20EN%20FINALE.mp4
Action : Controller not found
Value : 
Date : 07/24/2018 09:15:24 pm
-------------------------------------------------------
IP + Date : ::1 - July 24, 2018, 9:15 pm
-----------------
Url : http://localhost/Uteach/public/img/videos/R%C3%89ACTION%20A%20CHAUD%20DES%20JOUEURS%20!%20LA%20FRANCE%20EN%20FINALE.mp4
Action : Controller not found
Value : 
Date : 07/24/2018 09:15:24 pm
-------------------------------------------------------
IP + Date : ::1 - July 24, 2018, 9:16 pm
-----------------
Url : http://localhost/Uteach/public/img/videos/R%C3%89ACTION%20A%20CHAUD%20DES%20JOUEURS%20!%20LA%20FRANCE%20EN%20FINALE.mp4
Action : Controller not found
Value : 
Date : 07/24/2018 09:16:51 pm
-------------------------------------------------------
IP + Date : ::1 - July 24, 2018, 9:16 pm
-----------------
Url : http://localhost/Uteach/public/img/videos/R%C3%89ACTION%20A%20CHAUD%20DES%20JOUEURS%20!%20LA%20FRANCE%20EN%20FINALE.mp4
Action : Controller not found
Value : 
Date : 07/24/2018 09:16:51 pm
-------------------------------------------------------
IP + Date : ::1 - July 24, 2018, 9:17 pm
-----------------
Url : http://localhost/Uteach/public/img/videos/R%C3%89ACTION%20A%20CHAUD%20DES%20JOUEURS%20!%20LA%20FRANCE%20EN%20FINALE.mp4
Action : Controller not found
Value : 
Date : 07/24/2018 09:17:07 pm
-------------------------------------------------------
IP + Date : ::1 - July 24, 2018, 9:17 pm
-----------------
Url : http://localhost/Uteach/public/img/videos/R%C3%89ACTION%20A%20CHAUD%20DES%20JOUEURS%20!%20LA%20FRANCE%20EN%20FINALE.mp4
Action : Controller not found
Value : 
Date : 07/24/2018 09:17:07 pm
-------------------------------------------------------
IP + Date : ::1 - July 24, 2018, 9:20 pm
-----------------
Url : http://localhost/Uteach/public/img/videos/R%C3%89ACTION%20A%20CHAUD%20DES%20JOUEURS%20!%20LA%20FRANCE%20EN%20FINALE.mp4
Action : Controller not found
Value : 
Date : 07/24/2018 09:20:14 pm
-------------------------------------------------------
IP + Date : ::1 - July 24, 2018, 9:20 pm
-----------------
Url : http://localhost/Uteach/public/img/videos/R%C3%89ACTION%20A%20CHAUD%20DES%20JOUEURS%20!%20LA%20FRANCE%20EN%20FINALE.mp4
Action : Controller not found
Value : 
Date : 07/24/2018 09:20:14 pm
-------------------------------------------------------
IP + Date : ::1 - July 24, 2018, 9:25 pm
-----------------
Url : http://localhost/Uteach/public/img/videos/R%C3%89ACTION%20A%20CHAUD%20DES%20JOUEURS%20!%20LA%20FRANCE%20EN%20FINALE.mp4
Action : Controller not found
Value : 
Date : 07/24/2018 09:25:35 pm
-------------------------------------------------------
IP + Date : ::1 - July 24, 2018, 9:25 pm
-----------------
Url : http://localhost/Uteach/public/img/videos/R%C3%89ACTION%20A%20CHAUD%20DES%20JOUEURS%20!%20LA%20FRANCE%20EN%20FINALE.mp4
Action : Controller not found
Value : 
Date : 07/24/2018 09:25:36 pm
-------------------------------------------------------
IP + Date : ::1 - July 24, 2018, 10:08 pm
-----------------
Url : http://localhost/Uteach/public/img/videos/R%C3%89ACTION%20A%20CHAUD%20DES%20JOUEURS%20!%20LA%20FRANCE%20EN%20FINALE.mp4
Action : Controller not found
Value : 
Date : 07/24/2018 10:08:52 pm
-------------------------------------------------------
IP + Date : ::1 - July 24, 2018, 10:08 pm
-----------------
Url : http://localhost/Uteach/public/img/videos/R%C3%89ACTION%20A%20CHAUD%20DES%20JOUEURS%20!%20LA%20FRANCE%20EN%20FINALE.mp4
Action : Controller not found
Value : 
Date : 07/24/2018 10:08:52 pm
-------------------------------------------------------
IP + Date : ::1 - July 24, 2018, 10:08 pm
-----------------
Url : http://localhost/Uteach/trainning/public/img/trainnings/711px-PHP-logo.svg.png
Action : Action not found
Value : publicAction in TrainningController
Date : 07/24/2018 10:08:58 pm
-------------------------------------------------------
IP + Date : ::1 - July 24, 2018, 10:09 pm
-----------------
Url : http://localhost/Uteach/chapter/public/img/chapters/711px-PHP-logo.svg.png
Action : Action not found
Value : publicAction in ChapterController
Date : 07/24/2018 10:09:01 pm
-------------------------------------------------------
IP + Date : ::1 - July 24, 2018, 10:09 pm
-----------------
Url : http://localhost/Uteach/public/img/videos/R%C3%89ACTION%20A%20CHAUD%20DES%20JOUEURS%20!%20LA%20FRANCE%20EN%20FINALE.mp4
Action : Controller not found
Value : 
Date : 07/24/2018 10:09:11 pm
-------------------------------------------------------
IP + Date : ::1 - July 24, 2018, 10:09 pm
-----------------
Url : http://localhost/Uteach/public/img/videos/R%C3%89ACTION%20A%20CHAUD%20DES%20JOUEURS%20!%20LA%20FRANCE%20EN%20FINALE.mp4
Action : Controller not found
Value : 
Date : 07/24/2018 10:09:11 pm
-------------------------------------------------------
IP + Date : ::1 - July 24, 2018, 10:09 pm
-----------------
Url : http://localhost/Uteach/public/img/videos/R%C3%89ACTION%20A%20CHAUD%20DES%20JOUEURS%20!%20LA%20FRANCE%20EN%20FINALE.mp4
Action : Controller not found
Value : 
Date : 07/24/2018 10:09:26 pm
-------------------------------------------------------
IP + Date : ::1 - July 24, 2018, 10:09 pm
-----------------
Url : http://localhost/Uteach/public/img/videos/R%C3%89ACTION%20A%20CHAUD%20DES%20JOUEURS%20!%20LA%20FRANCE%20EN%20FINALE.mp4
Action : Controller not found
Value : 
Date : 07/24/2018 10:09:26 pm
-------------------------------------------------------
IP + Date : ::1 - July 24, 2018, 10:12 pm
-----------------
Url : http://localhost/Uteach/public/img/videos/R%C3%89ACTION%20A%20CHAUD%20DES%20JOUEURS%20!%20LA%20FRANCE%20EN%20FINALE.mp4
Action : Controller not found
Value : 
Date : 07/24/2018 10:12:24 pm
-------------------------------------------------------
IP + Date : ::1 - July 24, 2018, 10:12 pm
-----------------
Url : http://localhost/Uteach/public/img/videos/R%C3%89ACTION%20A%20CHAUD%20DES%20JOUEURS%20!%20LA%20FRANCE%20EN%20FINALE.mp4
Action : Controller not found
Value : 
Date : 07/24/2018 10:12:24 pm
-------------------------------------------------------
IP + Date : ::1 - July 24, 2018, 10:13 pm
-----------------
Url : http://localhost/Uteach/public/img/videos/R%C3%89ACTION%20A%20CHAUD%20DES%20JOUEURS%20!%20LA%20FRANCE%20EN%20FINALE.mp4
Action : Controller not found
Value : 
Date : 07/24/2018 10:13:44 pm
-------------------------------------------------------
IP + Date : ::1 - July 24, 2018, 10:13 pm
-----------------
Url : http://localhost/Uteach/public/img/videos/R%C3%89ACTION%20A%20CHAUD%20DES%20JOUEURS%20!%20LA%20FRANCE%20EN%20FINALE.mp4
Action : Controller not found
Value : 
Date : 07/24/2018 10:13:45 pm
-------------------------------------------------------
IP + Date : ::1 - July 24, 2018, 10:14 pm
-----------------
Url : http://localhost/Uteach/trainning/public/img/trainnings/711px-PHP-logo.svg.png
Action : Action not found
Value : publicAction in TrainningController
Date : 07/24/2018 10:14:04 pm
-------------------------------------------------------
IP + Date : ::1 - July 24, 2018, 10:17 pm
-----------------
Url : http://localhost/Uteach/trainning/public/img/trainnings/711px-PHP-logo.svg.png
Action : Action not found
Value : publicAction in TrainningController
Date : 07/24/2018 10:17:12 pm
-------------------------------------------------------
IP + Date : ::1 - July 24, 2018, 10:17 pm
-----------------
Url : http://localhost/Uteach/chapter/public/img/chapters/711px-PHP-logo.svg.png
Action : Action not found
Value : publicAction in ChapterController
Date : 07/24/2018 10:17:48 pm
-------------------------------------------------------
IP + Date : ::1 - July 24, 2018, 10:18 pm
-----------------
Url : http://localhost/Uteach/trainning/public/img/trainnings/711px-PHP-logo.svg.png
Action : Action not found
Value : publicAction in TrainningController
Date : 07/24/2018 10:18:06 pm
-------------------------------------------------------
IP + Date : ::1 - July 24, 2018, 10:18 pm
-----------------
Url : http://localhost/Uteach/chapter/public/img/chapters/711px-PHP-logo.svg.png
Action : Action not found
Value : publicAction in ChapterController
Date : 07/24/2018 10:18:08 pm
-------------------------------------------------------
IP + Date : ::1 - July 24, 2018, 10:19 pm
-----------------
Url : http://localhost/Uteach/chapter/public/img/chapters/711px-PHP-logo.svg.png
Action : Action not found
Value : publicAction in ChapterController
Date : 07/24/2018 10:19:01 pm
-------------------------------------------------------
IP + Date : ::1 - July 24, 2018, 10:20 pm
-----------------
Url : http://localhost/Uteach/chapter/public/img/chapters/711px-PHP-logo.svg.png
Action : Action not found
Value : publicAction in ChapterController
Date : 07/24/2018 10:20:36 pm
-------------------------------------------------------
