IP + Date : ::1 - May 13, 2018, 11:43 am
-----------------
Url : http://localhost/Uteach/user/passwordReset
Action : Send email
Value : SMTP Error: Could not authenticate.
Date : 05/13/2018 11:43:42 am
-------------------------------------------------------
IP + Date : ::1 - May 13, 2018, 11:50 am
-----------------
Url : http://localhost/Uteach/user/passwordReset
Action : Send email
Value : SMTP Error: Could not authenticate.
Date : 05/13/2018 11:50:22 am
-------------------------------------------------------
IP + Date : ::1 - May 13, 2018, 11:50 am
-----------------
Url : http://localhost/Uteach/user/passwordReset
Action : Send email
Value : SMTP Error: Could not authenticate.
Date : 05/13/2018 11:50:25 am
-------------------------------------------------------
IP + Date : ::1 - May 13, 2018, 11:50 am
-----------------
Url : http://localhost/Uteach/user/passwordReset
Action : Send email
Value : SMTP Error: Could not authenticate.
Date : 05/13/2018 11:50:31 am
-------------------------------------------------------
IP + Date : ::1 - May 13, 2018, 12:00 pm
-----------------
Url : http://localhost/Uteach/user/passwordReset
Action : Send email
Value : SMTP Error: Could not authenticate.
Date : 05/13/2018 12:00:38 pm
-------------------------------------------------------
IP + Date : ::1 - May 13, 2018, 1:09 pm
-----------------
Url : http://localhost/Uteach/user/passwordReset
Action : Send email
Value : SMTP Error: Could not authenticate.
Date : 05/13/2018 01:09:23 pm
-------------------------------------------------------
IP + Date : ::1 - May 13, 2018, 2:08 pm
-----------------
Url : http://localhost/Uteach/user/passwordReset
Action : Send email
Value : true
Date : 05/13/2018 02:08:31 pm
-------------------------------------------------------
IP + Date : ::1 - May 13, 2018, 2:09 pm
-----------------
Url : http://localhost/Uteach/user/passwordReset?id=&pwdReset=
Action : Attempt access
Value : Access denied
Date : 05/13/2018 02:09:31 pm
-------------------------------------------------------
IP + Date : ::1 - May 13, 2018, 2:10 pm
-----------------
Url : http://localhost/Uteach/user/passwordReset?id=&pwdReset=
Action : Attempt access
Value : Access denied
Date : 05/13/2018 02:10:35 pm
-------------------------------------------------------
