IP + Date : ::1 - July 23, 2018, 11:50 am
-----------------
Url : http://localhost/Uteach/public/img/videos/R%C3%89ACTION%20A%20CHAUD%20DES%20JOUEURS%20!%20LA%20FRANCE%20EN%20FINALE.mp4
Action : Controller not found
Value : 
Date : 07/23/2018 11:50:35 am
-------------------------------------------------------
IP + Date : ::1 - July 23, 2018, 11:50 am
-----------------
Url : http://localhost/Uteach/public/img/videos/R%C3%89ACTION%20A%20CHAUD%20DES%20JOUEURS%20!%20LA%20FRANCE%20EN%20FINALE.mp4
Action : Controller not found
Value : 
Date : 07/23/2018 11:50:35 am
-------------------------------------------------------
IP + Date : ::1 - July 23, 2018, 11:51 am
-----------------
Url : http://localhost/Uteach/public/img/videos/R%C3%89ACTION%20A%20CHAUD%20DES%20JOUEURS%20!%20LA%20FRANCE%20EN%20FINALE.mp4
Action : Controller not found
Value : 
Date : 07/23/2018 11:51:46 am
-------------------------------------------------------
IP + Date : ::1 - July 23, 2018, 11:51 am
-----------------
Url : http://localhost/Uteach/public/img/videos/R%C3%89ACTION%20A%20CHAUD%20DES%20JOUEURS%20!%20LA%20FRANCE%20EN%20FINALE.mp4
Action : Controller not found
Value : 
Date : 07/23/2018 11:51:46 am
-------------------------------------------------------
IP + Date : ::1 - July 23, 2018, 4:22 pm
-----------------
Url : http://localhost/Uteach/
Action : Controller not found
Value : 
Date : 07/23/2018 04:22:06 pm
-------------------------------------------------------
IP + Date : ::1 - July 23, 2018, 4:22 pm
-----------------
Url : http://localhost/Uteach/index/error
Action : Controller not found
Value : 
Date : 07/23/2018 04:22:06 pm
-------------------------------------------------------
IP + Date : ::1 - July 23, 2018, 4:22 pm
-----------------
Url : http://localhost/Uteach/index/error
Action : Controller not found
Value : 
Date : 07/23/2018 04:22:06 pm
-------------------------------------------------------
IP + Date : ::1 - July 23, 2018, 4:22 pm
-----------------
Url : http://localhost/Uteach/index/error
Action : Controller not found
Value : 
Date : 07/23/2018 04:22:06 pm
-------------------------------------------------------
IP + Date : ::1 - July 23, 2018, 4:22 pm
-----------------
Url : http://localhost/Uteach/index/error
Action : Controller not found
Value : 
Date : 07/23/2018 04:22:06 pm
-------------------------------------------------------
IP + Date : ::1 - July 23, 2018, 4:22 pm
-----------------
Url : http://localhost/Uteach/index/error
Action : Controller not found
Value : 
Date : 07/23/2018 04:22:06 pm
-------------------------------------------------------
IP + Date : ::1 - July 23, 2018, 4:22 pm
-----------------
Url : http://localhost/Uteach/index/error
Action : Controller not found
Value : 
Date : 07/23/2018 04:22:06 pm
-------------------------------------------------------
IP + Date : ::1 - July 23, 2018, 4:22 pm
-----------------
Url : http://localhost/Uteach/index/error
Action : Controller not found
Value : 
Date : 07/23/2018 04:22:06 pm
-------------------------------------------------------
IP + Date : ::1 - July 23, 2018, 4:22 pm
-----------------
Url : http://localhost/Uteach/index/error
Action : Controller not found
Value : 
Date : 07/23/2018 04:22:06 pm
-------------------------------------------------------
IP + Date : ::1 - July 23, 2018, 4:22 pm
-----------------
Url : http://localhost/Uteach/index/error
Action : Controller not found
Value : 
Date : 07/23/2018 04:22:06 pm
-------------------------------------------------------
IP + Date : ::1 - July 23, 2018, 4:22 pm
-----------------
Url : http://localhost/Uteach/index/error
Action : Controller not found
Value : 
Date : 07/23/2018 04:22:06 pm
-------------------------------------------------------
IP + Date : ::1 - July 23, 2018, 4:22 pm
-----------------
Url : http://localhost/Uteach/index/error
Action : Controller not found
Value : 
Date : 07/23/2018 04:22:06 pm
-------------------------------------------------------
IP + Date : ::1 - July 23, 2018, 4:22 pm
-----------------
Url : http://localhost/Uteach/index/error
Action : Controller not found
Value : 
Date : 07/23/2018 04:22:07 pm
-------------------------------------------------------
IP + Date : ::1 - July 23, 2018, 4:22 pm
-----------------
Url : http://localhost/Uteach/index/error
Action : Controller not found
Value : 
Date : 07/23/2018 04:22:07 pm
-------------------------------------------------------
IP + Date : ::1 - July 23, 2018, 4:22 pm
-----------------
Url : http://localhost/Uteach/index/error
Action : Controller not found
Value : 
Date : 07/23/2018 04:22:07 pm
-------------------------------------------------------
IP + Date : ::1 - July 23, 2018, 4:22 pm
-----------------
Url : http://localhost/Uteach/index/error
Action : Controller not found
Value : 
Date : 07/23/2018 04:22:07 pm
-------------------------------------------------------
IP + Date : ::1 - July 23, 2018, 4:22 pm
-----------------
Url : http://localhost/Uteach/index/error
Action : Controller not found
Value : 
Date : 07/23/2018 04:22:07 pm
-------------------------------------------------------
IP + Date : ::1 - July 23, 2018, 4:22 pm
-----------------
Url : http://localhost/Uteach/index/error
Action : Controller not found
Value : 
Date : 07/23/2018 04:22:07 pm
-------------------------------------------------------
IP + Date : ::1 - July 23, 2018, 4:22 pm
-----------------
Url : http://localhost/Uteach/index/error
Action : Controller not found
Value : 
Date : 07/23/2018 04:22:07 pm
-------------------------------------------------------
IP + Date : ::1 - July 23, 2018, 4:22 pm
-----------------
Url : http://localhost/Uteach/index/error
Action : Controller not found
Value : 
Date : 07/23/2018 04:22:07 pm
-------------------------------------------------------
IP + Date : ::1 - July 23, 2018, 4:22 pm
-----------------
Url : http://localhost/Uteach/index/error
Action : Controller not found
Value : 
Date : 07/23/2018 04:22:07 pm
-------------------------------------------------------
IP + Date : ::1 - July 23, 2018, 4:22 pm
-----------------
Url : http://localhost/Uteach/index/error
Action : Controller not found
Value : 
Date : 07/23/2018 04:22:07 pm
-------------------------------------------------------
IP + Date : ::1 - July 23, 2018, 4:22 pm
-----------------
Url : http://localhost/Uteach/index/error
Action : Controller not found
Value : 
Date : 07/23/2018 04:22:07 pm
-------------------------------------------------------
IP + Date : ::1 - July 23, 2018, 4:22 pm
-----------------
Url : http://localhost/Uteach/index/error
Action : Controller not found
Value : 
Date : 07/23/2018 04:22:07 pm
-------------------------------------------------------
IP + Date : ::1 - July 23, 2018, 4:22 pm
-----------------
Url : http://localhost/Uteach/index/error
Action : Controller not found
Value : 
Date : 07/23/2018 04:22:07 pm
-------------------------------------------------------
IP + Date : ::1 - July 23, 2018, 4:22 pm
-----------------
Url : http://localhost/Uteach/index/error
Action : Controller not found
Value : 
Date : 07/23/2018 04:22:07 pm
-------------------------------------------------------
IP + Date : ::1 - July 23, 2018, 4:22 pm
-----------------
Url : http://localhost/Uteach/index/error
Action : Controller not found
Value : 
Date : 07/23/2018 04:22:07 pm
-------------------------------------------------------
IP + Date : ::1 - July 23, 2018, 4:22 pm
-----------------
Url : http://localhost/Uteach/index/error
Action : Controller not found
Value : 
Date : 07/23/2018 04:22:07 pm
-------------------------------------------------------
IP + Date : ::1 - July 23, 2018, 4:22 pm
-----------------
Url : http://localhost/Uteach/index/error
Action : Controller not found
Value : 
Date : 07/23/2018 04:22:07 pm
-------------------------------------------------------
IP + Date : ::1 - July 23, 2018, 4:22 pm
-----------------
Url : http://localhost/Uteach/index/error
Action : Controller not found
Value : 
Date : 07/23/2018 04:22:07 pm
-------------------------------------------------------
IP + Date : ::1 - July 23, 2018, 4:22 pm
-----------------
Url : http://localhost/Uteach/index/error
Action : Controller not found
Value : 
Date : 07/23/2018 04:22:07 pm
-------------------------------------------------------
IP + Date : ::1 - July 23, 2018, 4:22 pm
-----------------
Url : http://localhost/Uteach/index/error
Action : Controller not found
Value : 
Date : 07/23/2018 04:22:07 pm
-------------------------------------------------------
IP + Date : ::1 - July 23, 2018, 4:22 pm
-----------------
Url : http://localhost/Uteach/index/error
Action : Controller not found
Value : 
Date : 07/23/2018 04:22:07 pm
-------------------------------------------------------
IP + Date : ::1 - July 23, 2018, 4:22 pm
-----------------
Url : http://localhost/Uteach/index/error
Action : Controller not found
Value : 
Date : 07/23/2018 04:22:07 pm
-------------------------------------------------------
IP + Date : ::1 - July 23, 2018, 4:22 pm
-----------------
Url : http://localhost/Uteach/index/error
Action : Controller not found
Value : 
Date : 07/23/2018 04:22:07 pm
-------------------------------------------------------
IP + Date : ::1 - July 23, 2018, 4:22 pm
-----------------
Url : http://localhost/Uteach/index/error
Action : Controller not found
Value : 
Date : 07/23/2018 04:22:07 pm
-------------------------------------------------------
IP + Date : ::1 - July 23, 2018, 4:22 pm
-----------------
Url : http://localhost/Uteach/index/error
Action : Controller not found
Value : 
Date : 07/23/2018 04:22:07 pm
-------------------------------------------------------
IP + Date : ::1 - July 23, 2018, 4:22 pm
-----------------
Url : http://localhost/Uteach/index/error
Action : Controller not found
Value : 
Date : 07/23/2018 04:22:07 pm
-------------------------------------------------------
IP + Date : ::1 - July 23, 2018, 4:22 pm
-----------------
Url : http://localhost/Uteach/index/error
Action : Controller not found
Value : 
Date : 07/23/2018 04:22:07 pm
-------------------------------------------------------
IP + Date : ::1 - July 23, 2018, 4:22 pm
-----------------
Url : http://localhost/Uteach/index/error
Action : Controller not found
Value : 
Date : 07/23/2018 04:22:07 pm
-------------------------------------------------------
IP + Date : ::1 - July 23, 2018, 4:22 pm
-----------------
Url : http://localhost/Uteach/index/error
Action : Controller not found
Value : 
Date : 07/23/2018 04:22:12 pm
-------------------------------------------------------
IP + Date : ::1 - July 23, 2018, 4:22 pm
-----------------
Url : http://localhost/Uteach/index/error
Action : Controller not found
Value : 
Date : 07/23/2018 04:22:12 pm
-------------------------------------------------------
IP + Date : ::1 - July 23, 2018, 4:22 pm
-----------------
Url : http://localhost/Uteach/index/error
Action : Controller not found
Value : 
Date : 07/23/2018 04:22:12 pm
-------------------------------------------------------
IP + Date : ::1 - July 23, 2018, 4:22 pm
-----------------
Url : http://localhost/Uteach/index/error
Action : Controller not found
Value : 
Date : 07/23/2018 04:22:12 pm
-------------------------------------------------------
IP + Date : ::1 - July 23, 2018, 4:22 pm
-----------------
Url : http://localhost/Uteach/index/error
Action : Controller not found
Value : 
Date : 07/23/2018 04:22:12 pm
-------------------------------------------------------
IP + Date : ::1 - July 23, 2018, 4:22 pm
-----------------
Url : http://localhost/Uteach/index/error
Action : Controller not found
Value : 
Date : 07/23/2018 04:22:12 pm
-------------------------------------------------------
IP + Date : ::1 - July 23, 2018, 4:22 pm
-----------------
Url : http://localhost/Uteach/index/error
Action : Controller not found
Value : 
Date : 07/23/2018 04:22:12 pm
-------------------------------------------------------
IP + Date : ::1 - July 23, 2018, 4:22 pm
-----------------
Url : http://localhost/Uteach/index/error
Action : Controller not found
Value : 
Date : 07/23/2018 04:22:12 pm
-------------------------------------------------------
IP + Date : ::1 - July 23, 2018, 4:22 pm
-----------------
Url : http://localhost/Uteach/index/error
Action : Controller not found
Value : 
Date : 07/23/2018 04:22:12 pm
-------------------------------------------------------
IP + Date : ::1 - July 23, 2018, 4:22 pm
-----------------
Url : http://localhost/Uteach/index/error
Action : Controller not found
Value : 
Date : 07/23/2018 04:22:12 pm
-------------------------------------------------------
IP + Date : ::1 - July 23, 2018, 4:22 pm
-----------------
Url : http://localhost/Uteach/index/error
Action : Controller not found
Value : 
Date : 07/23/2018 04:22:12 pm
-------------------------------------------------------
IP + Date : ::1 - July 23, 2018, 4:22 pm
-----------------
Url : http://localhost/Uteach/index/error
Action : Controller not found
Value : 
Date : 07/23/2018 04:22:12 pm
-------------------------------------------------------
IP + Date : ::1 - July 23, 2018, 4:22 pm
-----------------
Url : http://localhost/Uteach/index/error
Action : Controller not found
Value : 
Date : 07/23/2018 04:22:12 pm
-------------------------------------------------------
IP + Date : ::1 - July 23, 2018, 4:22 pm
-----------------
Url : http://localhost/Uteach/index/error
Action : Controller not found
Value : 
Date : 07/23/2018 04:22:12 pm
-------------------------------------------------------
IP + Date : ::1 - July 23, 2018, 4:22 pm
-----------------
Url : http://localhost/Uteach/index/error
Action : Controller not found
Value : 
Date : 07/23/2018 04:22:13 pm
-------------------------------------------------------
IP + Date : ::1 - July 23, 2018, 4:22 pm
-----------------
Url : http://localhost/Uteach/index/error
Action : Controller not found
Value : 
Date : 07/23/2018 04:22:13 pm
-------------------------------------------------------
IP + Date : ::1 - July 23, 2018, 4:22 pm
-----------------
Url : http://localhost/Uteach/index/error
Action : Controller not found
Value : 
Date : 07/23/2018 04:22:13 pm
-------------------------------------------------------
IP + Date : ::1 - July 23, 2018, 4:22 pm
-----------------
Url : http://localhost/Uteach/index/error
Action : Controller not found
Value : 
Date : 07/23/2018 04:22:13 pm
-------------------------------------------------------
IP + Date : ::1 - July 23, 2018, 4:22 pm
-----------------
Url : http://localhost/Uteach/index/error
Action : Controller not found
Value : 
Date : 07/23/2018 04:22:13 pm
-------------------------------------------------------
IP + Date : ::1 - July 23, 2018, 4:22 pm
-----------------
Url : http://localhost/Uteach/index/error
Action : Controller not found
Value : 
Date : 07/23/2018 04:22:13 pm
-------------------------------------------------------
IP + Date : ::1 - July 23, 2018, 4:30 pm
-----------------
Url : http://localhost/Uteach/public/img/videos/R%C3%89ACTION%20A%20CHAUD%20DES%20JOUEURS%20!%20LA%20FRANCE%20EN%20FINALE.mp4
Action : Controller not found
Value : 
Date : 07/23/2018 04:30:46 pm
-------------------------------------------------------
IP + Date : ::1 - July 23, 2018, 4:30 pm
-----------------
Url : http://localhost/Uteach/public/img/videos/R%C3%89ACTION%20A%20CHAUD%20DES%20JOUEURS%20!%20LA%20FRANCE%20EN%20FINALE.mp4
Action : Controller not found
Value : 
Date : 07/23/2018 04:30:46 pm
-------------------------------------------------------
IP + Date : ::1 - July 23, 2018, 4:30 pm
-----------------
Url : http://localhost/Uteach/public/img/videos/R%C3%89ACTION%20A%20CHAUD%20DES%20JOUEURS%20!%20LA%20FRANCE%20EN%20FINALE.mp4
Action : Controller not found
Value : 
Date : 07/23/2018 04:30:58 pm
-------------------------------------------------------
IP + Date : ::1 - July 23, 2018, 4:30 pm
-----------------
Url : http://localhost/Uteach/public/img/videos/R%C3%89ACTION%20A%20CHAUD%20DES%20JOUEURS%20!%20LA%20FRANCE%20EN%20FINALE.mp4
Action : Controller not found
Value : 
Date : 07/23/2018 04:30:58 pm
-------------------------------------------------------
IP + Date : ::1 - July 23, 2018, 5:00 pm
-----------------
Url : http://localhost/Uteach/chapter/edit/back
Action : Attempt access
Value : Access denied
Date : 07/23/2018 05:00:01 pm
-------------------------------------------------------
IP + Date : ::1 - July 23, 2018, 5:00 pm
-----------------
Url : http://localhost/Uteach/chapter/edit/back
Action : Attempt access
Value : Access denied
Date : 07/23/2018 05:00:22 pm
-------------------------------------------------------
IP + Date : ::1 - July 23, 2018, 5:00 pm
-----------------
Url : http://localhost/Uteach/trainning/edit/back
Action : Attempt access
Value : Access denied
Date : 07/23/2018 05:00:48 pm
-------------------------------------------------------
IP + Date : ::1 - July 23, 2018, 5:02 pm
-----------------
Url : http://localhost/Uteach/trainning/edit/back
Action : Attempt access
Value : Access denied
Date : 07/23/2018 05:02:26 pm
-------------------------------------------------------
IP + Date : ::1 - July 23, 2018, 5:18 pm
-----------------
Url : http://localhost/Uteach/public/img/videos/R%C3%89ACTION%20A%20CHAUD%20DES%20JOUEURS%20!%20LA%20FRANCE%20EN%20FINALE.mp4
Action : Controller not found
Value : 
Date : 07/23/2018 05:18:17 pm
-------------------------------------------------------
IP + Date : ::1 - July 23, 2018, 5:18 pm
-----------------
Url : http://localhost/Uteach/public/img/videos/R%C3%89ACTION%20A%20CHAUD%20DES%20JOUEURS%20!%20LA%20FRANCE%20EN%20FINALE.mp4
Action : Controller not found
Value : 
Date : 07/23/2018 05:18:17 pm
-------------------------------------------------------
IP + Date : ::1 - July 23, 2018, 5:19 pm
-----------------
Url : http://localhost/Uteach/public/img/videos/R%C3%89ACTION%20A%20CHAUD%20DES%20JOUEURS%20!%20LA%20FRANCE%20EN%20FINALE.mp4
Action : Controller not found
Value : 
Date : 07/23/2018 05:19:13 pm
-------------------------------------------------------
IP + Date : ::1 - July 23, 2018, 5:19 pm
-----------------
Url : http://localhost/Uteach/public/img/videos/R%C3%89ACTION%20A%20CHAUD%20DES%20JOUEURS%20!%20LA%20FRANCE%20EN%20FINALE.mp4
Action : Controller not found
Value : 
Date : 07/23/2018 05:19:13 pm
-------------------------------------------------------
IP + Date : ::1 - July 23, 2018, 5:25 pm
-----------------
Url : http://localhost/Uteach/chapter/edit/back
Action : Attempt access
Value : Access denied
Date : 07/23/2018 05:25:17 pm
-------------------------------------------------------
IP + Date : ::1 - July 23, 2018, 6:10 pm
-----------------
Url : http://localhost/Uteach/public/img/videos/R%C3%89ACTION%20A%20CHAUD%20DES%20JOUEURS%20!%20LA%20FRANCE%20EN%20FINALE.mp4
Action : Controller not found
Value : 
Date : 07/23/2018 06:10:44 pm
-------------------------------------------------------
IP + Date : ::1 - July 23, 2018, 6:10 pm
-----------------
Url : http://localhost/Uteach/public/img/videos/R%C3%89ACTION%20A%20CHAUD%20DES%20JOUEURS%20!%20LA%20FRANCE%20EN%20FINALE.mp4
Action : Controller not found
Value : 
Date : 07/23/2018 06:10:44 pm
-------------------------------------------------------
IP + Date : ::1 - July 23, 2018, 6:10 pm
-----------------
Url : http://localhost/Uteach/public/img/videos/R%C3%89ACTION%20A%20CHAUD%20DES%20JOUEURS%20!%20LA%20FRANCE%20EN%20FINALE.mp4
Action : Controller not found
Value : 
Date : 07/23/2018 06:10:47 pm
-------------------------------------------------------
IP + Date : ::1 - July 23, 2018, 6:10 pm
-----------------
Url : http://localhost/Uteach/public/img/videos/R%C3%89ACTION%20A%20CHAUD%20DES%20JOUEURS%20!%20LA%20FRANCE%20EN%20FINALE.mp4
Action : Controller not found
Value : 
Date : 07/23/2018 06:10:47 pm
-------------------------------------------------------
IP + Date : ::1 - July 23, 2018, 9:52 pm
-----------------
Url : http://localhost/Uteach/installation/database
Action : Attempt access
Value : Access denied
Date : 07/23/2018 09:52:25 pm
-------------------------------------------------------
IP + Date : ::1 - July 23, 2018, 9:56 pm
-----------------
Url : http://localhost/Uteach/index/parameters/back
Action : Action not found
Value : parametersAction in IndexController
Date : 07/23/2018 09:56:24 pm
-------------------------------------------------------
IP + Date : ::1 - July 23, 2018, 9:58 pm
-----------------
Url : http://localhost/Uteach/installation/database
Action : Attempt access
Value : Access denied
Date : 07/23/2018 09:58:57 pm
-------------------------------------------------------
IP + Date : ::1 - July 23, 2018, 10:17 pm
-----------------
Url : http://localhost/Uteach/public/img/videos/R%C3%89ACTION%20A%20CHAUD%20DES%20JOUEURS%20!%20LA%20FRANCE%20EN%20FINALE.mp4
Action : Controller not found
Value : 
Date : 07/23/2018 10:17:22 pm
-------------------------------------------------------
IP + Date : ::1 - July 23, 2018, 10:17 pm
-----------------
Url : http://localhost/Uteach/public/img/videos/R%C3%89ACTION%20A%20CHAUD%20DES%20JOUEURS%20!%20LA%20FRANCE%20EN%20FINALE.mp4
Action : Controller not found
Value : 
Date : 07/23/2018 10:17:23 pm
-------------------------------------------------------
IP + Date : ::1 - July 23, 2018, 10:25 pm
-----------------
Url : http://localhost/Uteach/public/img/videos/R%C3%89ACTION%20A%20CHAUD%20DES%20JOUEURS%20!%20LA%20FRANCE%20EN%20FINALE.mp4
Action : Controller not found
Value : 
Date : 07/23/2018 10:25:42 pm
-------------------------------------------------------
IP + Date : ::1 - July 23, 2018, 10:25 pm
-----------------
Url : http://localhost/Uteach/public/img/videos/R%C3%89ACTION%20A%20CHAUD%20DES%20JOUEURS%20!%20LA%20FRANCE%20EN%20FINALE.mp4
Action : Controller not found
Value : 
Date : 07/23/2018 10:25:42 pm
-------------------------------------------------------
IP + Date : ::1 - July 23, 2018, 10:26 pm
-----------------
Url : http://localhost/Uteach/public/img/videos/R%C3%89ACTION%20A%20CHAUD%20DES%20JOUEURS%20!%20LA%20FRANCE%20EN%20FINALE.mp4
Action : Controller not found
Value : 
Date : 07/23/2018 10:26:17 pm
-------------------------------------------------------
IP + Date : ::1 - July 23, 2018, 10:26 pm
-----------------
Url : http://localhost/Uteach/public/img/videos/R%C3%89ACTION%20A%20CHAUD%20DES%20JOUEURS%20!%20LA%20FRANCE%20EN%20FINALE.mp4
Action : Controller not found
Value : 
Date : 07/23/2018 10:26:17 pm
-------------------------------------------------------
IP + Date : ::1 - July 23, 2018, 10:26 pm
-----------------
Url : http://localhost/Uteach/Array
Action : Controller not found
Value : 
Date : 07/23/2018 10:26:25 pm
-------------------------------------------------------
IP + Date : ::1 - July 23, 2018, 10:31 pm
-----------------
Url : http://localhost/Uteach/public/img/videos/R%C3%89ACTION%20A%20CHAUD%20DES%20JOUEURS%20!%20LA%20FRANCE%20EN%20FINALE.mp4
Action : Controller not found
Value : 
Date : 07/23/2018 10:31:33 pm
-------------------------------------------------------
IP + Date : ::1 - July 23, 2018, 10:31 pm
-----------------
Url : http://localhost/Uteach/public/img/videos/R%C3%89ACTION%20A%20CHAUD%20DES%20JOUEURS%20!%20LA%20FRANCE%20EN%20FINALE.mp4
Action : Controller not found
Value : 
Date : 07/23/2018 10:31:33 pm
-------------------------------------------------------
IP + Date : ::1 - July 23, 2018, 10:34 pm
-----------------
Url : http://localhost/Uteach/public/img/videos/R%C3%89ACTION%20A%20CHAUD%20DES%20JOUEURS%20!%20LA%20FRANCE%20EN%20FINALE.mp4
Action : Controller not found
Value : 
Date : 07/23/2018 10:34:10 pm
-------------------------------------------------------
IP + Date : ::1 - July 23, 2018, 10:34 pm
-----------------
Url : http://localhost/Uteach/public/img/videos/R%C3%89ACTION%20A%20CHAUD%20DES%20JOUEURS%20!%20LA%20FRANCE%20EN%20FINALE.mp4
Action : Controller not found
Value : 
Date : 07/23/2018 10:34:10 pm
-------------------------------------------------------
IP + Date : ::1 - July 23, 2018, 10:34 pm
-----------------
Url : http://localhost/Uteach/public/img/videos/R%C3%89ACTION%20A%20CHAUD%20DES%20JOUEURS%20!%20LA%20FRANCE%20EN%20FINALE.mp4
Action : Controller not found
Value : 
Date : 07/23/2018 10:34:18 pm
-------------------------------------------------------
IP + Date : ::1 - July 23, 2018, 10:34 pm
-----------------
Url : http://localhost/Uteach/public/img/videos/R%C3%89ACTION%20A%20CHAUD%20DES%20JOUEURS%20!%20LA%20FRANCE%20EN%20FINALE.mp4
Action : Controller not found
Value : 
Date : 07/23/2018 10:34:18 pm
-------------------------------------------------------
IP + Date : ::1 - July 23, 2018, 10:34 pm
-----------------
Url : http://localhost/Uteach/public/img/videos/R%C3%89ACTION%20A%20CHAUD%20DES%20JOUEURS%20!%20LA%20FRANCE%20EN%20FINALE.mp4
Action : Controller not found
Value : 
Date : 07/23/2018 10:34:29 pm
-------------------------------------------------------
IP + Date : ::1 - July 23, 2018, 10:34 pm
-----------------
Url : http://localhost/Uteach/public/img/videos/R%C3%89ACTION%20A%20CHAUD%20DES%20JOUEURS%20!%20LA%20FRANCE%20EN%20FINALE.mp4
Action : Controller not found
Value : 
Date : 07/23/2018 10:34:30 pm
-------------------------------------------------------
IP + Date : ::1 - July 23, 2018, 10:34 pm
-----------------
Url : http://localhost/Uteach/public/img/videos/R%C3%89ACTION%20A%20CHAUD%20DES%20JOUEURS%20!%20LA%20FRANCE%20EN%20FINALE.mp4
Action : Controller not found
Value : 
Date : 07/23/2018 10:34:36 pm
-------------------------------------------------------
IP + Date : ::1 - July 23, 2018, 10:34 pm
-----------------
Url : http://localhost/Uteach/public/img/videos/R%C3%89ACTION%20A%20CHAUD%20DES%20JOUEURS%20!%20LA%20FRANCE%20EN%20FINALE.mp4
Action : Controller not found
Value : 
Date : 07/23/2018 10:34:36 pm
-------------------------------------------------------
IP + Date : ::1 - July 23, 2018, 10:34 pm
-----------------
Url : http://localhost/Uteach/trainning/public/img/trainnings/711px-PHP-logo.svg.png
Action : Action not found
Value : publicAction in TrainningController
Date : 07/23/2018 10:34:39 pm
-------------------------------------------------------
IP + Date : ::1 - July 23, 2018, 10:34 pm
-----------------
Url : http://localhost/Uteach/public/img/videos/R%C3%89ACTION%20A%20CHAUD%20DES%20JOUEURS%20!%20LA%20FRANCE%20EN%20FINALE.mp4
Action : Controller not found
Value : 
Date : 07/23/2018 10:34:45 pm
-------------------------------------------------------
IP + Date : ::1 - July 23, 2018, 10:34 pm
-----------------
Url : http://localhost/Uteach/public/img/videos/R%C3%89ACTION%20A%20CHAUD%20DES%20JOUEURS%20!%20LA%20FRANCE%20EN%20FINALE.mp4
Action : Controller not found
Value : 
Date : 07/23/2018 10:34:45 pm
-------------------------------------------------------
