IP + Date : ::1 - May 28, 2018, 10:48 am
-----------------
Url : http://localhost/Uteach/trainning/publish
Action : Action not found
Value : publishAction in TrainningController
Date : 05/28/2018 10:48:18 am
-------------------------------------------------------
IP + Date : ::1 - May 28, 2018, 10:48 am
-----------------
Url : http://localhost/Uteach/chapter/publish
Action : Action not found
Value : publishAction in ChapterController
Date : 05/28/2018 10:48:29 am
-------------------------------------------------------
IP + Date : ::1 - May 28, 2018, 10:48 am
-----------------
Url : http://localhost/Uteach/chapter/edit
Action : Attempt access
Value : Access denied
Date : 05/28/2018 10:48:34 am
-------------------------------------------------------
IP + Date : ::1 - May 28, 2018, 10:49 am
-----------------
Url : http://localhost/Uteach/chapter/publish
Action : Action not found
Value : publishAction in ChapterController
Date : 05/28/2018 10:49:43 am
-------------------------------------------------------
IP + Date : ::1 - May 28, 2018, 12:13 pm
-----------------
Url : http://localhost/Uteach/chapter/edit
Action : Attempt access
Value : Access denied
Date : 05/28/2018 12:13:49 pm
-------------------------------------------------------
IP + Date : ::1 - May 28, 2018, 12:13 pm
-----------------
Url : http://localhost/Uteach/chapter/edit
Action : Attempt access
Value : Access denied
Date : 05/28/2018 12:13:57 pm
-------------------------------------------------------
IP + Date : ::1 - May 28, 2018, 12:41 pm
-----------------
Url : http://localhost/Uteach/chapter/edit
Action : Attempt access
Value : Access denied
Date : 05/28/2018 12:41:17 pm
-------------------------------------------------------
