IP + Date : ::1 - July 18, 2018, 6:29 pm
-----------------
Url : http://localhost/lab/uteach/index/public/img/chapters/711px-PHP-logo.svg.png
Action : Action not found
Value : publicAction in IndexController
Date : 07/18/2018 06:29:09 pm
-------------------------------------------------------
IP + Date : ::1 - July 18, 2018, 6:29 pm
-----------------
Url : http://localhost/lab/uteach/index/public/img/trainnings/711px-PHP-logo.svg.png
Action : Action not found
Value : publicAction in IndexController
Date : 07/18/2018 06:29:09 pm
-------------------------------------------------------
IP + Date : ::1 - July 18, 2018, 6:29 pm
-----------------
Url : http://localhost/lab/uteach/index/public/img/chapters/711px-PHP-logo.svg.png
Action : Action not found
Value : publicAction in IndexController
Date : 07/18/2018 06:29:11 pm
-------------------------------------------------------
IP + Date : ::1 - July 18, 2018, 6:29 pm
-----------------
Url : http://localhost/lab/uteach/index/public/img/chapters/711px-PHP-logo.svg.png
Action : Action not found
Value : publicAction in IndexController
Date : 07/18/2018 06:29:13 pm
-------------------------------------------------------
IP + Date : ::1 - July 18, 2018, 6:29 pm
-----------------
Url : http://localhost/lab/uteach/index/public/img/chapters/711px-PHP-logo.svg.png
Action : Action not found
Value : publicAction in IndexController
Date : 07/18/2018 06:29:13 pm
-------------------------------------------------------
IP + Date : ::1 - July 18, 2018, 6:29 pm
-----------------
Url : http://localhost/lab/uteach/index/public/img/trainnings/711px-PHP-logo.svg.png
Action : Action not found
Value : publicAction in IndexController
Date : 07/18/2018 06:29:16 pm
-------------------------------------------------------
IP + Date : ::1 - July 18, 2018, 6:29 pm
-----------------
Url : http://localhost/lab/uteach/index/public/img/trainnings/711px-PHP-logo.svg.png
Action : Action not found
Value : publicAction in IndexController
Date : 07/18/2018 06:29:16 pm
-------------------------------------------------------
IP + Date : ::1 - July 18, 2018, 6:29 pm
-----------------
Url : http://localhost/lab/uteach/index/public/img/chapters/711px-PHP-logo.svg.png
Action : Action not found
Value : publicAction in IndexController
Date : 07/18/2018 06:29:19 pm
-------------------------------------------------------
IP + Date : ::1 - July 18, 2018, 6:29 pm
-----------------
Url : http://localhost/lab/uteach/chapter/public/img/chapters/711px-PHP-logo.svg.png
Action : Action not found
Value : publicAction in ChapterController
Date : 07/18/2018 06:29:22 pm
-------------------------------------------------------
IP + Date : ::1 - July 18, 2018, 6:29 pm
-----------------
Url : http://localhost/lab/uteach/chapter/public/img/chapters/711px-PHP-logo.svg.png
Action : Action not found
Value : publicAction in ChapterController
Date : 07/18/2018 06:29:24 pm
-------------------------------------------------------
IP + Date : ::1 - July 18, 2018, 6:29 pm
-----------------
Url : http://localhost/lab/uteach/trainning/public/img/trainnings/711px-PHP-logo.svg.png
Action : Action not found
Value : publicAction in TrainningController
Date : 07/18/2018 06:29:27 pm
-------------------------------------------------------
IP + Date : ::1 - July 18, 2018, 6:29 pm
-----------------
Url : http://localhost/lab/uteach/trainning/public/img/trainnings/711px-PHP-logo.svg.png
Action : Action not found
Value : publicAction in TrainningController
Date : 07/18/2018 06:29:29 pm
-------------------------------------------------------
IP + Date : ::1 - July 18, 2018, 6:29 pm
-----------------
Url : http://localhost/lab/uteach/chapter/public/img/chapters/711px-PHP-logo.svg.png
Action : Action not found
Value : publicAction in ChapterController
Date : 07/18/2018 06:29:30 pm
-------------------------------------------------------
IP + Date : ::1 - July 18, 2018, 6:29 pm
-----------------
Url : http://localhost/lab/uteach/chapter/public/img/chapters/711px-PHP-logo.svg.png
Action : Action not found
Value : publicAction in ChapterController
Date : 07/18/2018 06:29:44 pm
-------------------------------------------------------
IP + Date : ::1 - July 18, 2018, 6:31 pm
-----------------
Url : http://localhost/lab/uteach/trainning/public/img/trainnings/711px-PHP-logo.svg.png
Action : Action not found
Value : publicAction in TrainningController
Date : 07/18/2018 06:31:14 pm
-------------------------------------------------------
IP + Date : ::1 - July 18, 2018, 6:37 pm
-----------------
Url : http://localhost/lab/uteach/chapter/public/img/chapters/711px-PHP-logo.svg.png
Action : Action not found
Value : publicAction in ChapterController
Date : 07/18/2018 06:37:22 pm
-------------------------------------------------------
IP + Date : ::1 - July 18, 2018, 7:04 pm
-----------------
Url : http://localhost/lab/uteach/index/public/img/chapters/711px-PHP-logo.svg.png
Action : Action not found
Value : publicAction in IndexController
Date : 07/18/2018 07:04:12 pm
-------------------------------------------------------
IP + Date : ::1 - July 18, 2018, 7:04 pm
-----------------
Url : http://localhost/lab/uteach/index/public/img/trainnings/711px-PHP-logo.svg.png
Action : Action not found
Value : publicAction in IndexController
Date : 07/18/2018 07:04:12 pm
-------------------------------------------------------
IP + Date : ::1 - July 18, 2018, 7:06 pm
-----------------
Url : http://localhost/lab/uteach/index/public/img/chapters/711px-PHP-logo.svg.png
Action : Action not found
Value : publicAction in IndexController
Date : 07/18/2018 07:06:02 pm
-------------------------------------------------------
IP + Date : ::1 - July 18, 2018, 7:06 pm
-----------------
Url : http://localhost/lab/uteach/index/public/img/trainnings/711px-PHP-logo.svg.png
Action : Action not found
Value : publicAction in IndexController
Date : 07/18/2018 07:06:02 pm
-------------------------------------------------------
IP + Date : ::1 - July 18, 2018, 7:06 pm
-----------------
Url : http://localhost/lab/uteach/index/public/img/chapters/711px-PHP-logo.svg.png
Action : Action not found
Value : publicAction in IndexController
Date : 07/18/2018 07:06:08 pm
-------------------------------------------------------
IP + Date : ::1 - July 18, 2018, 7:06 pm
-----------------
Url : http://localhost/lab/uteach/index/public/img/trainnings/711px-PHP-logo.svg.png
Action : Action not found
Value : publicAction in IndexController
Date : 07/18/2018 07:06:08 pm
-------------------------------------------------------
IP + Date : ::1 - July 18, 2018, 7:29 pm
-----------------
Url : http://localhost/lab/uteach/trainning/public/img/trainnings/711px-PHP-logo.svg.png
Action : Action not found
Value : publicAction in TrainningController
Date : 07/18/2018 07:29:50 pm
-------------------------------------------------------
IP + Date : ::1 - July 18, 2018, 7:29 pm
-----------------
Url : http://localhost/lab/uteach//uteach/public/img/trainnings/711px-PHP-logo.svg.png
Action : Action not found
Value : uteachAction in IndexController
Date : 07/18/2018 07:29:51 pm
-------------------------------------------------------
IP + Date : ::1 - July 18, 2018, 7:29 pm
-----------------
Url : http://localhost/lab/uteach/chapter/public/img/chapters/711px-PHP-logo.svg.png
Action : Action not found
Value : publicAction in ChapterController
Date : 07/18/2018 07:29:52 pm
-------------------------------------------------------
IP + Date : ::1 - July 18, 2018, 7:29 pm
-----------------
Url : http://localhost/lab/uteach/index/public/img/chapters/711px-PHP-logo.svg.png
Action : Action not found
Value : publicAction in IndexController
Date : 07/18/2018 07:29:57 pm
-------------------------------------------------------
IP + Date : ::1 - July 18, 2018, 7:29 pm
-----------------
Url : http://localhost/lab/uteach/index/public/img/trainnings/711px-PHP-logo.svg.png
Action : Action not found
Value : publicAction in IndexController
Date : 07/18/2018 07:29:57 pm
-------------------------------------------------------
IP + Date : ::1 - July 18, 2018, 7:30 pm
-----------------
Url : http://localhost/lab/uteach/index/public/img/chapters/711px-PHP-logo.svg.png
Action : Action not found
Value : publicAction in IndexController
Date : 07/18/2018 07:30:07 pm
-------------------------------------------------------
IP + Date : ::1 - July 18, 2018, 7:30 pm
-----------------
Url : http://localhost/lab/uteach/index/public/img/trainnings/711px-PHP-logo.svg.png
Action : Action not found
Value : publicAction in IndexController
Date : 07/18/2018 07:30:07 pm
-------------------------------------------------------
IP + Date : ::1 - July 18, 2018, 7:31 pm
-----------------
Url : http://localhost/lab/uteach/index/public/img/chapters/711px-PHP-logo.svg.png
Action : Action not found
Value : publicAction in IndexController
Date : 07/18/2018 07:31:20 pm
-------------------------------------------------------
IP + Date : ::1 - July 18, 2018, 7:31 pm
-----------------
Url : http://localhost/lab/uteach/index/public/img/trainnings/711px-PHP-logo.svg.png
Action : Action not found
Value : publicAction in IndexController
Date : 07/18/2018 07:31:21 pm
-------------------------------------------------------
IP + Date : ::1 - July 18, 2018, 7:31 pm
-----------------
Url : http://localhost/lab/uteach/index/public/img/chapters/711px-PHP-logo.svg.png
Action : Action not found
Value : publicAction in IndexController
Date : 07/18/2018 07:31:24 pm
-------------------------------------------------------
IP + Date : ::1 - July 18, 2018, 7:31 pm
-----------------
Url : http://localhost/lab/uteach/index/public/img/trainnings/711px-PHP-logo.svg.png
Action : Action not found
Value : publicAction in IndexController
Date : 07/18/2018 07:31:25 pm
-------------------------------------------------------
IP + Date : ::1 - July 18, 2018, 7:32 pm
-----------------
Url : http://localhost/lab/uteach/index/public/img/chapters/711px-PHP-logo.svg.png
Action : Action not found
Value : publicAction in IndexController
Date : 07/18/2018 07:32:16 pm
-------------------------------------------------------
IP + Date : ::1 - July 18, 2018, 7:32 pm
-----------------
Url : http://localhost/lab/uteach/index/public/img/trainnings/711px-PHP-logo.svg.png
Action : Action not found
Value : publicAction in IndexController
Date : 07/18/2018 07:32:17 pm
-------------------------------------------------------
IP + Date : ::1 - July 18, 2018, 7:32 pm
-----------------
Url : http://localhost/lab/uteach/index/public/img/chapters/711px-PHP-logo.svg.png
Action : Action not found
Value : publicAction in IndexController
Date : 07/18/2018 07:32:21 pm
-------------------------------------------------------
IP + Date : ::1 - July 18, 2018, 7:32 pm
-----------------
Url : http://localhost/lab/uteach/index/public/img/trainnings/711px-PHP-logo.svg.png
Action : Action not found
Value : publicAction in IndexController
Date : 07/18/2018 07:32:21 pm
-------------------------------------------------------
IP + Date : ::1 - July 18, 2018, 7:33 pm
-----------------
Url : http://localhost/lab/uteach/index/public/img/chapters/711px-PHP-logo.svg.png
Action : Action not found
Value : publicAction in IndexController
Date : 07/18/2018 07:33:19 pm
-------------------------------------------------------
IP + Date : ::1 - July 18, 2018, 7:33 pm
-----------------
Url : http://localhost/lab/uteach/index/public/img/trainnings/711px-PHP-logo.svg.png
Action : Action not found
Value : publicAction in IndexController
Date : 07/18/2018 07:33:20 pm
-------------------------------------------------------
IP + Date : ::1 - July 18, 2018, 7:36 pm
-----------------
Url : http://localhost/lab/uteach/index/public/img/chapters/711px-PHP-logo.svg.png
Action : Action not found
Value : publicAction in IndexController
Date : 07/18/2018 07:36:33 pm
-------------------------------------------------------
IP + Date : ::1 - July 18, 2018, 7:36 pm
-----------------
Url : http://localhost/lab/uteach/index/public/img/trainnings/711px-PHP-logo.svg.png
Action : Action not found
Value : publicAction in IndexController
Date : 07/18/2018 07:36:34 pm
-------------------------------------------------------
IP + Date : ::1 - July 18, 2018, 7:36 pm
-----------------
Url : http://localhost/lab/uteach/index/public/img/chapters/711px-PHP-logo.svg.png
Action : Action not found
Value : publicAction in IndexController
Date : 07/18/2018 07:36:40 pm
-------------------------------------------------------
IP + Date : ::1 - July 18, 2018, 7:36 pm
-----------------
Url : http://localhost/lab/uteach/index/public/img/trainnings/711px-PHP-logo.svg.png
Action : Action not found
Value : publicAction in IndexController
Date : 07/18/2018 07:36:41 pm
-------------------------------------------------------
IP + Date : ::1 - July 18, 2018, 7:36 pm
-----------------
Url : http://localhost/lab/uteach/index/public/img/chapters/711px-PHP-logo.svg.png
Action : Action not found
Value : publicAction in IndexController
Date : 07/18/2018 07:36:47 pm
-------------------------------------------------------
IP + Date : ::1 - July 18, 2018, 7:36 pm
-----------------
Url : http://localhost/lab/uteach/index/public/img/trainnings/711px-PHP-logo.svg.png
Action : Action not found
Value : publicAction in IndexController
Date : 07/18/2018 07:36:49 pm
-------------------------------------------------------
IP + Date : ::1 - July 18, 2018, 7:37 pm
-----------------
Url : http://localhost/lab/uteach/index/public/img/chapters/711px-PHP-logo.svg.png
Action : Action not found
Value : publicAction in IndexController
Date : 07/18/2018 07:37:36 pm
-------------------------------------------------------
IP + Date : ::1 - July 18, 2018, 7:38 pm
-----------------
Url : http://localhost/lab/uteach/index/public/img/trainnings/711px-PHP-logo.svg.png
Action : Action not found
Value : publicAction in IndexController
Date : 07/18/2018 07:38:37 pm
-------------------------------------------------------
IP + Date : ::1 - July 18, 2018, 7:38 pm
-----------------
Url : http://localhost/lab/uteach/index/public/img/chapters/711px-PHP-logo.svg.png
Action : Action not found
Value : publicAction in IndexController
Date : 07/18/2018 07:38:43 pm
-------------------------------------------------------
IP + Date : ::1 - July 18, 2018, 7:38 pm
-----------------
Url : http://localhost/lab/uteach/index/public/img/trainnings/711px-PHP-logo.svg.png
Action : Action not found
Value : publicAction in IndexController
Date : 07/18/2018 07:38:44 pm
-------------------------------------------------------
IP + Date : ::1 - July 18, 2018, 7:39 pm
-----------------
Url : http://localhost/lab/uteach/index/public/img/chapters/711px-PHP-logo.svg.png
Action : Action not found
Value : publicAction in IndexController
Date : 07/18/2018 07:39:12 pm
-------------------------------------------------------
IP + Date : ::1 - July 18, 2018, 7:39 pm
-----------------
Url : http://localhost/lab/uteach/index/public/img/trainnings/711px-PHP-logo.svg.png
Action : Action not found
Value : publicAction in IndexController
Date : 07/18/2018 07:39:13 pm
-------------------------------------------------------
IP + Date : ::1 - July 18, 2018, 7:39 pm
-----------------
Url : http://localhost/lab/uteach/index/public/img/chapters/711px-PHP-logo.svg.png
Action : Action not found
Value : publicAction in IndexController
Date : 07/18/2018 07:39:24 pm
-------------------------------------------------------
IP + Date : ::1 - July 18, 2018, 7:39 pm
-----------------
Url : http://localhost/lab/uteach/index/public/img/trainnings/711px-PHP-logo.svg.png
Action : Action not found
Value : publicAction in IndexController
Date : 07/18/2018 07:39:25 pm
-------------------------------------------------------
IP + Date : ::1 - July 18, 2018, 7:40 pm
-----------------
Url : http://localhost/lab/uteach/index/public/img/chapters/711px-PHP-logo.svg.png
Action : Action not found
Value : publicAction in IndexController
Date : 07/18/2018 07:40:18 pm
-------------------------------------------------------
IP + Date : ::1 - July 18, 2018, 7:40 pm
-----------------
Url : http://localhost/lab/uteach/index/public/img/trainnings/711px-PHP-logo.svg.png
Action : Action not found
Value : publicAction in IndexController
Date : 07/18/2018 07:40:18 pm
-------------------------------------------------------
IP + Date : ::1 - July 18, 2018, 8:34 pm
-----------------
Url : http://localhost/lab/uteach/chapter/public/img/chapters/711px-PHP-logo.svg.png
Action : Action not found
Value : publicAction in ChapterController
Date : 07/18/2018 08:34:21 pm
-------------------------------------------------------
IP + Date : ::1 - July 18, 2018, 8:34 pm
-----------------
Url : http://localhost/lab/uteach/chapter/public/img/chapters/711px-PHP-logo.svg.png
Action : Action not found
Value : publicAction in ChapterController
Date : 07/18/2018 08:34:23 pm
-------------------------------------------------------
IP + Date : ::1 - July 18, 2018, 8:34 pm
-----------------
Url : http://localhost/lab/uteach/trainning/public/img/trainnings/711px-PHP-logo.svg.png
Action : Action not found
Value : publicAction in TrainningController
Date : 07/18/2018 08:34:26 pm
-------------------------------------------------------
IP + Date : ::1 - July 18, 2018, 8:34 pm
-----------------
Url : http://localhost/lab/uteach//uteach/public/img/trainnings/711px-PHP-logo.svg.png
Action : Action not found
Value : uteachAction in IndexController
Date : 07/18/2018 08:34:27 pm
-------------------------------------------------------
IP + Date : ::1 - July 18, 2018, 8:36 pm
-----------------
Url : http://localhost/lab/uteach/trainning/public/img/trainnings/711px-PHP-logo.svg.png
Action : Action not found
Value : publicAction in TrainningController
Date : 07/18/2018 08:36:00 pm
-------------------------------------------------------
