IP + Date : ::1 - July 14, 2018, 12:14 am
-----------------
Url : http://localhost/lab/uteach/PREMIUM_LIST_FRONT_LINK
Action : Controller not found
Value : 
Date : 07/14/2018 12:14:49 am
-------------------------------------------------------
IP + Date : ::1 - July 14, 2018, 2:36 pm
-----------------
Url : http://localhost/lab/uteach/comment/response
Action : Action not found
Value : responseAction in CommentController
Date : 07/14/2018 02:36:40 pm
-------------------------------------------------------
IP + Date : ::1 - July 14, 2018, 2:37 pm
-----------------
Url : http://localhost/lab/uteach/comment/response
Action : Action not found
Value : responseAction in CommentController
Date : 07/14/2018 02:37:02 pm
-------------------------------------------------------
IP + Date : ::1 - July 14, 2018, 2:54 pm
-----------------
Url : http://localhost/lab/uteach/chapter/%22%20+%20dirname%20+%20%22public/img/default.jpg
Action : Action not found
Value : "   dirname   "publicAction in ChapterController
Date : 07/14/2018 02:54:48 pm
-------------------------------------------------------
IP + Date : ::1 - July 14, 2018, 2:57 pm
-----------------
Url : http://localhost/lab/uteach/chapter/%22%20+%20dirname%20+%20%22public/img/default.jpg
Action : Action not found
Value : "   dirname   "publicAction in ChapterController
Date : 07/14/2018 02:57:10 pm
-------------------------------------------------------
IP + Date : ::1 - July 14, 2018, 2:57 pm
-----------------
Url : http://localhost/lab/uteach/chapter/%22%20+%20dirname%20+%20%22public/img/default.jpg
Action : Action not found
Value : "   dirname   "publicAction in ChapterController
Date : 07/14/2018 02:57:45 pm
-------------------------------------------------------
IP + Date : ::1 - July 14, 2018, 3:03 pm
-----------------
Url : http://localhost/lab/uteach/chapter/%22%20+%20dirname%20+%20%22public/img/default.jpg
Action : Action not found
Value : "   dirname   "publicAction in ChapterController
Date : 07/14/2018 03:03:39 pm
-------------------------------------------------------
IP + Date : ::1 - July 14, 2018, 3:10 pm
-----------------
Url : http://localhost/lab/uteach/chapter/%22%20+%20dirname%20+%20%22public/img/default.jpg
Action : Action not found
Value : "   dirname   "publicAction in ChapterController
Date : 07/14/2018 03:10:01 pm
-------------------------------------------------------
IP + Date : ::1 - July 14, 2018, 3:10 pm
-----------------
Url : http://localhost/lab/uteach/chapter/%22%20+%20dirname%20+%20%22public/img/default.jpg
Action : Action not found
Value : "   dirname   "publicAction in ChapterController
Date : 07/14/2018 03:10:10 pm
-------------------------------------------------------
IP + Date : ::1 - July 14, 2018, 3:10 pm
-----------------
Url : http://localhost/lab/uteach/chapter/%22%20+%20dirname%20+%20%22public/img/default.jpg
Action : Action not found
Value : "   dirname   "publicAction in ChapterController
Date : 07/14/2018 03:10:15 pm
-------------------------------------------------------
IP + Date : ::1 - July 14, 2018, 3:10 pm
-----------------
Url : http://localhost/lab/uteach/chapter/%22%20+%20dirname%20+%20%22public/img/default.jpg
Action : Action not found
Value : "   dirname   "publicAction in ChapterController
Date : 07/14/2018 03:10:31 pm
-------------------------------------------------------
IP + Date : ::1 - July 14, 2018, 3:15 pm
-----------------
Url : http://localhost/lab/uteach/chapter/%22%20+%20dirname%20+%20%22public/img/default.jpg
Action : Action not found
Value : "   dirname   "publicAction in ChapterController
Date : 07/14/2018 03:15:27 pm
-------------------------------------------------------
IP + Date : ::1 - July 14, 2018, 3:15 pm
-----------------
Url : http://localhost/lab/uteach/chapter/%22%20+%20dirname%20+%20%22public/img/default.jpg
Action : Action not found
Value : "   dirname   "publicAction in ChapterController
Date : 07/14/2018 03:15:36 pm
-------------------------------------------------------
IP + Date : ::1 - July 14, 2018, 3:19 pm
-----------------
Url : http://localhost/lab/uteach/chapter/%22%20+%20dirname%20+%20%22public/img/default.jpg
Action : Action not found
Value : "   dirname   "publicAction in ChapterController
Date : 07/14/2018 03:19:35 pm
-------------------------------------------------------
IP + Date : ::1 - July 14, 2018, 3:20 pm
-----------------
Url : http://localhost/lab/uteach/chapter/%22%20+%20dirname%20+%20%22public/img/default.jpg
Action : Action not found
Value : "   dirname   "publicAction in ChapterController
Date : 07/14/2018 03:20:10 pm
-------------------------------------------------------
IP + Date : ::1 - July 14, 2018, 3:20 pm
-----------------
Url : http://localhost/lab/uteach/chapter/%22%20+%20dirname%20+%20%22public/img/default.jpg
Action : Action not found
Value : "   dirname   "publicAction in ChapterController
Date : 07/14/2018 03:20:20 pm
-------------------------------------------------------
IP + Date : ::1 - July 14, 2018, 3:21 pm
-----------------
Url : http://localhost/lab/uteach/chapter/%22%20+%20dirname%20+%20%22public/img/default.jpg
Action : Action not found
Value : "   dirname   "publicAction in ChapterController
Date : 07/14/2018 03:21:35 pm
-------------------------------------------------------
IP + Date : ::1 - July 14, 2018, 3:21 pm
-----------------
Url : http://localhost/lab/uteach/chapter/%22%20+%20dirname%20+%20%22public/img/default.jpg
Action : Action not found
Value : "   dirname   "publicAction in ChapterController
Date : 07/14/2018 03:21:52 pm
-------------------------------------------------------
IP + Date : ::1 - July 14, 2018, 3:22 pm
-----------------
Url : http://localhost/lab/uteach/chapter/%22%20+%20dirname%20+%20%22public/img/default.jpg
Action : Action not found
Value : "   dirname   "publicAction in ChapterController
Date : 07/14/2018 03:22:31 pm
-------------------------------------------------------
IP + Date : ::1 - July 14, 2018, 3:23 pm
-----------------
Url : http://localhost/lab/uteach/chapter/%22%20+%20dirname%20+%20%22public/img/default.jpg
Action : Action not found
Value : "   dirname   "publicAction in ChapterController
Date : 07/14/2018 03:23:30 pm
-------------------------------------------------------
IP + Date : ::1 - July 14, 2018, 3:23 pm
-----------------
Url : http://localhost/lab/uteach/chapter/%22%20+%20dirname%20+%20%22public/img/default.jpg
Action : Action not found
Value : "   dirname   "publicAction in ChapterController
Date : 07/14/2018 03:23:56 pm
-------------------------------------------------------
IP + Date : ::1 - July 14, 2018, 3:24 pm
-----------------
Url : http://localhost/lab/uteach/chapter/%22%20+%20dirname%20+%20%22public/img/default.jpg
Action : Action not found
Value : "   dirname   "publicAction in ChapterController
Date : 07/14/2018 03:24:41 pm
-------------------------------------------------------
IP + Date : ::1 - July 14, 2018, 3:24 pm
-----------------
Url : http://localhost/lab/uteach/chapter/%22%20+%20dirname%20+%20%22public/img/default.jpg
Action : Action not found
Value : "   dirname   "publicAction in ChapterController
Date : 07/14/2018 03:24:56 pm
-------------------------------------------------------
IP + Date : ::1 - July 14, 2018, 3:25 pm
-----------------
Url : http://localhost/lab/uteach/chapter/%22%20+%20dirname%20+%20%22public/img/default.jpg
Action : Action not found
Value : "   dirname   "publicAction in ChapterController
Date : 07/14/2018 03:25:09 pm
-------------------------------------------------------
IP + Date : ::1 - July 14, 2018, 3:25 pm
-----------------
Url : http://localhost/lab/uteach/chapter/%22%20+%20dirname%20+%20%22public/img/default.jpg
Action : Action not found
Value : "   dirname   "publicAction in ChapterController
Date : 07/14/2018 03:25:24 pm
-------------------------------------------------------
IP + Date : ::1 - July 14, 2018, 3:27 pm
-----------------
Url : http://localhost/lab/uteach/chapter/%22%20+%20dirname%20+%20%22public/img/default.jpg
Action : Action not found
Value : "   dirname   "publicAction in ChapterController
Date : 07/14/2018 03:27:16 pm
-------------------------------------------------------
IP + Date : ::1 - July 14, 2018, 3:29 pm
-----------------
Url : http://localhost/lab/uteach/chapter/%22%20+%20dirname%20+%20%22public/img/default.jpg
Action : Action not found
Value : "   dirname   "publicAction in ChapterController
Date : 07/14/2018 03:29:39 pm
-------------------------------------------------------
IP + Date : ::1 - July 14, 2018, 3:30 pm
-----------------
Url : http://localhost/lab/uteach/chapter/%22%20+%20dirname%20+%20%22public/img/default.jpg
Action : Action not found
Value : "   dirname   "publicAction in ChapterController
Date : 07/14/2018 03:30:05 pm
-------------------------------------------------------
IP + Date : ::1 - July 14, 2018, 3:30 pm
-----------------
Url : http://localhost/lab/uteach/chapter/%22%20+%20dirname%20+%20%22public/img/default.jpg
Action : Action not found
Value : "   dirname   "publicAction in ChapterController
Date : 07/14/2018 03:30:36 pm
-------------------------------------------------------
IP + Date : ::1 - July 14, 2018, 3:30 pm
-----------------
Url : http://localhost/lab/uteach/chapter/%22%20+%20dirname%20+%20%22public/img/default.jpg
Action : Action not found
Value : "   dirname   "publicAction in ChapterController
Date : 07/14/2018 03:30:48 pm
-------------------------------------------------------
IP + Date : ::1 - July 14, 2018, 3:31 pm
-----------------
Url : http://localhost/lab/uteach/chapter/%22%20+%20dirname%20+%20%22public/img/default.jpg
Action : Action not found
Value : "   dirname   "publicAction in ChapterController
Date : 07/14/2018 03:31:52 pm
-------------------------------------------------------
IP + Date : ::1 - July 14, 2018, 3:32 pm
-----------------
Url : http://localhost/lab/uteach/chapter/%22%20+%20dirname%20+%20%22public/img/default.jpg
Action : Action not found
Value : "   dirname   "publicAction in ChapterController
Date : 07/14/2018 03:32:20 pm
-------------------------------------------------------
IP + Date : ::1 - July 14, 2018, 3:33 pm
-----------------
Url : http://localhost/lab/uteach/chapter/%22%20+%20dirname%20+%20%22public/img/default.jpg
Action : Action not found
Value : "   dirname   "publicAction in ChapterController
Date : 07/14/2018 03:33:48 pm
-------------------------------------------------------
IP + Date : ::1 - July 14, 2018, 3:34 pm
-----------------
Url : http://localhost/lab/uteach/chapter/%22%20+%20dirname%20+%20%22public/img/default.jpg
Action : Action not found
Value : "   dirname   "publicAction in ChapterController
Date : 07/14/2018 03:34:44 pm
-------------------------------------------------------
IP + Date : ::1 - July 14, 2018, 3:35 pm
-----------------
Url : http://localhost/lab/uteach/chapter/%22%20+%20dirname%20+%20%22public/img/default.jpg
Action : Action not found
Value : "   dirname   "publicAction in ChapterController
Date : 07/14/2018 03:35:07 pm
-------------------------------------------------------
IP + Date : ::1 - July 14, 2018, 3:35 pm
-----------------
Url : http://localhost/lab/uteach/chapter/%22%20+%20dirname%20+%20%22public/img/default.jpg
Action : Action not found
Value : "   dirname   "publicAction in ChapterController
Date : 07/14/2018 03:35:35 pm
-------------------------------------------------------
IP + Date : ::1 - July 14, 2018, 3:36 pm
-----------------
Url : http://localhost/lab/uteach/chapter/%22%20+%20dirname%20+%20%22public/img/default.jpg
Action : Action not found
Value : "   dirname   "publicAction in ChapterController
Date : 07/14/2018 03:36:11 pm
-------------------------------------------------------
IP + Date : ::1 - July 14, 2018, 3:36 pm
-----------------
Url : http://localhost/lab/uteach/chapter/%22%20+%20dirname%20+%20%22public/img/default.jpg
Action : Action not found
Value : "   dirname   "publicAction in ChapterController
Date : 07/14/2018 03:36:51 pm
-------------------------------------------------------
IP + Date : ::1 - July 14, 2018, 3:37 pm
-----------------
Url : http://localhost/lab/uteach/chapter/%22%20+%20dirname%20+%20%22public/img/default.jpg
Action : Action not found
Value : "   dirname   "publicAction in ChapterController
Date : 07/14/2018 03:37:52 pm
-------------------------------------------------------
IP + Date : ::1 - July 14, 2018, 3:39 pm
-----------------
Url : http://localhost/lab/uteach/chapter/%22%20+%20dirname%20+%20%22public/img/default.jpg
Action : Action not found
Value : "   dirname   "publicAction in ChapterController
Date : 07/14/2018 03:39:06 pm
-------------------------------------------------------
IP + Date : ::1 - July 14, 2018, 3:40 pm
-----------------
Url : http://localhost/lab/uteach/chapter/%22%20+%20dirname%20+%20%22public/img/default.jpg
Action : Action not found
Value : "   dirname   "publicAction in ChapterController
Date : 07/14/2018 03:40:16 pm
-------------------------------------------------------
IP + Date : ::1 - July 14, 2018, 3:40 pm
-----------------
Url : http://localhost/lab/uteach/chapter/%22%20+%20dirname%20+%20%22public/img/default.jpg
Action : Action not found
Value : "   dirname   "publicAction in ChapterController
Date : 07/14/2018 03:40:59 pm
-------------------------------------------------------
IP + Date : ::1 - July 14, 2018, 3:43 pm
-----------------
Url : http://localhost/lab/uteach/chapter/%22%20+%20dirname%20+%20%22public/img/default.jpg
Action : Action not found
Value : "   dirname   "publicAction in ChapterController
Date : 07/14/2018 03:43:16 pm
-------------------------------------------------------
IP + Date : ::1 - July 14, 2018, 3:43 pm
-----------------
Url : http://localhost/lab/uteach/chapter/%22%20+%20dirname%20+%20%22public/img/default.jpg
Action : Action not found
Value : "   dirname   "publicAction in ChapterController
Date : 07/14/2018 03:43:28 pm
-------------------------------------------------------
IP + Date : ::1 - July 14, 2018, 3:43 pm
-----------------
Url : http://localhost/lab/uteach/chapter/%22%20+%20dirname%20+%20%22public/img/default.jpg
Action : Action not found
Value : "   dirname   "publicAction in ChapterController
Date : 07/14/2018 03:43:48 pm
-------------------------------------------------------
IP + Date : ::1 - July 14, 2018, 3:44 pm
-----------------
Url : http://localhost/lab/uteach/chapter/%22%20+%20dirname%20+%20%22public/img/default.jpg
Action : Action not found
Value : "   dirname   "publicAction in ChapterController
Date : 07/14/2018 03:44:48 pm
-------------------------------------------------------
IP + Date : ::1 - July 14, 2018, 3:49 pm
-----------------
Url : http://localhost/lab/uteach/chapter/%22%20+%20dirname%20+%20%22public/img/default.jpg
Action : Action not found
Value : "   dirname   "publicAction in ChapterController
Date : 07/14/2018 03:49:05 pm
-------------------------------------------------------
IP + Date : ::1 - July 14, 2018, 3:49 pm
-----------------
Url : http://localhost/lab/uteach/chapter/%22%20+%20dirname%20+%20%22public/img/default.jpg
Action : Action not found
Value : "   dirname   "publicAction in ChapterController
Date : 07/14/2018 03:49:47 pm
-------------------------------------------------------
IP + Date : ::1 - July 14, 2018, 3:50 pm
-----------------
Url : http://localhost/lab/uteach/chapter/%22%20+%20dirname%20+%20%22public/img/default.jpg
Action : Action not found
Value : "   dirname   "publicAction in ChapterController
Date : 07/14/2018 03:50:04 pm
-------------------------------------------------------
IP + Date : ::1 - July 14, 2018, 3:50 pm
-----------------
Url : http://localhost/lab/uteach/chapter/%22%20+%20dirname%20+%20%22public/img/default.jpg
Action : Action not found
Value : "   dirname   "publicAction in ChapterController
Date : 07/14/2018 03:50:14 pm
-------------------------------------------------------
IP + Date : ::1 - July 14, 2018, 3:50 pm
-----------------
Url : http://localhost/lab/uteach/chapter/%22%20+%20dirname%20+%20%22public/img/default.jpg
Action : Action not found
Value : "   dirname   "publicAction in ChapterController
Date : 07/14/2018 03:50:40 pm
-------------------------------------------------------
IP + Date : ::1 - July 14, 2018, 3:51 pm
-----------------
Url : http://localhost/lab/uteach/chapter/%22%20+%20dirname%20+%20%22public/img/default.jpg
Action : Action not found
Value : "   dirname   "publicAction in ChapterController
Date : 07/14/2018 03:51:56 pm
-------------------------------------------------------
IP + Date : ::1 - July 14, 2018, 3:52 pm
-----------------
Url : http://localhost/lab/uteach/chapter/%22%20+%20dirname%20+%20%22public/img/default.jpg
Action : Action not found
Value : "   dirname   "publicAction in ChapterController
Date : 07/14/2018 03:52:15 pm
-------------------------------------------------------
IP + Date : ::1 - July 14, 2018, 3:52 pm
-----------------
Url : http://localhost/lab/uteach/chapter/%22%20+%20dirname%20+%20%22public/img/default.jpg
Action : Action not found
Value : "   dirname   "publicAction in ChapterController
Date : 07/14/2018 03:52:40 pm
-------------------------------------------------------
IP + Date : ::1 - July 14, 2018, 3:52 pm
-----------------
Url : http://localhost/lab/uteach/chapter/%22%20+%20dirname%20+%20%22public/img/default.jpg
Action : Action not found
Value : "   dirname   "publicAction in ChapterController
Date : 07/14/2018 03:52:47 pm
-------------------------------------------------------
IP + Date : ::1 - July 14, 2018, 3:52 pm
-----------------
Url : http://localhost/lab/uteach/chapter/%22%20+%20dirname%20+%20%22public/img/default.jpg
Action : Action not found
Value : "   dirname   "publicAction in ChapterController
Date : 07/14/2018 03:52:50 pm
-------------------------------------------------------
IP + Date : ::1 - July 14, 2018, 3:54 pm
-----------------
Url : http://localhost/lab/uteach/chapter/%22%20+%20dirname%20+%20%22public/img/default.jpg
Action : Action not found
Value : "   dirname   "publicAction in ChapterController
Date : 07/14/2018 03:54:18 pm
-------------------------------------------------------
IP + Date : ::1 - July 14, 2018, 3:54 pm
-----------------
Url : http://localhost/lab/uteach/chapter/%22%20+%20dirname%20+%20%22public/img/default.jpg
Action : Action not found
Value : "   dirname   "publicAction in ChapterController
Date : 07/14/2018 03:54:48 pm
-------------------------------------------------------
IP + Date : ::1 - July 14, 2018, 3:55 pm
-----------------
Url : http://localhost/lab/uteach/chapter/%22%20+%20dirname%20+%20%22public/img/default.jpg
Action : Action not found
Value : "   dirname   "publicAction in ChapterController
Date : 07/14/2018 03:55:06 pm
-------------------------------------------------------
IP + Date : ::1 - July 14, 2018, 3:55 pm
-----------------
Url : http://localhost/lab/uteach/chapter/%22%20+%20dirname%20+%20%22public/img/default.jpg
Action : Action not found
Value : "   dirname   "publicAction in ChapterController
Date : 07/14/2018 03:55:23 pm
-------------------------------------------------------
IP + Date : ::1 - July 14, 2018, 3:58 pm
-----------------
Url : http://localhost/lab/uteach/chapter/%22%20+%20dirname%20+%20%22public/img/default.jpg
Action : Action not found
Value : "   dirname   "publicAction in ChapterController
Date : 07/14/2018 03:58:02 pm
-------------------------------------------------------
IP + Date : ::1 - July 14, 2018, 3:58 pm
-----------------
Url : http://localhost/lab/uteach/chapter/%22%20+%20dirname%20+%20%22public/img/default.jpg
Action : Action not found
Value : "   dirname   "publicAction in ChapterController
Date : 07/14/2018 03:58:20 pm
-------------------------------------------------------
IP + Date : ::1 - July 14, 2018, 3:59 pm
-----------------
Url : http://localhost/lab/uteach/chapter/%22%20+%20dirname%20+%20%22public/img/default.jpg
Action : Action not found
Value : "   dirname   "publicAction in ChapterController
Date : 07/14/2018 03:59:42 pm
-------------------------------------------------------
IP + Date : ::1 - July 14, 2018, 4:02 pm
-----------------
Url : http://localhost/lab/uteach/chapter/%22%20+%20dirname%20+%20%22public/img/default.jpg
Action : Action not found
Value : "   dirname   "publicAction in ChapterController
Date : 07/14/2018 04:02:36 pm
-------------------------------------------------------
IP + Date : ::1 - July 14, 2018, 4:02 pm
-----------------
Url : http://localhost/lab/uteach/chapter/%22%20+%20dirname%20+%20%22public/img/default.jpg
Action : Action not found
Value : "   dirname   "publicAction in ChapterController
Date : 07/14/2018 04:02:53 pm
-------------------------------------------------------
IP + Date : ::1 - July 14, 2018, 4:03 pm
-----------------
Url : http://localhost/lab/uteach/chapter/%22%20+%20dirname%20+%20%22public/img/default.jpg
Action : Action not found
Value : "   dirname   "publicAction in ChapterController
Date : 07/14/2018 04:03:14 pm
-------------------------------------------------------
IP + Date : ::1 - July 14, 2018, 4:03 pm
-----------------
Url : http://localhost/lab/uteach/chapter/%22%20+%20dirname%20+%20%22public/img/default.jpg
Action : Action not found
Value : "   dirname   "publicAction in ChapterController
Date : 07/14/2018 04:03:35 pm
-------------------------------------------------------
IP + Date : ::1 - July 14, 2018, 4:03 pm
-----------------
Url : http://localhost/lab/uteach/chapter/%22%20+%20dirname%20+%20%22public/img/default.jpg
Action : Action not found
Value : "   dirname   "publicAction in ChapterController
Date : 07/14/2018 04:03:49 pm
-------------------------------------------------------
IP + Date : ::1 - July 14, 2018, 4:03 pm
-----------------
Url : http://localhost/lab/uteach/chapter/%22%20+%20dirname%20+%20%22public/img/default.jpg
Action : Action not found
Value : "   dirname   "publicAction in ChapterController
Date : 07/14/2018 04:03:53 pm
-------------------------------------------------------
IP + Date : ::1 - July 14, 2018, 4:04 pm
-----------------
Url : http://localhost/lab/uteach/chapter/%22%20+%20dirname%20+%20%22public/img/default.jpg
Action : Action not found
Value : "   dirname   "publicAction in ChapterController
Date : 07/14/2018 04:04:05 pm
-------------------------------------------------------
IP + Date : ::1 - July 14, 2018, 4:07 pm
-----------------
Url : http://localhost/lab/uteach/chapter/%22%20+%20dirname%20+%20%22public/img/default.jpg
Action : Action not found
Value : "   dirname   "publicAction in ChapterController
Date : 07/14/2018 04:07:02 pm
-------------------------------------------------------
IP + Date : ::1 - July 14, 2018, 4:09 pm
-----------------
Url : http://localhost/lab/uteach/chapter/%22%20+%20dirname%20+%20%22public/img/default.jpg
Action : Action not found
Value : "   dirname   "publicAction in ChapterController
Date : 07/14/2018 04:09:05 pm
-------------------------------------------------------
IP + Date : ::1 - July 14, 2018, 4:09 pm
-----------------
Url : http://localhost/lab/uteach/chapter/%22%20+%20dirname%20+%20%22public/img/default.jpg
Action : Action not found
Value : "   dirname   "publicAction in ChapterController
Date : 07/14/2018 04:09:30 pm
-------------------------------------------------------
IP + Date : ::1 - July 14, 2018, 4:09 pm
-----------------
Url : http://localhost/lab/uteach/chapter/%22%20+%20dirname%20+%20%22public/img/default.jpg
Action : Action not found
Value : "   dirname   "publicAction in ChapterController
Date : 07/14/2018 04:09:45 pm
-------------------------------------------------------
IP + Date : ::1 - July 14, 2018, 4:09 pm
-----------------
Url : http://localhost/lab/uteach/chapter/%22%20+%20dirname%20+%20%22public/img/default.jpg
Action : Action not found
Value : "   dirname   "publicAction in ChapterController
Date : 07/14/2018 04:09:53 pm
-------------------------------------------------------
IP + Date : ::1 - July 14, 2018, 4:20 pm
-----------------
Url : http://localhost/lab/uteach/chapter/%22%20+%20dirname%20+%20%22public/img/default.jpg
Action : Action not found
Value : "   dirname   "publicAction in ChapterController
Date : 07/14/2018 04:20:27 pm
-------------------------------------------------------
IP + Date : ::1 - July 14, 2018, 4:20 pm
-----------------
Url : http://localhost/lab/uteach/chapter/%22%20+%20dirname%20+%20%22public/img/default.jpg
Action : Action not found
Value : "   dirname   "publicAction in ChapterController
Date : 07/14/2018 04:20:28 pm
-------------------------------------------------------
IP + Date : ::1 - July 14, 2018, 4:20 pm
-----------------
Url : http://localhost/lab/uteach/chapter/%22%20+%20dirname%20+%20%22public/img/default.jpg
Action : Action not found
Value : "   dirname   "publicAction in ChapterController
Date : 07/14/2018 04:20:37 pm
-------------------------------------------------------
IP + Date : ::1 - July 14, 2018, 4:22 pm
-----------------
Url : http://localhost/lab/uteach/chapter/%22%20+%20dirname%20+%20%22public/img/default.jpg
Action : Action not found
Value : "   dirname   "publicAction in ChapterController
Date : 07/14/2018 04:22:49 pm
-------------------------------------------------------
IP + Date : ::1 - July 14, 2018, 4:25 pm
-----------------
Url : http://localhost/lab/uteach/chapter/%22%20+%20dirname%20+%20%22public/img/default.jpg
Action : Action not found
Value : "   dirname   "publicAction in ChapterController
Date : 07/14/2018 04:25:04 pm
-------------------------------------------------------
IP + Date : ::1 - July 14, 2018, 4:31 pm
-----------------
Url : http://localhost/lab/uteach/chapter/%22%20+%20dirname%20+%20%22public/img/default.jpg
Action : Action not found
Value : "   dirname   "publicAction in ChapterController
Date : 07/14/2018 04:31:03 pm
-------------------------------------------------------
IP + Date : ::1 - July 14, 2018, 4:32 pm
-----------------
Url : http://localhost/lab/uteach/chapter/%22%20+%20dirname%20+%20%22public/img/default.jpg
Action : Action not found
Value : "   dirname   "publicAction in ChapterController
Date : 07/14/2018 04:32:05 pm
-------------------------------------------------------
IP + Date : ::1 - July 14, 2018, 4:32 pm
-----------------
Url : http://localhost/lab/uteach/chapter/%22%20+%20dirname%20+%20%22public/img/default.jpg
Action : Action not found
Value : "   dirname   "publicAction in ChapterController
Date : 07/14/2018 04:32:24 pm
-------------------------------------------------------
IP + Date : ::1 - July 14, 2018, 4:32 pm
-----------------
Url : http://localhost/lab/uteach/chapter/%22%20+%20dirname%20+%20%22public/img/default.jpg
Action : Action not found
Value : "   dirname   "publicAction in ChapterController
Date : 07/14/2018 04:32:41 pm
-------------------------------------------------------
IP + Date : ::1 - July 14, 2018, 4:33 pm
-----------------
Url : http://localhost/lab/uteach/chapter/%22%20+%20dirname%20+%20%22public/img/default.jpg
Action : Action not found
Value : "   dirname   "publicAction in ChapterController
Date : 07/14/2018 04:33:02 pm
-------------------------------------------------------
IP + Date : ::1 - July 14, 2018, 4:34 pm
-----------------
Url : http://localhost/lab/uteach/chapter/%22%20+%20dirname%20+%20%22public/img/default.jpg
Action : Action not found
Value : "   dirname   "publicAction in ChapterController
Date : 07/14/2018 04:34:59 pm
-------------------------------------------------------
IP + Date : ::1 - July 14, 2018, 4:35 pm
-----------------
Url : http://localhost/lab/uteach/chapter/%22%20+%20dirname%20+%20%22public/img/default.jpg
Action : Action not found
Value : "   dirname   "publicAction in ChapterController
Date : 07/14/2018 04:35:00 pm
-------------------------------------------------------
IP + Date : ::1 - July 14, 2018, 4:36 pm
-----------------
Url : http://localhost/lab/uteach/chapter/%22%20+%20dirname%20+%20%22public/img/default.jpg
Action : Action not found
Value : "   dirname   "publicAction in ChapterController
Date : 07/14/2018 04:36:25 pm
-------------------------------------------------------
IP + Date : ::1 - July 14, 2018, 4:39 pm
-----------------
Url : http://localhost/lab/uteach/chapter/%22%20+%20dirname%20+%20%22public/img/default.jpg
Action : Action not found
Value : "   dirname   "publicAction in ChapterController
Date : 07/14/2018 04:39:42 pm
-------------------------------------------------------
IP + Date : ::1 - July 14, 2018, 4:40 pm
-----------------
Url : http://localhost/lab/uteach/chapter/%22%20+%20dirname%20+%20%22public/img/default.jpg
Action : Action not found
Value : "   dirname   "publicAction in ChapterController
Date : 07/14/2018 04:40:48 pm
-------------------------------------------------------
IP + Date : ::1 - July 14, 2018, 4:42 pm
-----------------
Url : http://localhost/lab/uteach/chapter/%22%20+%20dirname%20+%20%22public/img/default.jpg
Action : Action not found
Value : "   dirname   "publicAction in ChapterController
Date : 07/14/2018 04:42:02 pm
-------------------------------------------------------
IP + Date : ::1 - July 14, 2018, 4:45 pm
-----------------
Url : http://localhost/lab/uteach/chapter/%22%20+%20dirname%20+%20%22public/img/default.jpg
Action : Action not found
Value : "   dirname   "publicAction in ChapterController
Date : 07/14/2018 04:45:28 pm
-------------------------------------------------------
IP + Date : ::1 - July 14, 2018, 4:46 pm
-----------------
Url : http://localhost/lab/uteach/chapter/%22%20+%20dirname%20+%20%22public/img/default.jpg
Action : Action not found
Value : "   dirname   "publicAction in ChapterController
Date : 07/14/2018 04:46:02 pm
-------------------------------------------------------
IP + Date : ::1 - July 14, 2018, 4:50 pm
-----------------
Url : http://localhost/lab/uteach/chapter/%22%20+%20dirname%20+%20%22public/img/default.jpg
Action : Action not found
Value : "   dirname   "publicAction in ChapterController
Date : 07/14/2018 04:50:28 pm
-------------------------------------------------------
IP + Date : ::1 - July 14, 2018, 5:03 pm
-----------------
Url : http://localhost/lab/uteach/chapter/%22%20+%20dirname%20+%20%22public/img/default.jpg
Action : Action not found
Value : "   dirname   "publicAction in ChapterController
Date : 07/14/2018 05:03:02 pm
-------------------------------------------------------
IP + Date : ::1 - July 14, 2018, 5:03 pm
-----------------
Url : http://localhost/lab/uteach/chapter/%22%20+%20dirname%20+%20%22public/img/default.jpg
Action : Action not found
Value : "   dirname   "publicAction in ChapterController
Date : 07/14/2018 05:03:14 pm
-------------------------------------------------------
IP + Date : ::1 - July 14, 2018, 5:03 pm
-----------------
Url : http://localhost/lab/uteach/chapter/%22%20+%20dirname%20+%20%22public/img/default.jpg
Action : Action not found
Value : "   dirname   "publicAction in ChapterController
Date : 07/14/2018 05:03:29 pm
-------------------------------------------------------
IP + Date : ::1 - July 14, 2018, 5:55 pm
-----------------
Url : http://localhost/lab/uteach/chapter/%22%20+%20dirname%20+%20%22public/img/default.jpg
Action : Action not found
Value : "   dirname   "publicAction in ChapterController
Date : 07/14/2018 05:55:22 pm
-------------------------------------------------------
IP + Date : ::1 - July 14, 2018, 5:57 pm
-----------------
Url : http://localhost/lab/uteach/chapter/%22%20+%20dirname%20+%20%22public/img/default.jpg
Action : Action not found
Value : "   dirname   "publicAction in ChapterController
Date : 07/14/2018 05:57:14 pm
-------------------------------------------------------
IP + Date : ::1 - July 14, 2018, 5:57 pm
-----------------
Url : http://localhost/lab/uteach/chapter/%22%20+%20dirname%20+%20%22public/img/default.jpg
Action : Action not found
Value : "   dirname   "publicAction in ChapterController
Date : 07/14/2018 05:57:49 pm
-------------------------------------------------------
IP + Date : ::1 - July 14, 2018, 5:58 pm
-----------------
Url : http://localhost/lab/uteach/chapter/%22%20+%20dirname%20+%20%22public/img/default.jpg
Action : Action not found
Value : "   dirname   "publicAction in ChapterController
Date : 07/14/2018 05:58:59 pm
-------------------------------------------------------
IP + Date : ::1 - July 14, 2018, 6:21 pm
-----------------
Url : http://localhost/lab/uteach/chapter/null
Action : Action not found
Value : nullAction in ChapterController
Date : 07/14/2018 06:21:22 pm
-------------------------------------------------------
IP + Date : ::1 - July 14, 2018, 6:24 pm
-----------------
Url : http://localhost/lab/uteach/chapter/null
Action : Action not found
Value : nullAction in ChapterController
Date : 07/14/2018 06:24:55 pm
-------------------------------------------------------
IP + Date : ::1 - July 14, 2018, 6:25 pm
-----------------
Url : http://localhost/lab/uteach/chapter/null
Action : Action not found
Value : nullAction in ChapterController
Date : 07/14/2018 06:25:44 pm
-------------------------------------------------------
IP + Date : ::1 - July 14, 2018, 6:26 pm
-----------------
Url : http://localhost/lab/uteach/chapter/null
Action : Action not found
Value : nullAction in ChapterController
Date : 07/14/2018 06:26:40 pm
-------------------------------------------------------
IP + Date : ::1 - July 14, 2018, 6:27 pm
-----------------
Url : http://localhost/lab/uteach/chapter/null
Action : Action not found
Value : nullAction in ChapterController
Date : 07/14/2018 06:27:28 pm
-------------------------------------------------------
IP + Date : ::1 - July 14, 2018, 6:27 pm
-----------------
Url : http://localhost/lab/uteach/chapter/null
Action : Action not found
Value : nullAction in ChapterController
Date : 07/14/2018 06:27:37 pm
-------------------------------------------------------
IP + Date : ::1 - July 14, 2018, 6:29 pm
-----------------
Url : http://localhost/lab/uteach/chapter/null
Action : Action not found
Value : nullAction in ChapterController
Date : 07/14/2018 06:29:33 pm
-------------------------------------------------------
IP + Date : ::1 - July 14, 2018, 6:29 pm
-----------------
Url : http://localhost/lab/uteach/chapter/null
Action : Action not found
Value : nullAction in ChapterController
Date : 07/14/2018 06:29:33 pm
-------------------------------------------------------
IP + Date : ::1 - July 14, 2018, 6:30 pm
-----------------
Url : http://localhost/lab/uteach/chapter/null
Action : Action not found
Value : nullAction in ChapterController
Date : 07/14/2018 06:30:14 pm
-------------------------------------------------------
IP + Date : ::1 - July 14, 2018, 6:32 pm
-----------------
Url : http://localhost/lab/uteach/chapter/null
Action : Action not found
Value : nullAction in ChapterController
Date : 07/14/2018 06:32:57 pm
-------------------------------------------------------
IP + Date : ::1 - July 14, 2018, 6:33 pm
-----------------
Url : http://localhost/lab/uteach/chapter/null
Action : Action not found
Value : nullAction in ChapterController
Date : 07/14/2018 06:33:17 pm
-------------------------------------------------------
IP + Date : ::1 - July 14, 2018, 6:33 pm
-----------------
Url : http://localhost/lab/uteach/chapter/null
Action : Action not found
Value : nullAction in ChapterController
Date : 07/14/2018 06:33:40 pm
-------------------------------------------------------
IP + Date : ::1 - July 14, 2018, 6:34 pm
-----------------
Url : http://localhost/lab/uteach/chapter/null
Action : Action not found
Value : nullAction in ChapterController
Date : 07/14/2018 06:34:19 pm
-------------------------------------------------------
IP + Date : ::1 - July 14, 2018, 6:34 pm
-----------------
Url : http://localhost/lab/uteach/chapter/null
Action : Action not found
Value : nullAction in ChapterController
Date : 07/14/2018 06:34:33 pm
-------------------------------------------------------
IP + Date : ::1 - July 14, 2018, 6:35 pm
-----------------
Url : http://localhost/lab/uteach/chapter/null
Action : Action not found
Value : nullAction in ChapterController
Date : 07/14/2018 06:35:25 pm
-------------------------------------------------------
IP + Date : ::1 - July 14, 2018, 6:35 pm
-----------------
Url : http://localhost/lab/uteach/chapter/null
Action : Action not found
Value : nullAction in ChapterController
Date : 07/14/2018 06:35:34 pm
-------------------------------------------------------
IP + Date : ::1 - July 14, 2018, 6:35 pm
-----------------
Url : http://localhost/lab/uteach/chapter/null
Action : Action not found
Value : nullAction in ChapterController
Date : 07/14/2018 06:35:51 pm
-------------------------------------------------------
IP + Date : ::1 - July 14, 2018, 6:37 pm
-----------------
Url : http://localhost/lab/uteach/chapter/null
Action : Action not found
Value : nullAction in ChapterController
Date : 07/14/2018 06:37:39 pm
-------------------------------------------------------
IP + Date : ::1 - July 14, 2018, 6:39 pm
-----------------
Url : http://localhost/lab/uteach/chapter/null
Action : Action not found
Value : nullAction in ChapterController
Date : 07/14/2018 06:39:22 pm
-------------------------------------------------------
IP + Date : ::1 - July 14, 2018, 6:42 pm
-----------------
Url : http://localhost/lab/uteach/chapter/null
Action : Action not found
Value : nullAction in ChapterController
Date : 07/14/2018 06:42:26 pm
-------------------------------------------------------
IP + Date : ::1 - July 14, 2018, 6:44 pm
-----------------
Url : http://localhost/lab/uteach/chapter/null
Action : Action not found
Value : nullAction in ChapterController
Date : 07/14/2018 06:44:31 pm
-------------------------------------------------------
IP + Date : ::1 - July 14, 2018, 6:45 pm
-----------------
Url : http://localhost/lab/uteach/chapter/null
Action : Action not found
Value : nullAction in ChapterController
Date : 07/14/2018 06:45:01 pm
-------------------------------------------------------
IP + Date : ::1 - July 14, 2018, 6:48 pm
-----------------
Url : http://localhost/lab/uteach/chapter/null
Action : Action not found
Value : nullAction in ChapterController
Date : 07/14/2018 06:48:08 pm
-------------------------------------------------------
IP + Date : ::1 - July 14, 2018, 6:48 pm
-----------------
Url : http://localhost/lab/uteach/chapter/null
Action : Action not found
Value : nullAction in ChapterController
Date : 07/14/2018 06:48:21 pm
-------------------------------------------------------
IP + Date : ::1 - July 14, 2018, 6:48 pm
-----------------
Url : http://localhost/lab/uteach/chapter/null
Action : Action not found
Value : nullAction in ChapterController
Date : 07/14/2018 06:48:50 pm
-------------------------------------------------------
IP + Date : ::1 - July 14, 2018, 6:49 pm
-----------------
Url : http://localhost/lab/uteach/chapter/null
Action : Action not found
Value : nullAction in ChapterController
Date : 07/14/2018 06:49:26 pm
-------------------------------------------------------
IP + Date : ::1 - July 14, 2018, 6:51 pm
-----------------
Url : http://localhost/lab/uteach/chapter/null
Action : Action not found
Value : nullAction in ChapterController
Date : 07/14/2018 06:51:48 pm
-------------------------------------------------------
IP + Date : ::1 - July 14, 2018, 6:54 pm
-----------------
Url : http://localhost/lab/uteach/chapter/null
Action : Action not found
Value : nullAction in ChapterController
Date : 07/14/2018 06:54:33 pm
-------------------------------------------------------
IP + Date : ::1 - July 14, 2018, 6:54 pm
-----------------
Url : http://localhost/lab/uteach/chapter/null
Action : Action not found
Value : nullAction in ChapterController
Date : 07/14/2018 06:54:34 pm
-------------------------------------------------------
IP + Date : ::1 - July 14, 2018, 6:55 pm
-----------------
Url : http://localhost/lab/uteach/chapter/null
Action : Action not found
Value : nullAction in ChapterController
Date : 07/14/2018 06:55:38 pm
-------------------------------------------------------
IP + Date : ::1 - July 14, 2018, 6:57 pm
-----------------
Url : http://localhost/lab/uteach/chapter/null
Action : Action not found
Value : nullAction in ChapterController
Date : 07/14/2018 06:57:01 pm
-------------------------------------------------------
IP + Date : ::1 - July 14, 2018, 6:57 pm
-----------------
Url : http://localhost/lab/uteach/chapter/null
Action : Action not found
Value : nullAction in ChapterController
Date : 07/14/2018 06:57:51 pm
-------------------------------------------------------
IP + Date : ::1 - July 14, 2018, 6:58 pm
-----------------
Url : http://localhost/lab/uteach/chapter/null
Action : Action not found
Value : nullAction in ChapterController
Date : 07/14/2018 06:58:29 pm
-------------------------------------------------------
IP + Date : ::1 - July 14, 2018, 6:59 pm
-----------------
Url : http://localhost/lab/uteach/chapter/null
Action : Action not found
Value : nullAction in ChapterController
Date : 07/14/2018 06:59:10 pm
-------------------------------------------------------
IP + Date : ::1 - July 14, 2018, 7:00 pm
-----------------
Url : http://localhost/lab/uteach/chapter/null
Action : Action not found
Value : nullAction in ChapterController
Date : 07/14/2018 07:00:05 pm
-------------------------------------------------------
IP + Date : ::1 - July 14, 2018, 7:07 pm
-----------------
Url : http://localhost/lab/uteach/chapter/null
Action : Action not found
Value : nullAction in ChapterController
Date : 07/14/2018 07:07:04 pm
-------------------------------------------------------
IP + Date : ::1 - July 14, 2018, 7:07 pm
-----------------
Url : http://localhost/lab/uteach/chapter/null
Action : Action not found
Value : nullAction in ChapterController
Date : 07/14/2018 07:07:19 pm
-------------------------------------------------------
IP + Date : ::1 - July 14, 2018, 7:08 pm
-----------------
Url : http://localhost/lab/uteach/chapter/null
Action : Action not found
Value : nullAction in ChapterController
Date : 07/14/2018 07:08:30 pm
-------------------------------------------------------
IP + Date : ::1 - July 14, 2018, 7:09 pm
-----------------
Url : http://localhost/lab/uteach/chapter/null
Action : Action not found
Value : nullAction in ChapterController
Date : 07/14/2018 07:09:28 pm
-------------------------------------------------------
IP + Date : ::1 - July 14, 2018, 7:09 pm
-----------------
Url : http://localhost/lab/uteach/chapter/index.html
Action : Action not found
Value : index.htmlAction in ChapterController
Date : 07/14/2018 07:09:39 pm
-------------------------------------------------------
IP + Date : ::1 - July 14, 2018, 7:09 pm
-----------------
Url : http://localhost/lab/uteach/chapter/null
Action : Action not found
Value : nullAction in ChapterController
Date : 07/14/2018 07:09:42 pm
-------------------------------------------------------
IP + Date : ::1 - July 14, 2018, 7:13 pm
-----------------
Url : http://localhost/lab/uteach/chapter/null
Action : Action not found
Value : nullAction in ChapterController
Date : 07/14/2018 07:13:45 pm
-------------------------------------------------------
IP + Date : ::1 - July 14, 2018, 7:14 pm
-----------------
Url : http://localhost/lab/uteach/chapter/null
Action : Action not found
Value : nullAction in ChapterController
Date : 07/14/2018 07:14:13 pm
-------------------------------------------------------
IP + Date : ::1 - July 14, 2018, 7:14 pm
-----------------
Url : http://localhost/lab/uteach/chapter/null
Action : Action not found
Value : nullAction in ChapterController
Date : 07/14/2018 07:14:41 pm
-------------------------------------------------------
IP + Date : ::1 - July 14, 2018, 7:14 pm
-----------------
Url : http://localhost/lab/uteach/chapter/null
Action : Action not found
Value : nullAction in ChapterController
Date : 07/14/2018 07:14:55 pm
-------------------------------------------------------
IP + Date : ::1 - July 14, 2018, 7:17 pm
-----------------
Url : http://localhost/lab/uteach/chapter/null
Action : Action not found
Value : nullAction in ChapterController
Date : 07/14/2018 07:17:45 pm
-------------------------------------------------------
IP + Date : ::1 - July 14, 2018, 7:19 pm
-----------------
Url : http://localhost/lab/uteach/chapter/null
Action : Action not found
Value : nullAction in ChapterController
Date : 07/14/2018 07:19:22 pm
-------------------------------------------------------
IP + Date : ::1 - July 14, 2018, 7:20 pm
-----------------
Url : http://localhost/lab/uteach/chapter/null
Action : Action not found
Value : nullAction in ChapterController
Date : 07/14/2018 07:20:05 pm
-------------------------------------------------------
IP + Date : ::1 - July 14, 2018, 7:21 pm
-----------------
Url : http://localhost/lab/uteach/chapter/null
Action : Action not found
Value : nullAction in ChapterController
Date : 07/14/2018 07:21:37 pm
-------------------------------------------------------
IP + Date : ::1 - July 14, 2018, 7:21 pm
-----------------
Url : http://localhost/lab/uteach/chapter/null
Action : Action not found
Value : nullAction in ChapterController
Date : 07/14/2018 07:21:57 pm
-------------------------------------------------------
IP + Date : ::1 - July 14, 2018, 7:22 pm
-----------------
Url : http://localhost/lab/uteach/chapter/null
Action : Action not found
Value : nullAction in ChapterController
Date : 07/14/2018 07:22:22 pm
-------------------------------------------------------
IP + Date : ::1 - July 14, 2018, 7:23 pm
-----------------
Url : http://localhost/lab/uteach/chapter/null
Action : Action not found
Value : nullAction in ChapterController
Date : 07/14/2018 07:23:16 pm
-------------------------------------------------------
IP + Date : ::1 - July 14, 2018, 7:25 pm
-----------------
Url : http://localhost/lab/uteach/chapter/null
Action : Action not found
Value : nullAction in ChapterController
Date : 07/14/2018 07:25:59 pm
-------------------------------------------------------
IP + Date : ::1 - July 14, 2018, 7:26 pm
-----------------
Url : http://localhost/lab/uteach/chapter/null
Action : Action not found
Value : nullAction in ChapterController
Date : 07/14/2018 07:26:24 pm
-------------------------------------------------------
IP + Date : ::1 - July 14, 2018, 7:27 pm
-----------------
Url : http://localhost/lab/uteach/chapter/null
Action : Action not found
Value : nullAction in ChapterController
Date : 07/14/2018 07:27:35 pm
-------------------------------------------------------
IP + Date : ::1 - July 14, 2018, 7:28 pm
-----------------
Url : http://localhost/lab/uteach/chapter/null
Action : Action not found
Value : nullAction in ChapterController
Date : 07/14/2018 07:28:10 pm
-------------------------------------------------------
IP + Date : ::1 - July 14, 2018, 7:29 pm
-----------------
Url : http://localhost/lab/uteach/chapter/null
Action : Action not found
Value : nullAction in ChapterController
Date : 07/14/2018 07:29:21 pm
-------------------------------------------------------
IP + Date : ::1 - July 14, 2018, 7:29 pm
-----------------
Url : http://localhost/lab/uteach/chapter/null
Action : Action not found
Value : nullAction in ChapterController
Date : 07/14/2018 07:29:25 pm
-------------------------------------------------------
IP + Date : ::1 - July 14, 2018, 7:29 pm
-----------------
Url : http://localhost/lab/uteach/chapter/null
Action : Action not found
Value : nullAction in ChapterController
Date : 07/14/2018 07:29:46 pm
-------------------------------------------------------
IP + Date : ::1 - July 14, 2018, 7:30 pm
-----------------
Url : http://localhost/lab/uteach/chapter/null
Action : Action not found
Value : nullAction in ChapterController
Date : 07/14/2018 07:30:08 pm
-------------------------------------------------------
IP + Date : ::1 - July 14, 2018, 7:30 pm
-----------------
Url : http://localhost/lab/uteach/chapter/null
Action : Action not found
Value : nullAction in ChapterController
Date : 07/14/2018 07:30:26 pm
-------------------------------------------------------
IP + Date : ::1 - July 14, 2018, 7:30 pm
-----------------
Url : http://localhost/lab/uteach/chapter/null
Action : Action not found
Value : nullAction in ChapterController
Date : 07/14/2018 07:30:49 pm
-------------------------------------------------------
IP + Date : ::1 - July 14, 2018, 7:31 pm
-----------------
Url : http://localhost/lab/uteach/chapter/null
Action : Action not found
Value : nullAction in ChapterController
Date : 07/14/2018 07:31:17 pm
-------------------------------------------------------
IP + Date : ::1 - July 14, 2018, 7:31 pm
-----------------
Url : http://localhost/lab/uteach/chapter/null
Action : Action not found
Value : nullAction in ChapterController
Date : 07/14/2018 07:31:49 pm
-------------------------------------------------------
IP + Date : ::1 - July 14, 2018, 7:34 pm
-----------------
Url : http://localhost/lab/uteach/chapter/null
Action : Action not found
Value : nullAction in ChapterController
Date : 07/14/2018 07:34:22 pm
-------------------------------------------------------
IP + Date : ::1 - July 14, 2018, 7:34 pm
-----------------
Url : http://localhost/lab/uteach/chapter/null
Action : Action not found
Value : nullAction in ChapterController
Date : 07/14/2018 07:34:37 pm
-------------------------------------------------------
IP + Date : ::1 - July 14, 2018, 7:35 pm
-----------------
Url : http://localhost/lab/uteach/chapter/null
Action : Action not found
Value : nullAction in ChapterController
Date : 07/14/2018 07:35:38 pm
-------------------------------------------------------
IP + Date : ::1 - July 14, 2018, 7:35 pm
-----------------
Url : http://localhost/lab/uteach/comment/report
Action : Action not found
Value : reportAction in CommentController
Date : 07/14/2018 07:35:56 pm
-------------------------------------------------------
IP + Date : ::1 - July 14, 2018, 7:35 pm
-----------------
Url : http://localhost/lab/uteach/chapter/null
Action : Action not found
Value : nullAction in ChapterController
Date : 07/14/2018 07:35:59 pm
-------------------------------------------------------
IP + Date : ::1 - July 14, 2018, 7:40 pm
-----------------
Url : http://localhost/lab/uteach/chapter/null
Action : Action not found
Value : nullAction in ChapterController
Date : 07/14/2018 07:40:35 pm
-------------------------------------------------------
IP + Date : ::1 - July 14, 2018, 7:42 pm
-----------------
Url : http://localhost/lab/uteach/statistic/index/back
Action : Controller not found
Value : 
Date : 07/14/2018 07:42:11 pm
-------------------------------------------------------
IP + Date : ::1 - July 14, 2018, 7:48 pm
-----------------
Url : http://localhost/lab/uteach/chapter/null
Action : Action not found
Value : nullAction in ChapterController
Date : 07/14/2018 07:48:20 pm
-------------------------------------------------------
IP + Date : ::1 - July 14, 2018, 7:52 pm
-----------------
Url : http://localhost/lab/uteach/chapter/null
Action : Action not found
Value : nullAction in ChapterController
Date : 07/14/2018 07:52:57 pm
-------------------------------------------------------
IP + Date : ::1 - July 14, 2018, 8:00 pm
-----------------
Url : http://localhost/lab/uteach/chapter/null
Action : Action not found
Value : nullAction in ChapterController
Date : 07/14/2018 08:00:48 pm
-------------------------------------------------------
IP + Date : ::1 - July 14, 2018, 8:01 pm
-----------------
Url : http://localhost/lab/uteach/chapter/null
Action : Action not found
Value : nullAction in ChapterController
Date : 07/14/2018 08:01:42 pm
-------------------------------------------------------
IP + Date : ::1 - July 14, 2018, 8:04 pm
-----------------
Url : http://localhost/lab/uteach/chapter/null
Action : Action not found
Value : nullAction in ChapterController
Date : 07/14/2018 08:04:27 pm
-------------------------------------------------------
IP + Date : ::1 - July 14, 2018, 8:13 pm
-----------------
Url : http://localhost/lab/uteach/chapter/null
Action : Action not found
Value : nullAction in ChapterController
Date : 07/14/2018 08:13:06 pm
-------------------------------------------------------
IP + Date : ::1 - July 14, 2018, 8:17 pm
-----------------
Url : http://localhost/lab/uteach/chapter/null
Action : Action not found
Value : nullAction in ChapterController
Date : 07/14/2018 08:17:38 pm
-------------------------------------------------------
IP + Date : ::1 - July 14, 2018, 8:20 pm
-----------------
Url : http://localhost/lab/uteach/chapter/null
Action : Action not found
Value : nullAction in ChapterController
Date : 07/14/2018 08:20:05 pm
-------------------------------------------------------
IP + Date : ::1 - July 14, 2018, 8:20 pm
-----------------
Url : http://localhost/lab/uteach/trainning/null
Action : Action not found
Value : nullAction in TrainningController
Date : 07/14/2018 08:20:31 pm
-------------------------------------------------------
IP + Date : ::1 - July 14, 2018, 8:22 pm
-----------------
Url : http://localhost/lab/uteach/chapter/null
Action : Action not found
Value : nullAction in ChapterController
Date : 07/14/2018 08:22:38 pm
-------------------------------------------------------
IP + Date : ::1 - July 14, 2018, 8:22 pm
-----------------
Url : http://localhost/lab/uteach/chapter/null
Action : Action not found
Value : nullAction in ChapterController
Date : 07/14/2018 08:22:59 pm
-------------------------------------------------------
IP + Date : ::1 - July 14, 2018, 8:23 pm
-----------------
Url : http://localhost/lab/uteach/trainning/null
Action : Action not found
Value : nullAction in TrainningController
Date : 07/14/2018 08:23:49 pm
-------------------------------------------------------
IP + Date : ::1 - July 14, 2018, 8:24 pm
-----------------
Url : http://localhost/lab/uteach/trainning/null
Action : Action not found
Value : nullAction in TrainningController
Date : 07/14/2018 08:24:30 pm
-------------------------------------------------------
IP + Date : ::1 - July 14, 2018, 8:25 pm
-----------------
Url : http://localhost/lab/uteach/trainning/null
Action : Action not found
Value : nullAction in TrainningController
Date : 07/14/2018 08:25:31 pm
-------------------------------------------------------
IP + Date : ::1 - July 14, 2018, 8:25 pm
-----------------
Url : http://localhost/lab/uteach/chapter/null
Action : Action not found
Value : nullAction in ChapterController
Date : 07/14/2018 08:25:42 pm
-------------------------------------------------------
IP + Date : ::1 - July 14, 2018, 8:25 pm
-----------------
Url : http://localhost/lab/uteach/trainning/null
Action : Action not found
Value : nullAction in TrainningController
Date : 07/14/2018 08:25:59 pm
-------------------------------------------------------
IP + Date : ::1 - July 14, 2018, 8:26 pm
-----------------
Url : http://localhost/lab/uteach/trainning/null
Action : Action not found
Value : nullAction in TrainningController
Date : 07/14/2018 08:26:37 pm
-------------------------------------------------------
IP + Date : ::1 - July 14, 2018, 8:26 pm
-----------------
Url : http://localhost/lab/uteach/trainning/null
Action : Action not found
Value : nullAction in TrainningController
Date : 07/14/2018 08:26:54 pm
-------------------------------------------------------
IP + Date : ::1 - July 14, 2018, 8:30 pm
-----------------
Url : http://localhost/lab/uteach/trainning/null
Action : Action not found
Value : nullAction in TrainningController
Date : 07/14/2018 08:30:23 pm
-------------------------------------------------------
IP + Date : ::1 - July 14, 2018, 8:30 pm
-----------------
Url : http://localhost/lab/uteach/trainning/null
Action : Action not found
Value : nullAction in TrainningController
Date : 07/14/2018 08:30:46 pm
-------------------------------------------------------
IP + Date : ::1 - July 14, 2018, 8:31 pm
-----------------
Url : http://localhost/lab/uteach/trainning/null
Action : Action not found
Value : nullAction in TrainningController
Date : 07/14/2018 08:31:09 pm
-------------------------------------------------------
IP + Date : ::1 - July 14, 2018, 8:32 pm
-----------------
Url : http://localhost/lab/uteach/trainning/null
Action : Action not found
Value : nullAction in TrainningController
Date : 07/14/2018 08:32:20 pm
-------------------------------------------------------
IP + Date : ::1 - July 14, 2018, 8:42 pm
-----------------
Url : http://localhost/lab/uteach/trainning/null
Action : Action not found
Value : nullAction in TrainningController
Date : 07/14/2018 08:42:00 pm
-------------------------------------------------------
IP + Date : ::1 - July 14, 2018, 8:48 pm
-----------------
Url : http://localhost/lab/uteach/chapter/null
Action : Action not found
Value : nullAction in ChapterController
Date : 07/14/2018 08:48:38 pm
-------------------------------------------------------
IP + Date : ::1 - July 14, 2018, 8:49 pm
-----------------
Url : http://localhost/lab/uteach/chapter/null
Action : Action not found
Value : nullAction in ChapterController
Date : 07/14/2018 08:49:07 pm
-------------------------------------------------------
IP + Date : ::1 - July 14, 2018, 8:49 pm
-----------------
Url : http://localhost/lab/uteach/chapter/null
Action : Action not found
Value : nullAction in ChapterController
Date : 07/14/2018 08:49:40 pm
-------------------------------------------------------
