IP + Date : ::1 - July 17, 2018, 8:07 pm
-----------------
Url : http://localhost/lab/uteach/chapter/public/img/chapters/711px-PHP-logo.svg.png
Action : Action not found
Value : publicAction in ChapterController
Date : 07/17/2018 08:07:53 pm
-------------------------------------------------------
IP + Date : ::1 - July 17, 2018, 8:07 pm
-----------------
Url : http://localhost/lab/uteach/index/public/img/chapters/711px-PHP-logo.svg.png
Action : Action not found
Value : publicAction in IndexController
Date : 07/17/2018 08:07:57 pm
-------------------------------------------------------
IP + Date : ::1 - July 17, 2018, 8:07 pm
-----------------
Url : http://localhost/lab/uteach/index/public/img/trainnings/711px-PHP-logo.svg.png
Action : Action not found
Value : publicAction in IndexController
Date : 07/17/2018 08:07:57 pm
-------------------------------------------------------
IP + Date : ::1 - July 17, 2018, 8:07 pm
-----------------
Url : http://localhost/lab/uteach/index/chapter/chapter?id=3
Action : Action not found
Value : chapterAction in IndexController
Date : 07/17/2018 08:07:59 pm
-------------------------------------------------------
IP + Date : ::1 - July 17, 2018, 8:08 pm
-----------------
Url : http://localhost/lab/uteach/index/public/img/chapters/711px-PHP-logo.svg.png
Action : Action not found
Value : publicAction in IndexController
Date : 07/17/2018 08:08:01 pm
-------------------------------------------------------
IP + Date : ::1 - July 17, 2018, 8:08 pm
-----------------
Url : http://localhost/lab/uteach/index/public/img/trainnings/711px-PHP-logo.svg.png
Action : Action not found
Value : publicAction in IndexController
Date : 07/17/2018 08:08:01 pm
-------------------------------------------------------
IP + Date : ::1 - July 17, 2018, 8:13 pm
-----------------
Url : http://localhost/lab/uteach/chapter/public/img/chapters/711px-PHP-logo.svg.png
Action : Action not found
Value : publicAction in ChapterController
Date : 07/17/2018 08:13:46 pm
-------------------------------------------------------
IP + Date : ::1 - July 17, 2018, 8:14 pm
-----------------
Url : http://localhost/lab/uteach/index/public/img/chapters/711px-PHP-logo.svg.png
Action : Action not found
Value : publicAction in IndexController
Date : 07/17/2018 08:14:02 pm
-------------------------------------------------------
IP + Date : ::1 - July 17, 2018, 8:14 pm
-----------------
Url : http://localhost/lab/uteach/index/public/img/trainnings/711px-PHP-logo.svg.png
Action : Action not found
Value : publicAction in IndexController
Date : 07/17/2018 08:14:02 pm
-------------------------------------------------------
IP + Date : ::1 - July 17, 2018, 8:15 pm
-----------------
Url : http://localhost/lab/uteach/chapter/public/img/chapters/711px-PHP-logo.svg.png
Action : Action not found
Value : publicAction in ChapterController
Date : 07/17/2018 08:15:28 pm
-------------------------------------------------------
IP + Date : ::1 - July 17, 2018, 8:15 pm
-----------------
Url : http://localhost/lab/uteach/trainning/public/img/trainnings/711px-PHP-logo.svg.png
Action : Action not found
Value : publicAction in TrainningController
Date : 07/17/2018 08:15:34 pm
-------------------------------------------------------
IP + Date : ::1 - July 17, 2018, 8:15 pm
-----------------
Url : http://localhost/lab/uteach/trainning/public/img/trainnings/711px-PHP-logo.svg.png
Action : Action not found
Value : publicAction in TrainningController
Date : 07/17/2018 08:15:37 pm
-------------------------------------------------------
IP + Date : ::1 - July 17, 2018, 8:15 pm
-----------------
Url : http://localhost/lab/uteach/chapter/public/img/chapters/711px-PHP-logo.svg.png
Action : Action not found
Value : publicAction in ChapterController
Date : 07/17/2018 08:15:38 pm
-------------------------------------------------------
IP + Date : ::1 - July 17, 2018, 8:16 pm
-----------------
Url : http://localhost/lab/uteach/chapter/public/img/chapters/711px-PHP-logo.svg.png
Action : Action not found
Value : publicAction in ChapterController
Date : 07/17/2018 08:16:37 pm
-------------------------------------------------------
IP + Date : ::1 - July 17, 2018, 8:16 pm
-----------------
Url : http://localhost/lab/uteach/chapter/public/img/chapters/711px-PHP-logo.svg.png
Action : Action not found
Value : publicAction in ChapterController
Date : 07/17/2018 08:16:40 pm
-------------------------------------------------------
IP + Date : ::1 - July 17, 2018, 8:16 pm
-----------------
Url : http://localhost/lab/uteach/chapter/public/img/chapters/711px-PHP-logo.svg.png
Action : Action not found
Value : publicAction in ChapterController
Date : 07/17/2018 08:16:43 pm
-------------------------------------------------------
IP + Date : ::1 - July 17, 2018, 8:16 pm
-----------------
Url : http://localhost/lab/uteach/trainning/public/img/trainnings/711px-PHP-logo.svg.png
Action : Action not found
Value : publicAction in TrainningController
Date : 07/17/2018 08:16:44 pm
-------------------------------------------------------
IP + Date : ::1 - July 17, 2018, 8:16 pm
-----------------
Url : http://localhost/lab/uteach/trainning/public/img/trainnings/711px-PHP-logo.svg.png
Action : Action not found
Value : publicAction in TrainningController
Date : 07/17/2018 08:16:45 pm
-------------------------------------------------------
IP + Date : ::1 - July 17, 2018, 8:16 pm
-----------------
Url : http://localhost/lab/uteach/trainning/public/img/trainnings/711px-PHP-logo.svg.png
Action : Action not found
Value : publicAction in TrainningController
Date : 07/17/2018 08:16:46 pm
-------------------------------------------------------
IP + Date : ::1 - July 17, 2018, 8:16 pm
-----------------
Url : http://localhost/lab/uteach/chapter/public/img/chapters/711px-PHP-logo.svg.png
Action : Action not found
Value : publicAction in ChapterController
Date : 07/17/2018 08:16:48 pm
-------------------------------------------------------
IP + Date : ::1 - July 17, 2018, 8:16 pm
-----------------
Url : http://localhost/lab/uteach/trainning/public/img/trainnings/711px-PHP-logo.svg.png
Action : Action not found
Value : publicAction in TrainningController
Date : 07/17/2018 08:16:53 pm
-------------------------------------------------------
IP + Date : ::1 - July 17, 2018, 8:17 pm
-----------------
Url : http://localhost/lab/uteach/index/public/img/chapters/711px-PHP-logo.svg.png
Action : Action not found
Value : publicAction in IndexController
Date : 07/17/2018 08:17:01 pm
-------------------------------------------------------
IP + Date : ::1 - July 17, 2018, 8:17 pm
-----------------
Url : http://localhost/lab/uteach/index/public/img/trainnings/711px-PHP-logo.svg.png
Action : Action not found
Value : publicAction in IndexController
Date : 07/17/2018 08:17:01 pm
-------------------------------------------------------
IP + Date : ::1 - July 17, 2018, 8:17 pm
-----------------
Url : http://localhost/lab/uteach/index/public/img/chapters/711px-PHP-logo.svg.png
Action : Action not found
Value : publicAction in IndexController
Date : 07/17/2018 08:17:03 pm
-------------------------------------------------------
IP + Date : ::1 - July 17, 2018, 8:17 pm
-----------------
Url : http://localhost/lab/uteach/index/public/img/chapters/711px-PHP-logo.svg.png
Action : Action not found
Value : publicAction in IndexController
Date : 07/17/2018 08:17:05 pm
-------------------------------------------------------
IP + Date : ::1 - July 17, 2018, 8:17 pm
-----------------
Url : http://localhost/lab/uteach/index/public/img/chapters/711px-PHP-logo.svg.png
Action : Action not found
Value : publicAction in IndexController
Date : 07/17/2018 08:17:21 pm
-------------------------------------------------------
IP + Date : ::1 - July 17, 2018, 8:17 pm
-----------------
Url : http://localhost/lab/uteach/index/public/img/trainnings/711px-PHP-logo.svg.png
Action : Action not found
Value : publicAction in IndexController
Date : 07/17/2018 08:17:21 pm
-------------------------------------------------------
IP + Date : ::1 - July 17, 2018, 8:17 pm
-----------------
Url : http://localhost/lab/uteach/index/public/img/chapters/711px-PHP-logo.svg.png
Action : Action not found
Value : publicAction in IndexController
Date : 07/17/2018 08:17:36 pm
-------------------------------------------------------
IP + Date : ::1 - July 17, 2018, 8:17 pm
-----------------
Url : http://localhost/lab/uteach/index/public/img/trainnings/711px-PHP-logo.svg.png
Action : Action not found
Value : publicAction in IndexController
Date : 07/17/2018 08:17:36 pm
-------------------------------------------------------
IP + Date : ::1 - July 17, 2018, 8:17 pm
-----------------
Url : http://localhost/lab/uteach/index/public/img/chapters/711px-PHP-logo.svg.png
Action : Action not found
Value : publicAction in IndexController
Date : 07/17/2018 08:17:38 pm
-------------------------------------------------------
IP + Date : ::1 - July 17, 2018, 8:18 pm
-----------------
Url : http://localhost/lab/uteach/index/public/img/chapters/711px-PHP-logo.svg.png
Action : Action not found
Value : publicAction in IndexController
Date : 07/17/2018 08:18:44 pm
-------------------------------------------------------
IP + Date : ::1 - July 17, 2018, 8:18 pm
-----------------
Url : http://localhost/lab/uteach/index/public/img/trainnings/711px-PHP-logo.svg.png
Action : Action not found
Value : publicAction in IndexController
Date : 07/17/2018 08:18:44 pm
-------------------------------------------------------
IP + Date : ::1 - July 17, 2018, 8:18 pm
-----------------
Url : http://localhost/lab/uteach/index/public/img/chapters/711px-PHP-logo.svg.png
Action : Action not found
Value : publicAction in IndexController
Date : 07/17/2018 08:18:48 pm
-------------------------------------------------------
IP + Date : ::1 - July 17, 2018, 8:18 pm
-----------------
Url : http://localhost/lab/uteach/index/public/img/trainnings/711px-PHP-logo.svg.png
Action : Action not found
Value : publicAction in IndexController
Date : 07/17/2018 08:18:51 pm
-------------------------------------------------------
IP + Date : ::1 - July 17, 2018, 8:18 pm
-----------------
Url : http://localhost/lab/uteach/trainning/public/img/trainnings/711px-PHP-logo.svg.png
Action : Action not found
Value : publicAction in TrainningController
Date : 07/17/2018 08:18:58 pm
-------------------------------------------------------
IP + Date : ::1 - July 17, 2018, 8:19 pm
-----------------
Url : http://localhost/lab/uteach/trainning/public/img/trainnings/711px-PHP-logo.svg.png
Action : Action not found
Value : publicAction in TrainningController
Date : 07/17/2018 08:19:00 pm
-------------------------------------------------------
IP + Date : ::1 - July 17, 2018, 8:19 pm
-----------------
Url : http://localhost/lab/uteach/trainning/public/img/trainnings/711px-PHP-logo.svg.png
Action : Action not found
Value : publicAction in TrainningController
Date : 07/17/2018 08:19:00 pm
-------------------------------------------------------
IP + Date : ::1 - July 17, 2018, 8:19 pm
-----------------
Url : http://localhost/lab/uteach/chapter/public/img/chapters/711px-PHP-logo.svg.png
Action : Action not found
Value : publicAction in ChapterController
Date : 07/17/2018 08:19:02 pm
-------------------------------------------------------
IP + Date : ::1 - July 17, 2018, 8:19 pm
-----------------
Url : http://localhost/lab/uteach/chapter/public/img/chapters/711px-PHP-logo.svg.png
Action : Action not found
Value : publicAction in ChapterController
Date : 07/17/2018 08:19:10 pm
-------------------------------------------------------
IP + Date : ::1 - July 17, 2018, 8:19 pm
-----------------
Url : http://localhost/lab/uteach/chapter/public/img/chapters/711px-PHP-logo.svg.png
Action : Action not found
Value : publicAction in ChapterController
Date : 07/17/2018 08:19:19 pm
-------------------------------------------------------
IP + Date : ::1 - July 17, 2018, 8:19 pm
-----------------
Url : http://localhost/lab/uteach/chapter/public/img/chapters/711px-PHP-logo.svg.png
Action : Action not found
Value : publicAction in ChapterController
Date : 07/17/2018 08:19:29 pm
-------------------------------------------------------
IP + Date : ::1 - July 17, 2018, 8:19 pm
-----------------
Url : http://localhost/lab/uteach/index/public/img/chapters/711px-PHP-logo.svg.png
Action : Action not found
Value : publicAction in IndexController
Date : 07/17/2018 08:19:32 pm
-------------------------------------------------------
IP + Date : ::1 - July 17, 2018, 8:19 pm
-----------------
Url : http://localhost/lab/uteach/index/public/img/trainnings/711px-PHP-logo.svg.png
Action : Action not found
Value : publicAction in IndexController
Date : 07/17/2018 08:19:32 pm
-------------------------------------------------------
IP + Date : ::1 - July 17, 2018, 8:19 pm
-----------------
Url : http://localhost/lab/uteach/index/public/img/chapters/711px-PHP-logo.svg.png
Action : Action not found
Value : publicAction in IndexController
Date : 07/17/2018 08:19:35 pm
-------------------------------------------------------
IP + Date : ::1 - July 17, 2018, 8:30 pm
-----------------
Url : http://localhost/lab/uteach/chapter/public/img/chapters/711px-PHP-logo.svg.png
Action : Action not found
Value : publicAction in ChapterController
Date : 07/17/2018 08:30:03 pm
-------------------------------------------------------
IP + Date : ::1 - July 17, 2018, 8:30 pm
-----------------
Url : http://localhost/lab/uteach/chapter/public/img/chapters/711px-PHP-logo.svg.png
Action : Action not found
Value : publicAction in ChapterController
Date : 07/17/2018 08:30:08 pm
-------------------------------------------------------
IP + Date : ::1 - July 17, 2018, 8:30 pm
-----------------
Url : http://localhost/lab/uteach/chapter/public/img/chapters/711px-PHP-logo.svg.png
Action : Action not found
Value : publicAction in ChapterController
Date : 07/17/2018 08:30:13 pm
-------------------------------------------------------
IP + Date : ::1 - July 17, 2018, 8:30 pm
-----------------
Url : http://localhost/lab/uteach/chapter/public/img/chapters/711px-PHP-logo.svg.png
Action : Action not found
Value : publicAction in ChapterController
Date : 07/17/2018 08:30:14 pm
-------------------------------------------------------
IP + Date : ::1 - July 17, 2018, 8:30 pm
-----------------
Url : http://localhost/lab/uteach/chapter/public/img/chapters/711px-PHP-logo.svg.png
Action : Action not found
Value : publicAction in ChapterController
Date : 07/17/2018 08:30:51 pm
-------------------------------------------------------
IP + Date : ::1 - July 17, 2018, 8:30 pm
-----------------
Url : http://localhost/lab/uteach/chapter/public/img/chapters/711px-PHP-logo.svg.png
Action : Action not found
Value : publicAction in ChapterController
Date : 07/17/2018 08:30:56 pm
-------------------------------------------------------
IP + Date : ::1 - July 17, 2018, 8:32 pm
-----------------
Url : http://localhost/lab/uteach/chapter/public/img/chapters/711px-PHP-logo.svg.png
Action : Action not found
Value : publicAction in ChapterController
Date : 07/17/2018 08:32:16 pm
-------------------------------------------------------
IP + Date : ::1 - July 17, 2018, 8:32 pm
-----------------
Url : http://localhost/lab/uteach/chapter/public/img/chapters/711px-PHP-logo.svg.png
Action : Action not found
Value : publicAction in ChapterController
Date : 07/17/2018 08:32:27 pm
-------------------------------------------------------
IP + Date : ::1 - July 17, 2018, 8:33 pm
-----------------
Url : http://localhost/lab/uteach/index/public/img/chapters/711px-PHP-logo.svg.png
Action : Action not found
Value : publicAction in IndexController
Date : 07/17/2018 08:33:08 pm
-------------------------------------------------------
IP + Date : ::1 - July 17, 2018, 8:33 pm
-----------------
Url : http://localhost/lab/uteach/index/public/img/trainnings/711px-PHP-logo.svg.png
Action : Action not found
Value : publicAction in IndexController
Date : 07/17/2018 08:33:08 pm
-------------------------------------------------------
IP + Date : ::1 - July 17, 2018, 8:33 pm
-----------------
Url : http://localhost/lab/uteach/index/public/img/chapters/711px-PHP-logo.svg.png
Action : Action not found
Value : publicAction in IndexController
Date : 07/17/2018 08:33:11 pm
-------------------------------------------------------
IP + Date : ::1 - July 17, 2018, 8:33 pm
-----------------
Url : http://localhost/lab/uteach/index/public/img/chapters/711px-PHP-logo.svg.png
Action : Action not found
Value : publicAction in IndexController
Date : 07/17/2018 08:33:22 pm
-------------------------------------------------------
IP + Date : ::1 - July 17, 2018, 8:33 pm
-----------------
Url : http://localhost/lab/uteach/index/public/img/trainnings/711px-PHP-logo.svg.png
Action : Action not found
Value : publicAction in IndexController
Date : 07/17/2018 08:33:22 pm
-------------------------------------------------------
IP + Date : ::1 - July 17, 2018, 8:33 pm
-----------------
Url : http://localhost/lab/uteach/index/public/img/chapters/711px-PHP-logo.svg.png
Action : Action not found
Value : publicAction in IndexController
Date : 07/17/2018 08:33:31 pm
-------------------------------------------------------
IP + Date : ::1 - July 17, 2018, 8:33 pm
-----------------
Url : http://localhost/lab/uteach/index/public/img/trainnings/711px-PHP-logo.svg.png
Action : Action not found
Value : publicAction in IndexController
Date : 07/17/2018 08:33:31 pm
-------------------------------------------------------
IP + Date : ::1 - July 17, 2018, 8:36 pm
-----------------
Url : http://localhost/lab/uteach/trainning/public/img/trainnings/711px-PHP-logo.svg.png
Action : Action not found
Value : publicAction in TrainningController
Date : 07/17/2018 08:36:32 pm
-------------------------------------------------------
IP + Date : ::1 - July 17, 2018, 8:38 pm
-----------------
Url : http://localhost/lab/uteach/chapter/public/img/chapters/711px-PHP-logo.svg.png
Action : Action not found
Value : publicAction in ChapterController
Date : 07/17/2018 08:38:37 pm
-------------------------------------------------------
IP + Date : ::1 - July 17, 2018, 8:38 pm
-----------------
Url : http://localhost/lab/uteach/chapter/public/img/chapters/711px-PHP-logo.svg.png
Action : Action not found
Value : publicAction in ChapterController
Date : 07/17/2018 08:38:40 pm
-------------------------------------------------------
IP + Date : ::1 - July 17, 2018, 8:38 pm
-----------------
Url : http://localhost/lab/uteach/chapter/public/img/chapters/711px-PHP-logo.svg.png
Action : Action not found
Value : publicAction in ChapterController
Date : 07/17/2018 08:38:54 pm
-------------------------------------------------------
IP + Date : ::1 - July 17, 2018, 8:39 pm
-----------------
Url : http://localhost/lab/uteach/chapter/public/img/chapters/711px-PHP-logo.svg.png
Action : Action not found
Value : publicAction in ChapterController
Date : 07/17/2018 08:39:47 pm
-------------------------------------------------------
IP + Date : ::1 - July 17, 2018, 8:41 pm
-----------------
Url : http://localhost/lab/uteach/chapter/public/img/chapters/711px-PHP-logo.svg.png
Action : Action not found
Value : publicAction in ChapterController
Date : 07/17/2018 08:41:45 pm
-------------------------------------------------------
IP + Date : ::1 - July 17, 2018, 8:47 pm
-----------------
Url : http://localhost/lab/uteach/premium
Action : Action not found
Value : indexAction in PremiumController
Date : 07/17/2018 08:47:31 pm
-------------------------------------------------------
