IP + Date : ::1 - May 3, 2018, 9:07 pm
-----------------
Url : http://localhost/lab/uteach/user/add
Action : Send email
Value : Invalid address:  (to): 
Date : 05/03/2018 09:07:37 pm
-------------------------------------------------------
IP + Date : ::1 - May 3, 2018, 9:07 pm
-----------------
Url : http://localhost/lab/uteach/user/add
Action : Send email
Value : Invalid address:  (to): 
Date : 05/03/2018 09:07:50 pm
-------------------------------------------------------
IP + Date : ::1 - May 3, 2018, 9:09 pm
-----------------
Url : http://localhost/lab/uteach/user/add
Action : Send email
Value : Invalid address:  (to): 
Date : 05/03/2018 09:09:23 pm
-------------------------------------------------------
